<?xml version="1.0" encoding="UTF-8"?>
<coverage generated="1750203165799" clover="3.2.0">
  <project timestamp="1750203165799" name="All files">
    <metrics statements="534" coveredstatements="280" conditionals="293" coveredconditionals="125" methods="28" coveredmethods="15" elements="855" coveredelements="420" complexity="0" loc="534" ncloc="534" packages="1" files="1" classes="1"/>
    <file name="compile.js" path="/Users/danawunderlich/MyProjects/MahjonggTools/tile-dealer/mtl-compiler/compile.js">
      <metrics statements="534" coveredstatements="280" conditionals="293" coveredconditionals="125" methods="28" coveredmethods="15"/>
      <line num="1" count="1" type="stmt"/>
      <line num="2" count="1" type="stmt"/>
      <line num="6" count="5" type="stmt"/>
      <line num="7" count="5" type="stmt"/>
      <line num="8" count="5" type="stmt"/>
      <line num="12" count="5" type="stmt"/>
      <line num="13" count="643" type="stmt"/>
      <line num="16" count="643" type="cond" truecount="2" falsecount="0"/>
      <line num="17" count="216" type="stmt"/>
      <line num="18" count="216" type="cond" truecount="2" falsecount="0"/>
      <line num="19" count="840" type="stmt"/>
      <line num="20" count="840" type="stmt"/>
      <line num="22" count="216" type="stmt"/>
      <line num="23" count="216" type="stmt"/>
      <line num="27" count="427" type="cond" truecount="2" falsecount="2"/>
      <line num="29" count="0" type="stmt"/>
      <line num="30" count="0" type="stmt"/>
      <line num="31" count="0" type="cond" truecount="0" falsecount="2"/>
      <line num="32" count="0" type="stmt"/>
      <line num="33" count="0" type="stmt"/>
      <line num="35" count="0" type="stmt"/>
      <line num="36" count="0" type="stmt"/>
      <line num="40" count="427" type="cond" truecount="2" falsecount="0"/>
      <line num="41" count="26" type="stmt"/>
      <line num="42" count="26" type="stmt"/>
      <line num="43" count="26" type="cond" truecount="2" falsecount="0"/>
      <line num="44" count="572" type="stmt"/>
      <line num="45" count="572" type="stmt"/>
      <line num="47" count="26" type="stmt"/>
      <line num="48" count="26" type="stmt"/>
      <line num="49" count="26" type="stmt"/>
      <line num="53" count="401" type="stmt"/>
      <line num="67" count="401" type="cond" truecount="2" falsecount="0"/>
      <line num="68" count="205" type="stmt"/>
      <line num="69" count="205" type="stmt"/>
      <line num="70" count="205" type="stmt"/>
      <line num="74" count="196" type="cond" truecount="2" falsecount="0"/>
      <line num="75" count="17" type="stmt"/>
      <line num="76" count="17" type="cond" truecount="2" falsecount="0"/>
      <line num="77" count="17" type="stmt"/>
      <line num="78" count="17" type="stmt"/>
      <line num="80" count="17" type="stmt"/>
      <line num="81" count="17" type="stmt"/>
      <line num="85" count="179" type="cond" truecount="2" falsecount="0"/>
      <line num="86" count="173" type="stmt"/>
      <line num="87" count="173" type="cond" truecount="2" falsecount="0"/>
      <line num="88" count="672" type="stmt"/>
      <line num="89" count="672" type="stmt"/>
      <line num="93" count="173" type="stmt"/>
      <line num="94" count="173" type="stmt"/>
      <line num="108" count="173" type="stmt"/>
      <line num="109" count="173" type="cond" truecount="2" falsecount="0"/>
      <line num="110" count="63" type="stmt"/>
      <line num="111" count="63" type="stmt"/>
      <line num="112" count="63" type="stmt"/>
      <line num="114" count="110" type="stmt"/>
      <line num="115" count="110" type="stmt"/>
      <line num="116" count="110" type="stmt"/>
      <line num="118" count="173" type="stmt"/>
      <line num="121" count="0" type="cond" truecount="0" falsecount="2"/>
      <line num="122" count="0" type="stmt"/>
      <line num="124" count="0" type="stmt"/>
      <line num="126" count="0" type="stmt"/>
      <line num="130" count="6" type="cond" truecount="1" falsecount="1"/>
      <line num="131" count="0" type="stmt"/>
      <line num="132" count="0" type="cond" truecount="0" falsecount="2"/>
      <line num="133" count="0" type="stmt"/>
      <line num="134" count="0" type="stmt"/>
      <line num="138" count="0" type="cond" truecount="0" falsecount="2"/>
      <line num="139" count="0" type="stmt"/>
      <line num="141" count="0" type="stmt"/>
      <line num="143" count="0" type="stmt"/>
      <line num="147" count="6" type="cond" truecount="1" falsecount="1"/>
      <line num="148" count="0" type="stmt"/>
      <line num="149" count="0" type="stmt"/>
      <line num="150" count="0" type="cond" truecount="0" falsecount="2"/>
      <line num="151" count="0" type="stmt"/>
      <line num="152" count="0" type="stmt"/>
      <line num="154" count="0" type="cond" truecount="0" falsecount="2"/>
      <line num="155" count="0" type="stmt"/>
      <line num="157" count="0" type="stmt"/>
      <line num="158" count="0" type="stmt"/>
      <line num="159" count="0" type="stmt"/>
      <line num="163" count="6" type="cond" truecount="1" falsecount="1"/>
      <line num="164" count="0" type="stmt"/>
      <line num="165" count="0" type="cond" truecount="0" falsecount="2"/>
      <line num="166" count="0" type="stmt"/>
      <line num="167" count="0" type="stmt"/>
      <line num="169" count="0" type="stmt"/>
      <line num="170" count="0" type="stmt"/>
      <line num="174" count="6" type="cond" truecount="2" falsecount="2"/>
      <line num="175" count="0" type="cond" truecount="0" falsecount="2"/>
      <line num="176" count="0" type="stmt"/>
      <line num="178" count="0" type="stmt"/>
      <line num="182" count="6" type="cond" truecount="2" falsecount="2"/>
      <line num="183" count="0" type="stmt"/>
      <line num="184" count="0" type="stmt"/>
      <line num="185" count="0" type="stmt"/>
      <line num="189" count="6" type="cond" truecount="1" falsecount="1"/>
      <line num="190" count="0" type="stmt"/>
      <line num="191" count="0" type="stmt"/>
      <line num="192" count="0" type="stmt"/>
      <line num="195" count="6" type="stmt"/>
      <line num="198" count="5" type="stmt"/>
      <line num="204" count="5" type="stmt"/>
      <line num="205" count="5" type="stmt"/>
      <line num="206" count="5" type="stmt"/>
      <line num="207" count="5" type="stmt"/>
      <line num="208" count="5" type="stmt"/>
      <line num="212" count="965" type="stmt"/>
      <line num="216" count="61" type="stmt"/>
      <line num="218" count="61" type="cond" truecount="1" falsecount="1"/>
      <line num="219" count="0" type="stmt"/>
      <line num="222" count="61" type="stmt"/>
      <line num="223" count="61" type="cond" truecount="1" falsecount="1"/>
      <line num="224" count="0" type="stmt"/>
      <line num="227" count="61" type="stmt"/>
      <line num="228" count="61" type="stmt"/>
      <line num="229" count="61" type="stmt"/>
      <line num="233" count="276" type="stmt"/>
      <line num="234" count="363" type="stmt"/>
      <line num="235" count="363" type="cond" truecount="4" falsecount="0"/>
      <line num="236" count="276" type="stmt"/>
      <line num="238" count="87" type="stmt"/>
      <line num="243" count="5" type="stmt"/>
      <line num="245" count="5" type="stmt"/>
      <line num="248" count="5" type="stmt"/>
      <line num="249" count="5" type="cond" truecount="3" falsecount="1"/>
      <line num="250" count="0" type="stmt"/>
      <line num="252" count="5" type="stmt"/>
      <line num="255" count="5" type="stmt"/>
      <line num="256" count="5" type="stmt"/>
      <line num="259" count="5" type="stmt"/>
      <line num="262" count="5" type="stmt"/>
      <line num="263" count="5" type="stmt"/>
      <line num="266" count="5" type="stmt"/>
      <line num="267" count="31" type="stmt"/>
      <line num="270" count="31" type="cond" truecount="2" falsecount="0"/>
      <line num="271" count="5" type="stmt"/>
      <line num="272" count="5" type="stmt"/>
      <line num="276" count="26" type="cond" truecount="2" falsecount="2"/>
      <line num="277" count="26" type="stmt"/>
      <line num="278" count="26" type="stmt"/>
      <line num="281" count="26" type="stmt"/>
      <line num="282" count="26" type="stmt"/>
      <line num="285" count="26" type="stmt"/>
      <line num="288" count="26" type="stmt"/>
      <line num="289" count="26" type="cond" truecount="1" falsecount="1"/>
      <line num="290" count="0" type="stmt"/>
      <line num="294" count="26" type="stmt"/>
      <line num="295" count="26" type="cond" truecount="4" falsecount="3"/>
      <line num="298" count="0" type="stmt"/>
      <line num="301" count="26" type="stmt"/>
      <line num="302" count="26" type="stmt"/>
      <line num="305" count="26" type="stmt"/>
      <line num="306" count="26" type="stmt"/>
      <line num="307" count="26" type="cond" truecount="2" falsecount="0"/>
      <line num="308" count="21" type="stmt"/>
      <line num="309" count="5" type="cond" truecount="1" falsecount="1"/>
      <line num="310" count="0" type="stmt"/>
      <line num="313" count="0" type="stmt"/>
      <line num="316" count="26" type="stmt"/>
      <line num="320" count="5" type="stmt"/>
      <line num="321" count="5" type="stmt"/>
      <line num="322" count="5" type="cond" truecount="3" falsecount="1"/>
      <line num="323" count="0" type="stmt"/>
      <line num="327" count="5" type="stmt"/>
      <line num="328" count="5" type="stmt"/>
      <line num="329" count="5" type="cond" truecount="1" falsecount="1"/>
      <line num="330" count="5" type="stmt"/>
      <line num="334" count="5" type="stmt"/>
      <line num="342" count="5" type="stmt"/>
      <line num="343" count="5" type="stmt"/>
      <line num="344" count="108" type="stmt"/>
      <line num="345" count="108" type="stmt"/>
      <line num="347" count="108" type="cond" truecount="2" falsecount="0"/>
      <line num="348" count="5" type="stmt"/>
      <line num="349" count="5" type="stmt"/>
      <line num="350" count="5" type="stmt"/>
      <line num="351" count="5" type="stmt"/>
      <line num="354" count="5" type="cond" truecount="1" falsecount="1"/>
      <line num="355" count="5" type="stmt"/>
      <line num="357" count="103" type="cond" truecount="3" falsecount="1"/>
      <line num="358" count="0" type="stmt"/>
      <line num="360" count="0" type="stmt"/>
      <line num="361" count="0" type="stmt"/>
      <line num="362" count="0" type="stmt"/>
      <line num="365" count="0" type="stmt"/>
      <line num="366" count="0" type="stmt"/>
      <line num="367" count="0" type="cond" truecount="0" falsecount="2"/>
      <line num="368" count="0" type="stmt"/>
      <line num="369" count="0" type="stmt"/>
      <line num="370" count="0" type="cond" truecount="0" falsecount="2"/>
      <line num="371" count="0" type="stmt"/>
      <line num="374" count="0" type="stmt"/>
      <line num="377" count="0" type="stmt"/>
      <line num="380" count="0" type="stmt"/>
      <line num="384" count="103" type="cond" truecount="2" falsecount="0"/>
      <line num="386" count="17" type="stmt"/>
      <line num="387" count="17" type="stmt"/>
      <line num="389" count="17" type="cond" truecount="1" falsecount="1"/>
      <line num="390" count="0" type="stmt"/>
      <line num="391" count="0" type="stmt"/>
      <line num="392" count="0" type="cond" truecount="0" falsecount="2"/>
      <line num="393" count="0" type="stmt"/>
      <line num="398" count="0" type="stmt"/>
      <line num="402" count="86" type="stmt"/>
      <line num="406" count="5" type="stmt"/>
      <line num="407" count="5" type="stmt"/>
      <line num="408" count="5" type="stmt"/>
      <line num="410" count="5" type="stmt"/>
      <line num="414" count="0" type="stmt"/>
      <line num="415" count="0" type="stmt"/>
      <line num="416" count="0" type="stmt"/>
      <line num="418" count="0" type="stmt"/>
      <line num="419" count="0" type="cond" truecount="0" falsecount="2"/>
      <line num="420" count="0" type="cond" truecount="0" falsecount="2"/>
      <line num="421" count="0" type="stmt"/>
      <line num="422" count="0" type="cond" truecount="0" falsecount="2"/>
      <line num="423" count="0" type="stmt"/>
      <line num="424" count="0" type="cond" truecount="0" falsecount="2"/>
      <line num="425" count="0" type="stmt"/>
      <line num="427" count="0" type="stmt"/>
      <line num="430" count="0" type="stmt"/>
      <line num="431" count="0" type="cond" truecount="0" falsecount="2"/>
      <line num="432" count="0" type="stmt"/>
      <line num="433" count="0" type="stmt"/>
      <line num="437" count="0" type="stmt"/>
      <line num="439" count="0" type="stmt"/>
      <line num="449" count="5" type="stmt"/>
      <line num="452" count="5" type="stmt"/>
      <line num="453" count="5" type="stmt"/>
      <line num="454" count="5" type="cond" truecount="1" falsecount="1"/>
      <line num="455" count="0" type="stmt"/>
      <line num="456" count="0" type="stmt"/>
      <line num="457" count="0" type="stmt"/>
      <line num="460" count="5" type="stmt"/>
      <line num="470" count="0" type="stmt"/>
      <line num="471" count="0" type="stmt"/>
      <line num="472" count="0" type="stmt"/>
      <line num="473" count="0" type="stmt"/>
      <line num="474" count="0" type="stmt"/>
      <line num="476" count="0" type="stmt"/>
      <line num="486" count="5" type="stmt"/>
      <line num="487" count="5" type="stmt"/>
      <line num="488" count="5" type="stmt"/>
      <line num="491" count="5" type="stmt"/>
      <line num="494" count="5" type="cond" truecount="1" falsecount="1"/>
      <line num="495" count="0" type="stmt"/>
      <line num="496" count="0" type="stmt"/>
      <line num="497" count="0" type="stmt"/>
      <line num="501" count="5" type="stmt"/>
      <line num="502" count="293" type="stmt"/>
      <line num="505" count="293" type="cond" truecount="1" falsecount="1"/>
      <line num="506" count="0" type="cond" truecount="0" falsecount="2"/>
      <line num="507" count="0" type="stmt"/>
      <line num="508" count="0" type="cond" truecount="0" falsecount="2"/>
      <line num="509" count="0" type="stmt"/>
      <line num="510" count="0" type="cond" truecount="0" falsecount="2"/>
      <line num="511" count="0" type="stmt"/>
      <line num="512" count="0" type="stmt"/>
      <line num="517" count="293" type="cond" truecount="5" falsecount="1"/>
      <line num="518" count="0" type="stmt"/>
      <line num="521" count="293" type="stmt"/>
      <line num="522" count="293" type="stmt"/>
      <line num="526" count="5" type="cond" truecount="3" falsecount="1"/>
      <line num="527" count="0" type="stmt"/>
      <line num="530" count="5" type="stmt"/>
      <line num="533" count="5" type="stmt"/>
      <line num="534" count="5" type="stmt"/>
      <line num="537" count="5" type="cond" truecount="3" falsecount="1"/>
      <line num="538" count="5" type="cond" truecount="1" falsecount="1"/>
      <line num="539" count="5" type="stmt"/>
      <line num="541" count="5" type="stmt"/>
      <line num="542" count="5" type="stmt"/>
      <line num="545" count="5" type="stmt"/>
      <line num="552" count="0" type="stmt"/>
      <line num="554" count="0" type="stmt"/>
      <line num="562" count="5" type="stmt"/>
      <line num="563" count="5" type="stmt"/>
      <line num="564" count="5" type="stmt"/>
      <line num="567" count="5" type="stmt"/>
      <line num="568" count="266" type="stmt"/>
      <line num="569" count="266" type="stmt"/>
      <line num="572" count="266" type="cond" truecount="2" falsecount="0"/>
      <line num="575" count="266" type="cond" truecount="4" falsecount="0"/>
      <line num="579" count="266" type="cond" truecount="2" falsecount="0"/>
      <line num="580" count="6" type="stmt"/>
      <line num="582" count="6" type="stmt"/>
      <line num="583" count="6" type="stmt"/>
      <line num="584" count="6" type="stmt"/>
      <line num="587" count="6" type="stmt"/>
      <line num="588" count="6" type="stmt"/>
      <line num="591" count="6" type="stmt"/>
      <line num="592" count="6" type="stmt"/>
      <line num="593" count="27" type="stmt"/>
      <line num="594" count="27" type="stmt"/>
      <line num="596" count="27" type="cond" truecount="1" falsecount="1"/>
      <line num="597" count="0" type="stmt"/>
      <line num="598" count="0" type="stmt"/>
      <line num="599" count="0" type="stmt"/>
      <line num="600" count="27" type="cond" truecount="2" falsecount="0"/>
      <line num="601" count="6" type="stmt"/>
      <line num="602" count="6" type="cond" truecount="1" falsecount="1"/>
      <line num="604" count="6" type="stmt"/>
      <line num="605" count="6" type="cond" truecount="1" falsecount="1"/>
      <line num="606" count="6" type="stmt"/>
      <line num="608" count="6" type="stmt"/>
      <line num="610" count="0" type="stmt"/>
      <line num="611" count="0" type="stmt"/>
      <line num="612" count="0" type="stmt"/>
      <line num="614" count="21" type="cond" truecount="4" falsecount="0"/>
      <line num="616" count="5" type="stmt"/>
      <line num="617" count="5" type="cond" truecount="1" falsecount="1"/>
      <line num="618" count="5" type="stmt"/>
      <line num="619" count="5" type="stmt"/>
      <line num="621" count="16" type="cond" truecount="4" falsecount="0"/>
      <line num="622" count="11" type="stmt"/>
      <line num="623" count="11" type="stmt"/>
      <line num="625" count="5" type="stmt"/>
      <line num="628" count="21" type="stmt"/>
      <line num="632" count="6" type="stmt"/>
      <line num="637" count="6" type="stmt"/>
      <line num="640" count="6" type="stmt"/>
      <line num="643" count="6" type="cond" truecount="1" falsecount="1"/>
      <line num="644" count="6" type="stmt"/>
      <line num="646" count="6" type="stmt"/>
      <line num="648" count="6" type="stmt"/>
      <line num="652" count="6" type="stmt"/>
      <line num="657" count="5" type="cond" truecount="1" falsecount="1"/>
      <line num="658" count="0" type="stmt"/>
      <line num="661" count="5" type="stmt"/>
      <line num="665" count="0" type="stmt"/>
      <line num="668" count="0" type="cond" truecount="0" falsecount="2"/>
      <line num="669" count="0" type="stmt"/>
      <line num="673" count="0" type="cond" truecount="0" falsecount="2"/>
      <line num="674" count="0" type="stmt"/>
      <line num="678" count="0" type="stmt"/>
      <line num="679" count="0" type="stmt"/>
      <line num="681" count="0" type="stmt"/>
      <line num="682" count="0" type="stmt"/>
      <line num="684" count="0" type="cond" truecount="0" falsecount="2"/>
      <line num="685" count="0" type="cond" truecount="0" falsecount="2"/>
      <line num="686" count="0" type="stmt"/>
      <line num="687" count="0" type="stmt"/>
      <line num="689" count="0" type="stmt"/>
      <line num="691" count="0" type="cond" truecount="0" falsecount="2"/>
      <line num="692" count="0" type="stmt"/>
      <line num="696" count="0" type="cond" truecount="0" falsecount="2"/>
      <line num="697" count="0" type="stmt"/>
      <line num="698" count="0" type="stmt"/>
      <line num="700" count="0" type="cond" truecount="0" falsecount="2"/>
      <line num="702" count="0" type="stmt"/>
      <line num="703" count="0" type="stmt"/>
      <line num="704" count="0" type="cond" truecount="0" falsecount="2"/>
      <line num="705" count="0" type="stmt"/>
      <line num="710" count="0" type="stmt"/>
      <line num="712" count="0" type="cond" truecount="0" falsecount="5"/>
      <line num="714" count="0" type="stmt"/>
      <line num="715" count="0" type="stmt"/>
      <line num="717" count="0" type="cond" truecount="0" falsecount="5"/>
      <line num="719" count="0" type="stmt"/>
      <line num="721" count="0" type="stmt"/>
      <line num="725" count="0" type="stmt"/>
      <line num="729" count="0" type="stmt"/>
      <line num="730" count="0" type="stmt"/>
      <line num="732" count="0" type="stmt"/>
      <line num="733" count="0" type="stmt"/>
      <line num="734" count="0" type="stmt"/>
      <line num="736" count="0" type="stmt"/>
      <line num="737" count="0" type="cond" truecount="0" falsecount="2"/>
      <line num="738" count="0" type="stmt"/>
      <line num="739" count="0" type="cond" truecount="0" falsecount="5"/>
      <line num="740" count="0" type="stmt"/>
      <line num="744" count="0" type="stmt"/>
      <line num="746" count="0" type="stmt"/>
      <line num="747" count="0" type="cond" truecount="0" falsecount="2"/>
      <line num="748" count="0" type="stmt"/>
      <line num="749" count="0" type="stmt"/>
      <line num="752" count="0" type="stmt"/>
      <line num="756" count="0" type="stmt"/>
      <line num="758" count="0" type="stmt"/>
      <line num="767" count="0" type="stmt"/>
      <line num="768" count="0" type="stmt"/>
      <line num="776" count="0" type="stmt"/>
      <line num="777" count="0" type="stmt"/>
      <line num="778" count="0" type="cond" truecount="0" falsecount="2"/>
      <line num="779" count="0" type="stmt"/>
      <line num="780" count="0" type="stmt"/>
      <line num="786" count="0" type="stmt"/>
      <line num="791" count="5" type="stmt"/>
      <line num="792" count="5" type="stmt"/>
      <line num="793" count="5" type="stmt"/>
      <line num="796" count="5" type="stmt"/>
      <line num="799" count="5" type="cond" truecount="1" falsecount="1"/>
      <line num="800" count="5" type="stmt"/>
      <line num="801" count="5" type="stmt"/>
      <line num="803" count="0" type="stmt"/>
      <line num="806" count="5" type="stmt"/>
      <line num="807" count="5" type="stmt"/>
      <line num="808" count="5" type="stmt"/>
      <line num="809" count="5" type="stmt"/>
      <line num="811" count="5" type="stmt"/>
      <line num="812" count="5" type="stmt"/>
      <line num="817" count="5" type="cond" truecount="2" falsecount="2"/>
      <line num="818" count="0" type="stmt"/>
      <line num="821" count="5" type="cond" truecount="3" falsecount="1"/>
      <line num="822" count="5" type="stmt"/>
      <line num="825" count="0" type="cond" truecount="0" falsecount="2"/>
      <line num="826" count="0" type="stmt"/>
      <line num="828" count="0" type="stmt"/>
      <line num="832" count="5" type="stmt"/>
      <line num="833" count="5" type="stmt"/>
      <line num="836" count="5" type="cond" truecount="1" falsecount="1"/>
      <line num="839" count="5" type="cond" truecount="3" falsecount="1"/>
      <line num="840" count="5" type="stmt"/>
      <line num="842" count="5" type="cond" truecount="1" falsecount="1"/>
      <line num="843" count="0" type="stmt"/>
      <line num="845" count="5" type="stmt"/>
      <line num="846" count="5" type="stmt"/>
      <line num="848" count="0" type="stmt"/>
      <line num="849" count="0" type="stmt"/>
      <line num="852" count="5" type="stmt"/>
      <line num="858" count="5" type="stmt"/>
      <line num="859" count="5" type="stmt"/>
      <line num="864" count="0" type="cond" truecount="0" falsecount="2"/>
      <line num="865" count="0" type="stmt"/>
      <line num="867" count="0" type="stmt"/>
      <line num="868" count="0" type="stmt"/>
      <line num="869" count="0" type="stmt"/>
      <line num="870" count="0" type="stmt"/>
      <line num="872" count="0" type="stmt"/>
      <line num="873" count="0" type="stmt"/>
      <line num="877" count="0" type="stmt"/>
      <line num="882" count="5" type="cond" truecount="3" falsecount="1"/>
      <line num="883" count="5" type="stmt"/>
      <line num="887" count="0" type="cond" truecount="0" falsecount="2"/>
      <line num="888" count="0" type="cond" truecount="0" falsecount="2"/>
      <line num="890" count="0" type="stmt"/>
      <line num="892" count="0" type="cond" truecount="0" falsecount="5"/>
      <line num="893" count="0" type="stmt"/>
      <line num="894" count="0" type="cond" truecount="0" falsecount="5"/>
      <line num="895" count="0" type="stmt"/>
      <line num="896" count="0" type="cond" truecount="0" falsecount="5"/>
      <line num="897" count="0" type="stmt"/>
      <line num="898" count="0" type="cond" truecount="0" falsecount="4"/>
      <line num="899" count="0" type="stmt"/>
      <line num="901" count="0" type="stmt"/>
      <line num="904" count="0" type="stmt"/>
      <line num="909" count="5" type="stmt"/>
      <line num="910" count="6" type="stmt"/>
      <line num="913" count="6" type="cond" truecount="1" falsecount="1"/>
      <line num="914" count="6" type="cond" truecount="1" falsecount="1"/>
      <line num="915" count="6" type="stmt"/>
      <line num="917" count="6" type="stmt"/>
      <line num="920" count="6" type="stmt"/>
      <line num="921" count="6" type="cond" truecount="1" falsecount="1"/>
      <line num="922" count="6" type="cond" truecount="1" falsecount="1"/>
      <line num="923" count="6" type="cond" truecount="1" falsecount="1"/>
      <line num="925" count="6" type="cond" truecount="1" falsecount="1"/>
      <line num="926" count="6" type="stmt"/>
      <line num="929" count="6" type="stmt"/>
      <line num="936" count="6" type="stmt"/>
      <line num="937" count="0" type="cond" truecount="0" falsecount="2"/>
      <line num="938" count="0" type="stmt"/>
      <line num="940" count="0" type="stmt"/>
      <line num="941" count="0" type="cond" truecount="0" falsecount="2"/>
      <line num="942" count="0" type="stmt"/>
      <line num="944" count="0" type="stmt"/>
      <line num="945" count="0" type="cond" truecount="0" falsecount="2"/>
      <line num="946" count="0" type="stmt"/>
      <line num="948" count="0" type="stmt"/>
      <line num="954" count="5" type="cond" truecount="1" falsecount="1"/>
      <line num="955" count="0" type="stmt"/>
      <line num="962" count="5" type="stmt"/>
      <line num="966" count="0" type="stmt"/>
      <line num="968" count="0" type="stmt"/>
      <line num="970" count="0" type="stmt"/>
      <line num="971" count="0" type="stmt"/>
      <line num="972" count="0" type="stmt"/>
      <line num="974" count="0" type="stmt"/>
      <line num="976" count="0" type="stmt"/>
      <line num="991" count="0" type="stmt"/>
      <line num="996" count="0" type="stmt"/>
      <line num="1001" count="0" type="stmt"/>
      <line num="1003" count="0" type="stmt"/>
      <line num="1005" count="0" type="stmt"/>
      <line num="1006" count="0" type="stmt"/>
      <line num="1007" count="0" type="stmt"/>
      <line num="1010" count="0" type="stmt"/>
      <line num="1012" count="0" type="stmt"/>
      <line num="1027" count="0" type="stmt"/>
      <line num="1032" count="0" type="stmt"/>
      <line num="1037" count="0" type="stmt"/>
      <line num="1038" count="0" type="stmt"/>
      <line num="1041" count="0" type="stmt"/>
      <line num="1043" count="0" type="stmt"/>
      <line num="1057" count="0" type="stmt"/>
      <line num="1061" count="0" type="stmt"/>
      <line num="1067" count="0" type="stmt"/>
      <line num="1069" count="0" type="stmt"/>
      <line num="1071" count="0" type="stmt"/>
      <line num="1075" count="0" type="stmt"/>
      <line num="1085" count="5" type="stmt"/>
      <line num="1086" count="5" type="stmt"/>
      <line num="1089" count="5" type="stmt"/>
      <line num="1090" count="5" type="stmt"/>
      <line num="1093" count="5" type="stmt"/>
      <line num="1094" count="5" type="stmt"/>
      <line num="1095" count="5" type="stmt"/>
      <line num="1096" count="5" type="stmt"/>
      <line num="1099" count="5" type="stmt"/>
      <line num="1100" count="5" type="stmt"/>
      <line num="1101" count="5" type="stmt"/>
      <line num="1102" count="5" type="stmt"/>
      <line num="1105" count="5" type="stmt"/>
      <line num="1106" count="5" type="stmt"/>
      <line num="1107" count="5" type="stmt"/>
      <line num="1108" count="5" type="stmt"/>
      <line num="1111" count="5" type="stmt"/>
      <line num="1125" count="5" type="stmt"/>
      <line num="1127" count="5" type="stmt"/>
      <line num="1128" count="5" type="stmt"/>
      <line num="1130" count="0" type="stmt"/>
      <line num="1131" count="0" type="stmt"/>
      <line num="1136" count="1" type="cond" truecount="1" falsecount="1"/>
      <line num="1137" count="0" type="stmt"/>
      <line num="1138" count="0" type="cond" truecount="0" falsecount="2"/>
      <line num="1139" count="0" type="stmt"/>
      <line num="1140" count="0" type="stmt"/>
      <line num="1143" count="0" type="stmt"/>
      <line num="1144" count="0" type="stmt"/>
      <line num="1146" count="0" type="stmt"/>
      <line num="1149" count="1" type="stmt"/>
    </file>
  </project>
</coverage>
