<?xml version="1.0" encoding="UTF-8"?>
<coverage generated="1750355773525" clover="3.2.0">
  <project timestamp="1750355773525" name="All files">
    <metrics statements="732" coveredstatements="166" conditionals="424" coveredconditionals="88" methods="31" coveredmethods="10" elements="1187" coveredelements="264" complexity="0" loc="732" ncloc="732" packages="1" files="1" classes="1"/>
    <file name="clean-compiler.js" path="/Users/danawunderlich/MyProjects/MahjonggTools/tile-dealer/mtl-compiler/clean-compiler.js">
      <metrics statements="732" coveredstatements="166" conditionals="424" coveredconditionals="88" methods="31" coveredmethods="10"/>
      <line num="1" count="1" type="stmt"/>
      <line num="2" count="1" type="stmt"/>
      <line num="6" count="5" type="stmt"/>
      <line num="7" count="5" type="stmt"/>
      <line num="8" count="5" type="stmt"/>
      <line num="9" count="5" type="stmt"/>
      <line num="10" count="5" type="stmt"/>
      <line num="11" count="5" type="stmt"/>
      <line num="15" count="5" type="stmt"/>
      <line num="34" count="5" type="stmt"/>
      <line num="36" count="5" type="stmt"/>
      <line num="37" count="5" type="stmt"/>
      <line num="38" count="5" type="stmt"/>
      <line num="39" count="5" type="stmt"/>
      <line num="42" count="5" type="stmt"/>
      <line num="43" count="2375" type="stmt"/>
      <line num="44" count="2375" type="cond" truecount="2" falsecount="0"/>
      <line num="47" count="2375" type="cond" truecount="2" falsecount="3"/>
      <line num="48" count="0" type="stmt"/>
      <line num="49" count="0" type="stmt"/>
      <line num="50" count="0" type="stmt"/>
      <line num="51" count="0" type="stmt"/>
      <line num="54" count="2375" type="cond" truecount="3" falsecount="1"/>
      <line num="55" count="0" type="stmt"/>
      <line num="56" count="0" type="stmt"/>
      <line num="57" count="0" type="stmt"/>
      <line num="60" count="2375" type="cond" truecount="1" falsecount="1"/>
      <line num="61" count="0" type="stmt"/>
      <line num="62" count="0" type="stmt"/>
      <line num="66" count="2375" type="cond" truecount="6" falsecount="0"/>
      <line num="67" count="54" type="stmt"/>
      <line num="68" count="54" type="stmt"/>
      <line num="69" count="54" type="stmt"/>
      <line num="73" count="2321" type="cond" truecount="2" falsecount="0"/>
      <line num="77" count="5" type="stmt"/>
      <line num="79" count="5" type="stmt"/>
      <line num="82" count="5" type="stmt"/>
      <line num="85" count="5" type="stmt"/>
      <line num="86" count="5" type="stmt"/>
      <line num="87" count="5" type="stmt"/>
      <line num="88" count="5" type="stmt"/>
      <line num="90" count="5" type="stmt"/>
      <line num="91" count="1285" type="stmt"/>
      <line num="94" count="1285" type="cond" truecount="2" falsecount="0"/>
      <line num="96" count="886" type="cond" truecount="3" falsecount="1"/>
      <line num="98" count="0" type="stmt"/>
      <line num="99" count="0" type="cond" truecount="0" falsecount="5"/>
      <line num="100" count="0" type="stmt"/>
      <line num="103" count="886" type="stmt"/>
      <line num="104" count="886" type="stmt"/>
      <line num="108" count="399" type="cond" truecount="2" falsecount="2"/>
      <line num="109" count="0" type="cond" truecount="0" falsecount="2"/>
      <line num="110" count="0" type="stmt"/>
      <line num="112" count="0" type="stmt"/>
      <line num="117" count="399" type="cond" truecount="4" falsecount="0"/>
      <line num="118" count="27" type="stmt"/>
      <line num="119" count="27" type="stmt"/>
      <line num="120" count="27" type="stmt"/>
      <line num="121" count="27" type="stmt"/>
      <line num="123" count="27" type="cond" truecount="2" falsecount="0"/>
      <line num="125" count="574" type="cond" truecount="2" falsecount="2"/>
      <line num="126" count="0" type="stmt"/>
      <line num="127" count="0" type="stmt"/>
      <line num="129" count="574" type="stmt"/>
      <line num="130" count="574" type="stmt"/>
      <line num="134" count="27" type="cond" truecount="1" falsecount="1"/>
      <line num="135" count="0" type="stmt"/>
      <line num="138" count="27" type="stmt"/>
      <line num="141" count="27" type="cond" truecount="1" falsecount="1"/>
      <line num="142" count="27" type="stmt"/>
      <line num="146" count="27" type="cond" truecount="1" falsecount="1"/>
      <line num="147" count="0" type="stmt"/>
      <line num="148" count="0" type="stmt"/>
      <line num="151" count="0" type="cond" truecount="0" falsecount="2"/>
      <line num="152" count="0" type="stmt"/>
      <line num="156" count="0" type="cond" truecount="0" falsecount="6"/>
      <line num="160" count="0" type="stmt"/>
      <line num="161" count="0" type="stmt"/>
      <line num="165" count="27" type="stmt"/>
      <line num="169" count="372" type="cond" truecount="2" falsecount="0"/>
      <line num="170" count="15" type="stmt"/>
      <line num="171" count="15" type="stmt"/>
      <line num="172" count="15" type="stmt"/>
      <line num="173" count="15" type="stmt"/>
      <line num="176" count="15" type="cond" truecount="4" falsecount="0"/>
      <line num="177" count="2" type="stmt"/>
      <line num="178" count="2" type="stmt"/>
      <line num="179" count="2" type="stmt"/>
      <line num="180" count="2" type="stmt"/>
      <line num="181" count="2" type="stmt"/>
      <line num="183" count="2" type="stmt"/>
      <line num="185" count="13" type="stmt"/>
      <line num="187" count="15" type="stmt"/>
      <line num="192" count="357" type="cond" truecount="2" falsecount="0"/>
      <line num="193" count="163" type="stmt"/>
      <line num="194" count="163" type="cond" truecount="2" falsecount="0"/>
      <line num="195" count="644" type="stmt"/>
      <line num="199" count="163" type="cond" truecount="2" falsecount="0"/>
      <line num="200" count="63" type="stmt"/>
      <line num="203" count="100" type="cond" truecount="1" falsecount="1"/>
      <line num="204" count="0" type="stmt"/>
      <line num="206" count="100" type="stmt"/>
      <line num="209" count="163" type="stmt"/>
      <line num="214" count="194" type="stmt"/>
      <line num="224" count="194" type="cond" truecount="2" falsecount="0"/>
      <line num="225" count="192" type="stmt"/>
      <line num="226" count="192" type="cond" truecount="2" falsecount="0"/>
      <line num="227" count="2" type="stmt"/>
      <line num="228" count="2" type="stmt"/>
      <line num="229" count="2" type="stmt"/>
      <line num="234" count="192" type="stmt"/>
      <line num="256" count="192" type="cond" truecount="1" falsecount="1"/>
      <line num="257" count="192" type="stmt"/>
      <line num="258" count="192" type="stmt"/>
      <line num="259" count="192" type="stmt"/>
      <line num="263" count="0" type="stmt"/>
      <line num="264" count="0" type="stmt"/>
      <line num="265" count="0" type="stmt"/>
      <line num="267" count="0" type="cond" truecount="0" falsecount="2"/>
      <line num="269" count="0" type="stmt"/>
      <line num="270" count="0" type="cond" truecount="0" falsecount="2"/>
      <line num="271" count="0" type="stmt"/>
      <line num="272" count="0" type="stmt"/>
      <line num="274" count="0" type="cond" truecount="0" falsecount="2"/>
      <line num="275" count="0" type="stmt"/>
      <line num="277" count="0" type="stmt"/>
      <line num="281" count="0" type="stmt"/>
      <line num="282" count="0" type="cond" truecount="0" falsecount="2"/>
      <line num="283" count="0" type="stmt"/>
      <line num="284" count="0" type="stmt"/>
      <line num="286" count="0" type="cond" truecount="0" falsecount="2"/>
      <line num="287" count="0" type="stmt"/>
      <line num="289" count="0" type="stmt"/>
      <line num="292" count="0" type="stmt"/>
      <line num="296" count="0" type="cond" truecount="0" falsecount="4"/>
      <line num="297" count="0" type="cond" truecount="0" falsecount="2"/>
      <line num="298" count="0" type="cond" truecount="0" falsecount="4"/>
      <line num="299" count="0" type="cond" truecount="0" falsecount="2"/>
      <line num="303" count="0" type="cond" truecount="0" falsecount="2"/>
      <line num="304" count="0" type="stmt"/>
      <line num="305" count="0" type="stmt"/>
      <line num="306" count="0" type="stmt"/>
      <line num="310" count="0" type="stmt"/>
      <line num="315" count="5" type="stmt"/>
      <line num="317" count="5" type="cond" truecount="1" falsecount="1"/>
      <line num="318" count="0" type="stmt"/>
      <line num="319" count="0" type="stmt"/>
      <line num="320" count="0" type="stmt"/>
      <line num="324" count="5" type="stmt"/>
      <line num="328" count="1285" type="stmt"/>
      <line num="333" count="1" type="stmt"/>
      <line num="335" count="1" type="stmt"/>
      <line num="336" count="0" type="cond" truecount="0" falsecount="2"/>
      <line num="337" count="0" type="stmt"/>
      <line num="338" count="0" type="stmt"/>
      <line num="339" count="0" type="stmt"/>
      <line num="340" count="0" type="stmt"/>
      <line num="341" count="0" type="stmt"/>
      <line num="342" count="0" type="stmt"/>
      <line num="345" count="0" type="stmt"/>
      <line num="351" count="5" type="stmt"/>
      <line num="352" count="5" type="stmt"/>
      <line num="353" count="5" type="stmt"/>
      <line num="354" count="5" type="stmt"/>
      <line num="360" count="5" type="stmt"/>
      <line num="364" count="380" type="stmt"/>
      <line num="368" count="43" type="stmt"/>
      <line num="369" count="43" type="cond" truecount="1" falsecount="1"/>
      <line num="370" count="0" type="stmt"/>
      <line num="372" count="43" type="cond" truecount="3" falsecount="2"/>
      <line num="373" count="0" type="cond" truecount="0" falsecount="2"/>
      <line num="375" count="43" type="stmt"/>
      <line num="376" count="43" type="stmt"/>
      <line num="380" count="59" type="cond" truecount="2" falsecount="0"/>
      <line num="381" count="0" type="stmt"/>
      <line num="383" count="59" type="cond" truecount="2" falsecount="0"/>
      <line num="384" count="5" type="stmt"/>
      <line num="389" count="0" type="cond" truecount="0" falsecount="2"/>
      <line num="392" count="0" type="stmt"/>
      <line num="393" count="0" type="stmt"/>
      <line num="394" count="0" type="stmt"/>
      <line num="395" count="0" type="cond" truecount="0" falsecount="2"/>
      <line num="396" count="0" type="stmt"/>
      <line num="398" count="0" type="stmt"/>
      <line num="402" count="0" type="stmt"/>
      <line num="403" count="0" type="stmt"/>
      <line num="404" count="0" type="stmt"/>
      <line num="405" count="0" type="cond" truecount="0" falsecount="2"/>
      <line num="407" count="0" type="cond" truecount="0" falsecount="2"/>
      <line num="408" count="0" type="stmt"/>
      <line num="410" count="0" type="stmt"/>
      <line num="414" count="0" type="stmt"/>
      <line num="419" count="0" type="cond" truecount="0" falsecount="2"/>
      <line num="420" count="0" type="stmt"/>
      <line num="424" count="0" type="cond" truecount="0" falsecount="4"/>
      <line num="425" count="0" type="stmt"/>
      <line num="430" count="0" type="stmt"/>
      <line num="431" count="0" type="stmt"/>
      <line num="432" count="0" type="stmt"/>
      <line num="435" count="0" type="cond" truecount="0" falsecount="2"/>
      <line num="436" count="0" type="stmt"/>
      <line num="437" count="0" type="stmt"/>
      <line num="441" count="0" type="cond" truecount="0" falsecount="2"/>
      <line num="442" count="0" type="stmt"/>
      <line num="444" count="0" type="stmt"/>
      <line num="447" count="0" type="stmt"/>
      <line num="449" count="0" type="stmt"/>
      <line num="453" count="0" type="stmt"/>
      <line num="456" count="0" type="cond" truecount="0" falsecount="2"/>
      <line num="457" count="0" type="stmt"/>
      <line num="459" count="0" type="stmt"/>
      <line num="463" count="0" type="stmt"/>
      <line num="464" count="0" type="cond" truecount="0" falsecount="2"/>
      <line num="465" count="0" type="stmt"/>
      <line num="466" count="0" type="stmt"/>
      <line num="467" count="0" type="cond" truecount="0" falsecount="2"/>
      <line num="468" count="0" type="stmt"/>
      <line num="469" count="0" type="cond" truecount="0" falsecount="2"/>
      <line num="471" count="0" type="stmt"/>
      <line num="473" count="0" type="stmt"/>
      <line num="475" count="0" type="stmt"/>
      <line num="479" count="0" type="stmt"/>
      <line num="480" count="0" type="stmt"/>
      <line num="483" count="0" type="stmt"/>
      <line num="486" count="0" type="stmt"/>
      <line num="487" count="0" type="stmt"/>
      <line num="490" count="0" type="cond" truecount="0" falsecount="2"/>
      <line num="491" count="0" type="stmt"/>
      <line num="492" count="0" type="stmt"/>
      <line num="496" count="0" type="cond" truecount="0" falsecount="2"/>
      <line num="497" count="0" type="stmt"/>
      <line num="498" count="0" type="stmt"/>
      <line num="502" count="0" type="cond" truecount="0" falsecount="2"/>
      <line num="503" count="0" type="stmt"/>
      <line num="504" count="0" type="stmt"/>
      <line num="506" count="0" type="cond" truecount="0" falsecount="2"/>
      <line num="507" count="0" type="stmt"/>
      <line num="508" count="0" type="stmt"/>
      <line num="511" count="0" type="stmt"/>
      <line num="512" count="0" type="cond" truecount="0" falsecount="2"/>
      <line num="514" count="0" type="stmt"/>
      <line num="515" count="0" type="stmt"/>
      <line num="517" count="0" type="stmt"/>
      <line num="518" count="0" type="stmt"/>
      <line num="519" count="0" type="cond" truecount="0" falsecount="2"/>
      <line num="520" count="0" type="stmt"/>
      <line num="521" count="0" type="stmt"/>
      <line num="523" count="0" type="cond" truecount="0" falsecount="2"/>
      <line num="524" count="0" type="stmt"/>
      <line num="525" count="0" type="stmt"/>
      <line num="528" count="0" type="stmt"/>
      <line num="532" count="0" type="stmt"/>
      <line num="533" count="0" type="stmt"/>
      <line num="535" count="0" type="stmt"/>
      <line num="539" count="0" type="stmt"/>
      <line num="540" count="0" type="stmt"/>
      <line num="545" count="0" type="cond" truecount="0" falsecount="2"/>
      <line num="546" count="0" type="stmt"/>
      <line num="547" count="0" type="stmt"/>
      <line num="551" count="0" type="stmt"/>
      <line num="556" count="5" type="stmt"/>
      <line num="557" count="5" type="stmt"/>
      <line num="558" count="5" type="stmt"/>
      <line num="559" count="11" type="stmt"/>
      <line num="560" count="11" type="stmt"/>
      <line num="563" count="11" type="cond" truecount="1" falsecount="1"/>
      <line num="564" count="0" type="stmt"/>
      <line num="565" count="0" type="stmt"/>
      <line num="566" count="0" type="stmt"/>
      <line num="570" count="11" type="cond" truecount="1" falsecount="1"/>
      <line num="571" count="0" type="stmt"/>
      <line num="574" count="11" type="stmt"/>
      <line num="575" count="11" type="stmt"/>
      <line num="576" count="11" type="stmt"/>
      <line num="579" count="11" type="cond" truecount="1" falsecount="1"/>
      <line num="580" count="11" type="stmt"/>
      <line num="581" count="11" type="stmt"/>
      <line num="585" count="11" type="stmt"/>
      <line num="586" count="11" type="cond" truecount="1" falsecount="1"/>
      <line num="587" count="0" type="stmt"/>
      <line num="591" count="11" type="cond" truecount="2" falsecount="0"/>
      <line num="592" count="6" type="stmt"/>
      <line num="593" count="6" type="stmt"/>
      <line num="594" count="5" type="cond" truecount="1" falsecount="1"/>
      <line num="595" count="0" type="stmt"/>
      <line num="596" count="0" type="stmt"/>
      <line num="597" count="5" type="cond" truecount="1" falsecount="1"/>
      <line num="598" count="0" type="stmt"/>
      <line num="599" count="0" type="stmt"/>
      <line num="600" count="5" type="cond" truecount="1" falsecount="1"/>
      <line num="601" count="0" type="stmt"/>
      <line num="602" count="0" type="stmt"/>
      <line num="603" count="5" type="cond" truecount="1" falsecount="1"/>
      <line num="605" count="5" type="stmt"/>
      <line num="606" count="5" type="stmt"/>
      <line num="607" count="0" type="cond" truecount="0" falsecount="2"/>
      <line num="609" count="0" type="stmt"/>
      <line num="610" count="0" type="cond" truecount="0" falsecount="2"/>
      <line num="612" count="0" type="stmt"/>
      <line num="613" count="0" type="stmt"/>
      <line num="614" count="0" type="stmt"/>
      <line num="615" count="0" type="stmt"/>
      <line num="616" count="0" type="stmt"/>
      <line num="617" count="0" type="stmt"/>
      <line num="619" count="0" type="stmt"/>
      <line num="620" count="0" type="cond" truecount="0" falsecount="2"/>
      <line num="621" count="0" type="stmt"/>
      <line num="622" count="0" type="stmt"/>
      <line num="625" count="0" type="stmt"/>
      <line num="627" count="0" type="stmt"/>
      <line num="631" count="11" type="stmt"/>
      <line num="634" count="11" type="stmt"/>
      <line num="635" count="11" type="cond" truecount="1" falsecount="1"/>
      <line num="636" count="0" type="stmt"/>
      <line num="637" count="11" type="cond" truecount="1" falsecount="1"/>
      <line num="638" count="0" type="stmt"/>
      <line num="642" count="11" type="stmt"/>
      <line num="643" count="11" type="cond" truecount="3" falsecount="1"/>
      <line num="644" count="0" type="stmt"/>
      <line num="647" count="11" type="cond" truecount="4" falsecount="0"/>
      <line num="650" count="5" type="stmt"/>
      <line num="654" count="0" type="stmt"/>
      <line num="655" count="0" type="stmt"/>
      <line num="661" count="0" type="stmt"/>
      <line num="664" count="0" type="stmt"/>
      <line num="666" count="0" type="stmt"/>
      <line num="668" count="0" type="stmt"/>
      <line num="671" count="0" type="stmt"/>
      <line num="672" count="0" type="cond" truecount="0" falsecount="5"/>
      <line num="673" count="0" type="stmt"/>
      <line num="677" count="0" type="cond" truecount="0" falsecount="2"/>
      <line num="678" count="0" type="stmt"/>
      <line num="681" count="0" type="stmt"/>
      <line num="682" count="0" type="stmt"/>
      <line num="685" count="0" type="cond" truecount="0" falsecount="2"/>
      <line num="686" count="0" type="stmt"/>
      <line num="688" count="0" type="stmt"/>
      <line num="692" count="0" type="stmt"/>
      <line num="695" count="0" type="stmt"/>
      <line num="698" count="0" type="cond" truecount="0" falsecount="2"/>
      <line num="699" count="0" type="stmt"/>
      <line num="700" count="0" type="stmt"/>
      <line num="701" count="0" type="cond" truecount="0" falsecount="2"/>
      <line num="702" count="0" type="stmt"/>
      <line num="703" count="0" type="stmt"/>
      <line num="704" count="0" type="cond" truecount="0" falsecount="2"/>
      <line num="705" count="0" type="stmt"/>
      <line num="706" count="0" type="stmt"/>
      <line num="707" count="0" type="cond" truecount="0" falsecount="2"/>
      <line num="708" count="0" type="stmt"/>
      <line num="709" count="0" type="stmt"/>
      <line num="710" count="0" type="cond" truecount="0" falsecount="2"/>
      <line num="711" count="0" type="stmt"/>
      <line num="712" count="0" type="stmt"/>
      <line num="715" count="0" type="stmt"/>
      <line num="716" count="0" type="stmt"/>
      <line num="717" count="0" type="stmt"/>
      <line num="718" count="0" type="cond" truecount="0" falsecount="7"/>
      <line num="723" count="0" type="stmt"/>
      <line num="725" count="0" type="cond" truecount="0" falsecount="2"/>
      <line num="726" count="0" type="stmt"/>
      <line num="728" count="0" type="stmt"/>
      <line num="731" count="0" type="cond" truecount="0" falsecount="2"/>
      <line num="732" count="0" type="stmt"/>
      <line num="736" count="0" type="stmt"/>
      <line num="739" count="0" type="stmt"/>
      <line num="744" count="0" type="stmt"/>
      <line num="745" count="0" type="stmt"/>
      <line num="747" count="0" type="cond" truecount="0" falsecount="2"/>
      <line num="748" count="0" type="stmt"/>
      <line num="749" count="0" type="stmt"/>
      <line num="750" count="0" type="cond" truecount="0" falsecount="2"/>
      <line num="751" count="0" type="stmt"/>
      <line num="752" count="0" type="stmt"/>
      <line num="753" count="0" type="cond" truecount="0" falsecount="2"/>
      <line num="754" count="0" type="stmt"/>
      <line num="755" count="0" type="stmt"/>
      <line num="756" count="0" type="cond" truecount="0" falsecount="2"/>
      <line num="757" count="0" type="stmt"/>
      <line num="758" count="0" type="stmt"/>
      <line num="759" count="0" type="cond" truecount="0" falsecount="2"/>
      <line num="760" count="0" type="stmt"/>
      <line num="761" count="0" type="stmt"/>
      <line num="762" count="0" type="cond" truecount="0" falsecount="2"/>
      <line num="763" count="0" type="stmt"/>
      <line num="764" count="0" type="cond" truecount="0" falsecount="4"/>
      <line num="765" count="0" type="stmt"/>
      <line num="768" count="0" type="stmt"/>
      <line num="772" count="0" type="stmt"/>
      <line num="773" count="0" type="stmt"/>
      <line num="775" count="0" type="stmt"/>
      <line num="776" count="0" type="stmt"/>
      <line num="777" count="0" type="stmt"/>
      <line num="778" count="0" type="cond" truecount="0" falsecount="2"/>
      <line num="780" count="0" type="stmt"/>
      <line num="781" count="0" type="stmt"/>
      <line num="784" count="0" type="cond" truecount="0" falsecount="4"/>
      <line num="785" count="0" type="stmt"/>
      <line num="787" count="0" type="stmt"/>
      <line num="790" count="0" type="stmt"/>
      <line num="791" count="0" type="stmt"/>
      <line num="793" count="0" type="stmt"/>
      <line num="794" count="0" type="cond" truecount="0" falsecount="2"/>
      <line num="795" count="0" type="stmt"/>
      <line num="796" count="0" type="cond" truecount="0" falsecount="2"/>
      <line num="797" count="0" type="stmt"/>
      <line num="801" count="0" type="stmt"/>
      <line num="802" count="0" type="stmt"/>
      <line num="806" count="0" type="stmt"/>
      <line num="807" count="0" type="stmt"/>
      <line num="809" count="0" type="stmt"/>
      <line num="811" count="0" type="stmt"/>
      <line num="812" count="0" type="stmt"/>
      <line num="813" count="0" type="stmt"/>
      <line num="814" count="0" type="cond" truecount="0" falsecount="6"/>
      <line num="815" count="0" type="stmt"/>
      <line num="818" count="0" type="stmt"/>
      <line num="819" count="0" type="stmt"/>
      <line num="821" count="0" type="stmt"/>
      <line num="822" count="0" type="cond" truecount="0" falsecount="2"/>
      <line num="823" count="0" type="stmt"/>
      <line num="824" count="0" type="cond" truecount="0" falsecount="6"/>
      <line num="825" count="0" type="stmt"/>
      <line num="829" count="0" type="stmt"/>
      <line num="830" count="0" type="stmt"/>
      <line num="834" count="0" type="stmt"/>
      <line num="837" count="0" type="stmt"/>
      <line num="840" count="0" type="stmt"/>
      <line num="842" count="0" type="cond" truecount="0" falsecount="2"/>
      <line num="843" count="0" type="stmt"/>
      <line num="844" count="0" type="stmt"/>
      <line num="846" count="0" type="stmt"/>
      <line num="848" count="0" type="cond" truecount="0" falsecount="2"/>
      <line num="849" count="0" type="stmt"/>
      <line num="852" count="0" type="stmt"/>
      <line num="856" count="0" type="cond" truecount="0" falsecount="2"/>
      <line num="857" count="0" type="stmt"/>
      <line num="861" count="0" type="stmt"/>
      <line num="862" count="0" type="stmt"/>
      <line num="863" count="0" type="stmt"/>
      <line num="866" count="0" type="cond" truecount="0" falsecount="7"/>
      <line num="868" count="0" type="stmt"/>
      <line num="871" count="0" type="stmt"/>
      <line num="873" count="0" type="stmt"/>
      <line num="876" count="0" type="cond" truecount="0" falsecount="2"/>
      <line num="877" count="0" type="stmt"/>
      <line num="878" count="0" type="stmt"/>
      <line num="881" count="0" type="stmt"/>
      <line num="882" count="0" type="stmt"/>
      <line num="886" count="0" type="stmt"/>
      <line num="889" count="0" type="cond" truecount="0" falsecount="2"/>
      <line num="890" count="0" type="stmt"/>
      <line num="895" count="0" type="cond" truecount="0" falsecount="2"/>
      <line num="896" count="0" type="stmt"/>
      <line num="897" count="0" type="cond" truecount="0" falsecount="2"/>
      <line num="898" count="0" type="stmt"/>
      <line num="899" count="0" type="cond" truecount="0" falsecount="2"/>
      <line num="900" count="0" type="stmt"/>
      <line num="904" count="0" type="stmt"/>
      <line num="908" count="0" type="stmt"/>
      <line num="909" count="0" type="cond" truecount="0" falsecount="2"/>
      <line num="910" count="0" type="stmt"/>
      <line num="913" count="0" type="stmt"/>
      <line num="916" count="0" type="cond" truecount="0" falsecount="2"/>
      <line num="917" count="0" type="stmt"/>
      <line num="918" count="0" type="stmt"/>
      <line num="919" count="0" type="stmt"/>
      <line num="923" count="0" type="cond" truecount="0" falsecount="4"/>
      <line num="924" count="0" type="stmt"/>
      <line num="925" count="0" type="stmt"/>
      <line num="927" count="0" type="stmt"/>
      <line num="928" count="0" type="stmt"/>
      <line num="930" count="0" type="stmt"/>
      <line num="931" count="0" type="stmt"/>
      <line num="933" count="0" type="stmt"/>
      <line num="936" count="0" type="cond" truecount="0" falsecount="2"/>
      <line num="937" count="0" type="stmt"/>
      <line num="943" count="0" type="stmt"/>
      <line num="944" count="0" type="stmt"/>
      <line num="945" count="0" type="stmt"/>
      <line num="948" count="0" type="stmt"/>
      <line num="949" count="0" type="stmt"/>
      <line num="952" count="0" type="stmt"/>
      <line num="955" count="0" type="cond" truecount="0" falsecount="2"/>
      <line num="956" count="0" type="stmt"/>
      <line num="957" count="0" type="stmt"/>
      <line num="960" count="0" type="stmt"/>
      <line num="961" count="0" type="stmt"/>
      <line num="963" count="0" type="cond" truecount="0" falsecount="2"/>
      <line num="964" count="0" type="stmt"/>
      <line num="966" count="0" type="stmt"/>
      <line num="971" count="0" type="cond" truecount="0" falsecount="2"/>
      <line num="972" count="0" type="stmt"/>
      <line num="974" count="0" type="stmt"/>
      <line num="977" count="0" type="stmt"/>
      <line num="979" count="0" type="stmt"/>
      <line num="982" count="0" type="stmt"/>
      <line num="983" count="0" type="stmt"/>
      <line num="987" count="0" type="stmt"/>
      <line num="990" count="0" type="stmt"/>
      <line num="991" count="0" type="stmt"/>
      <line num="992" count="0" type="stmt"/>
      <line num="995" count="0" type="stmt"/>
      <line num="998" count="0" type="stmt"/>
      <line num="999" count="0" type="stmt"/>
      <line num="1000" count="0" type="stmt"/>
      <line num="1002" count="0" type="cond" truecount="0" falsecount="2"/>
      <line num="1004" count="0" type="stmt"/>
      <line num="1005" count="0" type="stmt"/>
      <line num="1007" count="0" type="cond" truecount="0" falsecount="2"/>
      <line num="1008" count="0" type="stmt"/>
      <line num="1009" count="0" type="cond" truecount="0" falsecount="2"/>
      <line num="1010" count="0" type="cond" truecount="0" falsecount="2"/>
      <line num="1011" count="0" type="cond" truecount="0" falsecount="2"/>
      <line num="1012" count="0" type="stmt"/>
      <line num="1015" count="0" type="cond" truecount="0" falsecount="2"/>
      <line num="1016" count="0" type="stmt"/>
      <line num="1019" count="0" type="stmt"/>
      <line num="1022" count="0" type="cond" truecount="0" falsecount="2"/>
      <line num="1023" count="0" type="stmt"/>
      <line num="1028" count="0" type="stmt"/>
      <line num="1030" count="0" type="stmt"/>
      <line num="1033" count="0" type="cond" truecount="0" falsecount="2"/>
      <line num="1034" count="0" type="stmt"/>
      <line num="1036" count="0" type="stmt"/>
      <line num="1037" count="0" type="stmt"/>
      <line num="1038" count="0" type="stmt"/>
      <line num="1041" count="0" type="cond" truecount="0" falsecount="4"/>
      <line num="1043" count="0" type="stmt"/>
      <line num="1045" count="0" type="stmt"/>
      <line num="1046" count="0" type="stmt"/>
      <line num="1047" count="0" type="stmt"/>
      <line num="1048" count="0" type="stmt"/>
      <line num="1049" count="0" type="stmt"/>
      <line num="1053" count="0" type="stmt"/>
      <line num="1054" count="0" type="stmt"/>
      <line num="1058" count="0" type="stmt"/>
      <line num="1059" count="0" type="stmt"/>
      <line num="1062" count="0" type="stmt"/>
      <line num="1063" count="0" type="stmt"/>
      <line num="1065" count="0" type="stmt"/>
      <line num="1067" count="0" type="stmt"/>
      <line num="1069" count="0" type="stmt"/>
      <line num="1070" count="0" type="stmt"/>
      <line num="1071" count="0" type="stmt"/>
      <line num="1073" count="0" type="stmt"/>
      <line num="1075" count="0" type="stmt"/>
      <line num="1076" count="0" type="stmt"/>
      <line num="1080" count="0" type="stmt"/>
      <line num="1084" count="0" type="stmt"/>
      <line num="1087" count="0" type="stmt"/>
      <line num="1088" count="0" type="cond" truecount="0" falsecount="2"/>
      <line num="1089" count="0" type="stmt"/>
      <line num="1090" count="0" type="cond" truecount="0" falsecount="2"/>
      <line num="1091" count="0" type="stmt"/>
      <line num="1093" count="0" type="stmt"/>
      <line num="1094" count="0" type="stmt"/>
      <line num="1099" count="0" type="stmt"/>
      <line num="1100" count="0" type="stmt"/>
      <line num="1103" count="0" type="stmt"/>
      <line num="1106" count="0" type="stmt"/>
      <line num="1108" count="0" type="stmt"/>
      <line num="1111" count="0" type="stmt"/>
      <line num="1112" count="0" type="stmt"/>
      <line num="1113" count="0" type="stmt"/>
      <line num="1116" count="0" type="cond" truecount="0" falsecount="2"/>
      <line num="1119" count="0" type="cond" truecount="0" falsecount="4"/>
      <line num="1120" count="0" type="stmt"/>
      <line num="1121" count="0" type="stmt"/>
      <line num="1122" count="0" type="stmt"/>
      <line num="1125" count="0" type="stmt"/>
      <line num="1126" count="0" type="stmt"/>
      <line num="1127" count="0" type="stmt"/>
      <line num="1131" count="0" type="stmt"/>
      <line num="1132" count="0" type="cond" truecount="0" falsecount="2"/>
      <line num="1133" count="0" type="stmt"/>
      <line num="1134" count="0" type="cond" truecount="0" falsecount="2"/>
      <line num="1135" count="0" type="stmt"/>
      <line num="1140" count="0" type="stmt"/>
      <line num="1143" count="0" type="stmt"/>
      <line num="1151" count="0" type="stmt"/>
      <line num="1152" count="0" type="stmt"/>
      <line num="1155" count="0" type="stmt"/>
      <line num="1158" count="0" type="stmt"/>
      <line num="1160" count="0" type="stmt"/>
      <line num="1163" count="0" type="stmt"/>
      <line num="1164" count="0" type="stmt"/>
      <line num="1165" count="0" type="stmt"/>
      <line num="1168" count="0" type="cond" truecount="0" falsecount="2"/>
      <line num="1171" count="0" type="stmt"/>
      <line num="1172" count="0" type="stmt"/>
      <line num="1173" count="0" type="stmt"/>
      <line num="1176" count="0" type="stmt"/>
      <line num="1177" count="0" type="cond" truecount="0" falsecount="2"/>
      <line num="1178" count="0" type="stmt"/>
      <line num="1179" count="0" type="cond" truecount="0" falsecount="2"/>
      <line num="1180" count="0" type="stmt"/>
      <line num="1185" count="0" type="stmt"/>
      <line num="1187" count="0" type="stmt"/>
      <line num="1189" count="0" type="stmt"/>
      <line num="1191" count="0" type="cond" truecount="0" falsecount="2"/>
      <line num="1192" count="0" type="cond" truecount="0" falsecount="2"/>
      <line num="1193" count="0" type="stmt"/>
      <line num="1195" count="0" type="stmt"/>
      <line num="1196" count="0" type="cond" truecount="0" falsecount="2"/>
      <line num="1197" count="0" type="stmt"/>
      <line num="1199" count="0" type="stmt"/>
      <line num="1203" count="0" type="stmt"/>
      <line num="1204" count="0" type="stmt"/>
      <line num="1205" count="0" type="stmt"/>
      <line num="1207" count="0" type="stmt"/>
      <line num="1209" count="0" type="cond" truecount="0" falsecount="2"/>
      <line num="1211" count="0" type="stmt"/>
      <line num="1213" count="0" type="cond" truecount="0" falsecount="2"/>
      <line num="1215" count="0" type="cond" truecount="0" falsecount="2"/>
      <line num="1216" count="0" type="stmt"/>
      <line num="1218" count="0" type="stmt"/>
      <line num="1219" count="0" type="stmt"/>
      <line num="1221" count="0" type="cond" truecount="0" falsecount="2"/>
      <line num="1223" count="0" type="cond" truecount="0" falsecount="2"/>
      <line num="1224" count="0" type="stmt"/>
      <line num="1226" count="0" type="stmt"/>
      <line num="1229" count="0" type="stmt"/>
      <line num="1233" count="0" type="stmt"/>
      <line num="1234" count="0" type="stmt"/>
      <line num="1239" count="0" type="stmt"/>
      <line num="1243" count="0" type="stmt"/>
      <line num="1244" count="0" type="cond" truecount="0" falsecount="2"/>
      <line num="1245" count="0" type="cond" truecount="0" falsecount="2"/>
      <line num="1247" count="0" type="cond" truecount="0" falsecount="2"/>
      <line num="1248" count="0" type="stmt"/>
      <line num="1250" count="0" type="stmt"/>
      <line num="1251" count="0" type="stmt"/>
      <line num="1254" count="0" type="cond" truecount="0" falsecount="2"/>
      <line num="1255" count="0" type="stmt"/>
      <line num="1256" count="0" type="stmt"/>
      <line num="1257" count="0" type="stmt"/>
      <line num="1261" count="0" type="stmt"/>
      <line num="1262" count="0" type="stmt"/>
      <line num="1265" count="0" type="cond" truecount="0" falsecount="2"/>
      <line num="1266" count="0" type="stmt"/>
      <line num="1270" count="0" type="stmt"/>
      <line num="1271" count="0" type="stmt"/>
      <line num="1273" count="0" type="stmt"/>
      <line num="1274" count="0" type="stmt"/>
      <line num="1276" count="0" type="stmt"/>
      <line num="1279" count="0" type="stmt"/>
      <line num="1280" count="0" type="stmt"/>
      <line num="1282" count="0" type="cond" truecount="0" falsecount="2"/>
      <line num="1283" count="0" type="stmt"/>
      <line num="1284" count="0" type="stmt"/>
      <line num="1285" count="0" type="cond" truecount="0" falsecount="2"/>
      <line num="1286" count="0" type="stmt"/>
      <line num="1293" count="0" type="stmt"/>
      <line num="1294" count="0" type="stmt"/>
      <line num="1296" count="0" type="stmt"/>
      <line num="1300" count="5" type="stmt"/>
      <line num="1303" count="5" type="stmt"/>
      <line num="1311" count="5" type="stmt"/>
      <line num="1314" count="5" type="stmt"/>
      <line num="1315" count="5" type="cond" truecount="3" falsecount="1"/>
      <line num="1316" count="0" type="stmt"/>
      <line num="1319" count="5" type="stmt"/>
      <line num="1320" count="5" type="stmt"/>
      <line num="1321" count="5" type="stmt"/>
      <line num="1324" count="5" type="cond" truecount="1" falsecount="1"/>
      <line num="1325" count="0" type="stmt"/>
      <line num="1326" count="0" type="stmt"/>
      <line num="1330" count="5" type="cond" truecount="1" falsecount="1"/>
      <line num="1331" count="0" type="stmt"/>
      <line num="1335" count="5" type="stmt"/>
      <line num="1336" count="5" type="stmt"/>
      <line num="1339" count="5" type="stmt"/>
      <line num="1342" count="5" type="cond" truecount="1" falsecount="1"/>
      <line num="1343" count="5" type="stmt"/>
      <line num="1345" count="0" type="stmt"/>
      <line num="1347" count="0" type="stmt"/>
      <line num="1350" count="0" type="stmt"/>
      <line num="1353" count="0" type="stmt"/>
      <line num="1354" count="0" type="stmt"/>
      <line num="1357" count="0" type="cond" truecount="0" falsecount="4"/>
      <line num="1358" count="0" type="cond" truecount="0" falsecount="2"/>
      <line num="1361" count="0" type="stmt"/>
      <line num="1362" count="0" type="stmt"/>
      <line num="1363" count="0" type="stmt"/>
      <line num="1366" count="0" type="stmt"/>
      <line num="1367" count="0" type="cond" truecount="0" falsecount="4"/>
      <line num="1368" count="0" type="stmt"/>
      <line num="1369" count="0" type="stmt"/>
      <line num="1373" count="0" type="cond" truecount="0" falsecount="2"/>
      <line num="1374" count="0" type="stmt"/>
      <line num="1378" count="0" type="stmt"/>
      <line num="1379" count="0" type="stmt"/>
      <line num="1382" count="0" type="stmt"/>
      <line num="1385" count="0" type="cond" truecount="0" falsecount="2"/>
      <line num="1386" count="0" type="stmt"/>
      <line num="1388" count="0" type="stmt"/>
      <line num="1391" count="0" type="cond" truecount="0" falsecount="2"/>
      <line num="1394" count="0" type="cond" truecount="0" falsecount="2"/>
      <line num="1395" count="0" type="stmt"/>
      <line num="1399" count="0" type="cond" truecount="0" falsecount="2"/>
      <line num="1400" count="0" type="stmt"/>
      <line num="1401" count="0" type="cond" truecount="0" falsecount="4"/>
      <line num="1402" count="0" type="stmt"/>
      <line num="1403" count="0" type="stmt"/>
      <line num="1407" count="0" type="stmt"/>
      <line num="1409" count="0" type="stmt"/>
      <line num="1418" count="5" type="stmt"/>
      <line num="1420" count="5" type="stmt"/>
      <line num="1423" count="5" type="stmt"/>
      <line num="1424" count="5" type="stmt"/>
      <line num="1427" count="5" type="stmt"/>
      <line num="1428" count="5" type="stmt"/>
      <line num="1431" count="0" type="cond" truecount="0" falsecount="2"/>
      <line num="1432" count="0" type="stmt"/>
      <line num="1433" count="0" type="stmt"/>
      <line num="1434" count="0" type="stmt"/>
      <line num="1437" count="0" type="stmt"/>
      <line num="1439" count="5" type="stmt"/>
      <line num="1440" count="5" type="stmt"/>
      <line num="1445" count="1" type="stmt"/>
      <line num="1452" count="1" type="cond" truecount="1" falsecount="1"/>
      <line num="1453" count="0" type="stmt"/>
      <line num="1454" count="0" type="cond" truecount="0" falsecount="2"/>
      <line num="1455" count="0" type="stmt"/>
      <line num="1456" count="0" type="stmt"/>
      <line num="1459" count="0" type="stmt"/>
      <line num="1460" count="0" type="stmt"/>
      <line num="1463" count="0" type="stmt"/>
      <line num="1464" count="0" type="cond" truecount="0" falsecount="2"/>
      <line num="1465" count="0" type="stmt"/>
      <line num="1468" count="0" type="stmt"/>
    </file>
  </project>
</coverage>
