{"/Users/danawunderlich/MyProjects/MahjonggTools/tile-dealer/mtl-compiler/compile.js": {"path":"/Users/danawunderlich/MyProjects/MahjonggTools/tile-dealer/mtl-compiler/compile.js","statementMap":{"0":{"start":{"line":1,"column":11},"end":{"line":1,"column":24}},"1":{"start":{"line":2,"column":13},"end":{"line":2,"column":28}},"2":{"start":{"line":6,"column":8},"end":{"line":6,"column":29}},"3":{"start":{"line":7,"column":8},"end":{"line":7,"column":26}},"4":{"start":{"line":8,"column":8},"end":{"line":8,"column":25}},"5":{"start":{"line":12,"column":8},"end":{"line":196,"column":9}},"6":{"start":{"line":13,"column":25},"end":{"line":13,"column":51}},"7":{"start":{"line":16,"column":12},"end":{"line":24,"column":13}},"8":{"start":{"line":17,"column":33},"end":{"line":17,"column":35}},"9":{"start":{"line":18,"column":16},"end":{"line":21,"column":17}},"10":{"start":{"line":19,"column":20},"end":{"line":19,"column":61}},"11":{"start":{"line":20,"column":20},"end":{"line":20,"column":36}},"12":{"start":{"line":22,"column":16},"end":{"line":22,"column":76}},"13":{"start":{"line":23,"column":16},"end":{"line":23,"column":25}},"14":{"start":{"line":27,"column":12},"end":{"line":37,"column":13}},"15":{"start":{"line":29,"column":30},"end":{"line":29,"column":32}},"16":{"start":{"line":30,"column":16},"end":{"line":30,"column":35}},"17":{"start":{"line":31,"column":16},"end":{"line":34,"column":17}},"18":{"start":{"line":32,"column":20},"end":{"line":32,"column":58}},"19":{"start":{"line":33,"column":20},"end":{"line":33,"column":36}},"20":{"start":{"line":35,"column":16},"end":{"line":35,"column":77}},"21":{"start":{"line":36,"column":16},"end":{"line":36,"column":25}},"22":{"start":{"line":40,"column":12},"end":{"line":50,"column":13}},"23":{"start":{"line":41,"column":26},"end":{"line":41,"column":28}},"24":{"start":{"line":42,"column":16},"end":{"line":42,"column":32}},"25":{"start":{"line":43,"column":16},"end":{"line":46,"column":17}},"26":{"start":{"line":44,"column":20},"end":{"line":44,"column":54}},"27":{"start":{"line":45,"column":20},"end":{"line":45,"column":36}},"28":{"start":{"line":47,"column":16},"end":{"line":47,"column":32}},"29":{"start":{"line":48,"column":16},"end":{"line":48,"column":65}},"30":{"start":{"line":49,"column":16},"end":{"line":49,"column":25}},"31":{"start":{"line":53,"column":37},"end":{"line":65,"column":13}},"32":{"start":{"line":67,"column":12},"end":{"line":71,"column":13}},"33":{"start":{"line":68,"column":16},"end":{"line":68,"column":80}},"34":{"start":{"line":69,"column":16},"end":{"line":69,"column":32}},"35":{"start":{"line":70,"column":16},"end":{"line":70,"column":25}},"36":{"start":{"line":74,"column":12},"end":{"line":82,"column":13}},"37":{"start":{"line":75,"column":26},"end":{"line":75,"column":28}},"38":{"start":{"line":76,"column":16},"end":{"line":79,"column":17}},"39":{"start":{"line":77,"column":20},"end":{"line":77,"column":54}},"40":{"start":{"line":78,"column":20},"end":{"line":78,"column":36}},"41":{"start":{"line":80,"column":16},"end":{"line":80,"column":79}},"42":{"start":{"line":81,"column":16},"end":{"line":81,"column":25}},"43":{"start":{"line":85,"column":12},"end":{"line":127,"column":13}},"44":{"start":{"line":86,"column":28},"end":{"line":86,"column":30}},"45":{"start":{"line":87,"column":16},"end":{"line":90,"column":17}},"46":{"start":{"line":88,"column":20},"end":{"line":88,"column":56}},"47":{"start":{"line":89,"column":20},"end":{"line":89,"column":36}},"48":{"start":{"line":93,"column":35},"end":{"line":93,"column":54}},"49":{"start":{"line":94,"column":33},"end":{"line":106,"column":17}},"50":{"start":{"line":108,"column":36},"end":{"line":108,"column":56}},"51":{"start":{"line":109,"column":16},"end":{"line":117,"column":17}},"52":{"start":{"line":110,"column":34},"end":{"line":110,"column":69}},"53":{"start":{"line":111,"column":20},"end":{"line":111,"column":83}},"54":{"start":{"line":112,"column":20},"end":{"line":112,"column":44}},"55":{"start":{"line":114,"column":34},"end":{"line":114,"column":70}},"56":{"start":{"line":115,"column":20},"end":{"line":115,"column":86}},"57":{"start":{"line":116,"column":20},"end":{"line":116,"column":44}},"58":{"start":{"line":118,"column":16},"end":{"line":118,"column":25}},"59":{"start":{"line":121,"column":16},"end":{"line":125,"column":17}},"60":{"start":{"line":122,"column":20},"end":{"line":122,"column":82}},"61":{"start":{"line":124,"column":20},"end":{"line":124,"column":75}},"62":{"start":{"line":126,"column":16},"end":{"line":126,"column":25}},"63":{"start":{"line":130,"column":12},"end":{"line":144,"column":13}},"64":{"start":{"line":131,"column":28},"end":{"line":131,"column":30}},"65":{"start":{"line":132,"column":16},"end":{"line":135,"column":17}},"66":{"start":{"line":133,"column":20},"end":{"line":133,"column":56}},"67":{"start":{"line":134,"column":20},"end":{"line":134,"column":36}},"68":{"start":{"line":138,"column":16},"end":{"line":142,"column":17}},"69":{"start":{"line":139,"column":20},"end":{"line":139,"column":82}},"70":{"start":{"line":141,"column":20},"end":{"line":141,"column":75}},"71":{"start":{"line":143,"column":16},"end":{"line":143,"column":25}},"72":{"start":{"line":147,"column":12},"end":{"line":160,"column":13}},"73":{"start":{"line":148,"column":26},"end":{"line":148,"column":28}},"74":{"start":{"line":149,"column":16},"end":{"line":149,"column":32}},"75":{"start":{"line":150,"column":16},"end":{"line":153,"column":17}},"76":{"start":{"line":151,"column":20},"end":{"line":151,"column":54}},"77":{"start":{"line":152,"column":20},"end":{"line":152,"column":36}},"78":{"start":{"line":154,"column":16},"end":{"line":156,"column":17}},"79":{"start":{"line":155,"column":20},"end":{"line":155,"column":59}},"80":{"start":{"line":157,"column":16},"end":{"line":157,"column":32}},"81":{"start":{"line":158,"column":16},"end":{"line":158,"column":65}},"82":{"start":{"line":159,"column":16},"end":{"line":159,"column":25}},"83":{"start":{"line":163,"column":12},"end":{"line":171,"column":13}},"84":{"start":{"line":164,"column":28},"end":{"line":164,"column":30}},"85":{"start":{"line":165,"column":16},"end":{"line":168,"column":17}},"86":{"start":{"line":166,"column":20},"end":{"line":166,"column":56}},"87":{"start":{"line":167,"column":20},"end":{"line":167,"column":36}},"88":{"start":{"line":169,"column":16},"end":{"line":169,"column":59}},"89":{"start":{"line":170,"column":16},"end":{"line":170,"column":25}},"90":{"start":{"line":174,"column":12},"end":{"line":179,"column":13}},"91":{"start":{"line":175,"column":16},"end":{"line":177,"column":17}},"92":{"start":{"line":176,"column":20},"end":{"line":176,"column":36}},"93":{"start":{"line":178,"column":16},"end":{"line":178,"column":25}},"94":{"start":{"line":182,"column":12},"end":{"line":186,"column":13}},"95":{"start":{"line":183,"column":16},"end":{"line":183,"column":65}},"96":{"start":{"line":184,"column":16},"end":{"line":184,"column":35}},"97":{"start":{"line":185,"column":16},"end":{"line":185,"column":25}},"98":{"start":{"line":189,"column":12},"end":{"line":193,"column":13}},"99":{"start":{"line":190,"column":16},"end":{"line":190,"column":64}},"100":{"start":{"line":191,"column":16},"end":{"line":191,"column":32}},"101":{"start":{"line":192,"column":16},"end":{"line":192,"column":25}},"102":{"start":{"line":195,"column":12},"end":{"line":195,"column":28}},"103":{"start":{"line":198,"column":8},"end":{"line":198,"column":27}},"104":{"start":{"line":204,"column":8},"end":{"line":204,"column":29}},"105":{"start":{"line":205,"column":8},"end":{"line":205,"column":26}},"106":{"start":{"line":206,"column":8},"end":{"line":206,"column":27}},"107":{"start":{"line":207,"column":8},"end":{"line":207,"column":22}},"108":{"start":{"line":208,"column":8},"end":{"line":208,"column":29}},"109":{"start":{"line":212,"column":8},"end":{"line":212,"column":42}},"110":{"start":{"line":216,"column":8},"end":{"line":216,"column":41}},"111":{"start":{"line":218,"column":8},"end":{"line":220,"column":9}},"112":{"start":{"line":219,"column":12},"end":{"line":219,"column":78}},"113":{"start":{"line":222,"column":22},"end":{"line":222,"column":41}},"114":{"start":{"line":223,"column":8},"end":{"line":225,"column":9}},"115":{"start":{"line":224,"column":12},"end":{"line":224,"column":72}},"116":{"start":{"line":227,"column":8},"end":{"line":227,"column":24}},"117":{"start":{"line":228,"column":8},"end":{"line":228,"column":41}},"118":{"start":{"line":229,"column":8},"end":{"line":229,"column":21}},"119":{"start":{"line":233,"column":8},"end":{"line":239,"column":9}},"120":{"start":{"line":234,"column":26},"end":{"line":234,"column":45}},"121":{"start":{"line":235,"column":12},"end":{"line":237,"column":13}},"122":{"start":{"line":236,"column":16},"end":{"line":236,"column":22}},"123":{"start":{"line":238,"column":12},"end":{"line":238,"column":28}},"124":{"start":{"line":243,"column":8},"end":{"line":243,"column":40}},"125":{"start":{"line":245,"column":8},"end":{"line":245,"column":41}},"126":{"start":{"line":248,"column":30},"end":{"line":248,"column":49}},"127":{"start":{"line":249,"column":8},"end":{"line":251,"column":9}},"128":{"start":{"line":250,"column":12},"end":{"line":250,"column":82}},"129":{"start":{"line":252,"column":8},"end":{"line":252,"column":24}},"130":{"start":{"line":255,"column":8},"end":{"line":255,"column":41}},"131":{"start":{"line":256,"column":8},"end":{"line":256,"column":27}},"132":{"start":{"line":259,"column":8},"end":{"line":259,"column":41}},"133":{"start":{"line":262,"column":8},"end":{"line":262,"column":27}},"134":{"start":{"line":263,"column":8},"end":{"line":263,"column":41}},"135":{"start":{"line":266,"column":8},"end":{"line":317,"column":9}},"136":{"start":{"line":267,"column":26},"end":{"line":267,"column":45}},"137":{"start":{"line":270,"column":12},"end":{"line":273,"column":13}},"138":{"start":{"line":271,"column":16},"end":{"line":271,"column":32}},"139":{"start":{"line":272,"column":16},"end":{"line":272,"column":22}},"140":{"start":{"line":276,"column":12},"end":{"line":314,"column":13}},"141":{"start":{"line":277,"column":28},"end":{"line":277,"column":39}},"142":{"start":{"line":278,"column":16},"end":{"line":278,"column":32}},"143":{"start":{"line":281,"column":16},"end":{"line":281,"column":49}},"144":{"start":{"line":282,"column":16},"end":{"line":282,"column":34}},"145":{"start":{"line":285,"column":16},"end":{"line":285,"column":49}},"146":{"start":{"line":288,"column":35},"end":{"line":288,"column":54}},"147":{"start":{"line":289,"column":16},"end":{"line":291,"column":17}},"148":{"start":{"line":290,"column":20},"end":{"line":290,"column":78}},"149":{"start":{"line":294,"column":28},"end":{"line":294,"column":44}},"150":{"start":{"line":295,"column":16},"end":{"line":299,"column":17}},"151":{"start":{"line":298,"column":20},"end":{"line":298,"column":65}},"152":{"start":{"line":301,"column":16},"end":{"line":301,"column":43}},"153":{"start":{"line":302,"column":16},"end":{"line":302,"column":32}},"154":{"start":{"line":305,"column":16},"end":{"line":305,"column":49}},"155":{"start":{"line":306,"column":34},"end":{"line":306,"column":53}},"156":{"start":{"line":307,"column":16},"end":{"line":311,"column":17}},"157":{"start":{"line":308,"column":20},"end":{"line":308,"column":36}},"158":{"start":{"line":309,"column":23},"end":{"line":311,"column":17}},"159":{"start":{"line":310,"column":20},"end":{"line":310,"column":92}},"160":{"start":{"line":313,"column":16},"end":{"line":313,"column":79}},"161":{"start":{"line":316,"column":12},"end":{"line":316,"column":45}},"162":{"start":{"line":320,"column":8},"end":{"line":320,"column":41}},"163":{"start":{"line":321,"column":32},"end":{"line":321,"column":51}},"164":{"start":{"line":322,"column":8},"end":{"line":324,"column":9}},"165":{"start":{"line":323,"column":12},"end":{"line":323,"column":69}},"166":{"start":{"line":327,"column":8},"end":{"line":327,"column":24}},"167":{"start":{"line":328,"column":8},"end":{"line":328,"column":41}},"168":{"start":{"line":329,"column":8},"end":{"line":331,"column":9}},"169":{"start":{"line":330,"column":12},"end":{"line":330,"column":28}},"170":{"start":{"line":334,"column":20},"end":{"line":339,"column":9}},"171":{"start":{"line":342,"column":27},"end":{"line":342,"column":29}},"172":{"start":{"line":343,"column":8},"end":{"line":404,"column":9}},"173":{"start":{"line":344,"column":26},"end":{"line":344,"column":45}},"174":{"start":{"line":345,"column":12},"end":{"line":345,"column":107}},"175":{"start":{"line":347,"column":12},"end":{"line":403,"column":13}},"176":{"start":{"line":348,"column":16},"end":{"line":348,"column":63}},"177":{"start":{"line":349,"column":36},"end":{"line":349,"column":55}},"178":{"start":{"line":350,"column":16},"end":{"line":350,"column":56}},"179":{"start":{"line":351,"column":16},"end":{"line":351,"column":45}},"180":{"start":{"line":354,"column":16},"end":{"line":356,"column":17}},"181":{"start":{"line":355,"column":20},"end":{"line":355,"column":67}},"182":{"start":{"line":357,"column":19},"end":{"line":403,"column":13}},"183":{"start":{"line":358,"column":16},"end":{"line":358,"column":54}},"184":{"start":{"line":360,"column":16},"end":{"line":360,"column":39}},"185":{"start":{"line":361,"column":16},"end":{"line":361,"column":35}},"186":{"start":{"line":362,"column":16},"end":{"line":362,"column":35}},"187":{"start":{"line":365,"column":30},"end":{"line":365,"column":32}},"188":{"start":{"line":366,"column":16},"end":{"line":376,"column":17}},"189":{"start":{"line":367,"column":20},"end":{"line":375,"column":21}},"190":{"start":{"line":368,"column":24},"end":{"line":368,"column":62}},"191":{"start":{"line":369,"column":24},"end":{"line":369,"column":40}},"192":{"start":{"line":370,"column":24},"end":{"line":372,"column":25}},"193":{"start":{"line":371,"column":28},"end":{"line":371,"column":44}},"194":{"start":{"line":374,"column":24},"end":{"line":374,"column":40}},"195":{"start":{"line":377,"column":16},"end":{"line":377,"column":35}},"196":{"start":{"line":380,"column":16},"end":{"line":383,"column":19}},"197":{"start":{"line":384,"column":19},"end":{"line":403,"column":13}},"198":{"start":{"line":386,"column":32},"end":{"line":386,"column":43}},"199":{"start":{"line":387,"column":16},"end":{"line":387,"column":32}},"200":{"start":{"line":389,"column":16},"end":{"line":400,"column":17}},"201":{"start":{"line":390,"column":20},"end":{"line":390,"column":36}},"202":{"start":{"line":391,"column":39},"end":{"line":391,"column":58}},"203":{"start":{"line":392,"column":20},"end":{"line":399,"column":21}},"204":{"start":{"line":393,"column":24},"end":{"line":397,"column":27}},"205":{"start":{"line":398,"column":24},"end":{"line":398,"column":40}},"206":{"start":{"line":402,"column":16},"end":{"line":402,"column":32}},"207":{"start":{"line":406,"column":8},"end":{"line":406,"column":30}},"208":{"start":{"line":407,"column":8},"end":{"line":407,"column":61}},"209":{"start":{"line":408,"column":8},"end":{"line":408,"column":64}},"210":{"start":{"line":410,"column":8},"end":{"line":410,"column":19}},"211":{"start":{"line":414,"column":25},"end":{"line":414,"column":53}},"212":{"start":{"line":415,"column":8},"end":{"line":415,"column":27}},"213":{"start":{"line":416,"column":8},"end":{"line":416,"column":41}},"214":{"start":{"line":418,"column":21},"end":{"line":418,"column":23}},"215":{"start":{"line":419,"column":8},"end":{"line":435,"column":9}},"216":{"start":{"line":420,"column":12},"end":{"line":428,"column":13}},"217":{"start":{"line":421,"column":16},"end":{"line":421,"column":56}},"218":{"start":{"line":422,"column":19},"end":{"line":428,"column":13}},"219":{"start":{"line":423,"column":16},"end":{"line":423,"column":66}},"220":{"start":{"line":424,"column":19},"end":{"line":428,"column":13}},"221":{"start":{"line":425,"column":16},"end":{"line":425,"column":52}},"222":{"start":{"line":427,"column":16},"end":{"line":427,"column":32}},"223":{"start":{"line":430,"column":12},"end":{"line":430,"column":45}},"224":{"start":{"line":431,"column":12},"end":{"line":434,"column":13}},"225":{"start":{"line":432,"column":16},"end":{"line":432,"column":34}},"226":{"start":{"line":433,"column":16},"end":{"line":433,"column":49}},"227":{"start":{"line":437,"column":8},"end":{"line":437,"column":27}},"228":{"start":{"line":439,"column":8},"end":{"line":445,"column":10}},"229":{"start":{"line":449,"column":25},"end":{"line":449,"column":55}},"230":{"start":{"line":452,"column":25},"end":{"line":452,"column":30}},"231":{"start":{"line":453,"column":8},"end":{"line":453,"column":41}},"232":{"start":{"line":454,"column":8},"end":{"line":458,"column":9}},"233":{"start":{"line":455,"column":12},"end":{"line":455,"column":35}},"234":{"start":{"line":456,"column":12},"end":{"line":456,"column":45}},"235":{"start":{"line":457,"column":12},"end":{"line":457,"column":30}},"236":{"start":{"line":460,"column":8},"end":{"line":466,"column":10}},"237":{"start":{"line":470,"column":27},"end":{"line":470,"column":65}},"238":{"start":{"line":471,"column":8},"end":{"line":471,"column":41}},"239":{"start":{"line":472,"column":8},"end":{"line":472,"column":26}},"240":{"start":{"line":473,"column":8},"end":{"line":473,"column":41}},"241":{"start":{"line":474,"column":25},"end":{"line":474,"column":63}},"242":{"start":{"line":476,"column":8},"end":{"line":482,"column":10}},"243":{"start":{"line":486,"column":27},"end":{"line":486,"column":29}},"244":{"start":{"line":487,"column":25},"end":{"line":487,"column":26}},"245":{"start":{"line":488,"column":24},"end":{"line":488,"column":29}},"246":{"start":{"line":491,"column":8},"end":{"line":491,"column":41}},"247":{"start":{"line":494,"column":8},"end":{"line":498,"column":9}},"248":{"start":{"line":495,"column":12},"end":{"line":495,"column":29}},"249":{"start":{"line":496,"column":12},"end":{"line":496,"column":31}},"250":{"start":{"line":497,"column":12},"end":{"line":497,"column":45}},"251":{"start":{"line":501,"column":8},"end":{"line":523,"column":9}},"252":{"start":{"line":502,"column":26},"end":{"line":502,"column":45}},"253":{"start":{"line":505,"column":12},"end":{"line":519,"column":13}},"254":{"start":{"line":506,"column":16},"end":{"line":514,"column":17}},"255":{"start":{"line":507,"column":20},"end":{"line":507,"column":33}},"256":{"start":{"line":508,"column":23},"end":{"line":514,"column":17}},"257":{"start":{"line":509,"column":20},"end":{"line":509,"column":33}},"258":{"start":{"line":510,"column":20},"end":{"line":513,"column":21}},"259":{"start":{"line":511,"column":24},"end":{"line":511,"column":40}},"260":{"start":{"line":512,"column":24},"end":{"line":512,"column":30}},"261":{"start":{"line":517,"column":17},"end":{"line":519,"column":13}},"262":{"start":{"line":518,"column":16},"end":{"line":518,"column":22}},"263":{"start":{"line":521,"column":12},"end":{"line":521,"column":35}},"264":{"start":{"line":522,"column":12},"end":{"line":522,"column":28}},"265":{"start":{"line":526,"column":8},"end":{"line":528,"column":9}},"266":{"start":{"line":527,"column":12},"end":{"line":527,"column":28}},"267":{"start":{"line":530,"column":8},"end":{"line":530,"column":91}},"268":{"start":{"line":533,"column":21},"end":{"line":533,"column":53}},"269":{"start":{"line":534,"column":8},"end":{"line":534,"column":86}},"270":{"start":{"line":537,"column":8},"end":{"line":550,"column":9}},"271":{"start":{"line":538,"column":12},"end":{"line":540,"column":13}},"272":{"start":{"line":539,"column":16},"end":{"line":539,"column":41}},"273":{"start":{"line":541,"column":12},"end":{"line":541,"column":89}},"274":{"start":{"line":542,"column":12},"end":{"line":542,"column":57}},"275":{"start":{"line":545,"column":12},"end":{"line":549,"column":14}},"276":{"start":{"line":552,"column":8},"end":{"line":552,"column":70}},"277":{"start":{"line":554,"column":8},"end":{"line":558,"column":10}},"278":{"start":{"line":562,"column":8},"end":{"line":562,"column":67}},"279":{"start":{"line":563,"column":27},"end":{"line":563,"column":29}},"280":{"start":{"line":564,"column":31},"end":{"line":564,"column":44}},"281":{"start":{"line":567,"column":8},"end":{"line":654,"column":9}},"282":{"start":{"line":567,"column":21},"end":{"line":567,"column":22}},"283":{"start":{"line":568,"column":12},"end":{"line":568,"column":50}},"284":{"start":{"line":569,"column":26},"end":{"line":569,"column":35}},"285":{"start":{"line":572,"column":12},"end":{"line":572,"column":167}},"286":{"start":{"line":575,"column":35},"end":{"line":577,"column":65}},"287":{"start":{"line":579,"column":12},"end":{"line":653,"column":13}},"288":{"start":{"line":580,"column":16},"end":{"line":580,"column":52}},"289":{"start":{"line":582,"column":33},"end":{"line":582,"column":44}},"290":{"start":{"line":583,"column":29},"end":{"line":583,"column":31}},"291":{"start":{"line":584,"column":33},"end":{"line":584,"column":34}},"292":{"start":{"line":587,"column":16},"end":{"line":587,"column":23}},"293":{"start":{"line":588,"column":16},"end":{"line":588,"column":91}},"294":{"start":{"line":591,"column":33},"end":{"line":591,"column":35}},"295":{"start":{"line":592,"column":16},"end":{"line":629,"column":17}},"296":{"start":{"line":593,"column":30},"end":{"line":593,"column":39}},"297":{"start":{"line":594,"column":20},"end":{"line":594,"column":127}},"298":{"start":{"line":596,"column":20},"end":{"line":626,"column":21}},"299":{"start":{"line":597,"column":24},"end":{"line":597,"column":54}},"300":{"start":{"line":598,"column":24},"end":{"line":598,"column":37}},"301":{"start":{"line":599,"column":24},"end":{"line":599,"column":49}},"302":{"start":{"line":600,"column":27},"end":{"line":626,"column":21}},"303":{"start":{"line":601,"column":24},"end":{"line":601,"column":83}},"304":{"start":{"line":602,"column":24},"end":{"line":613,"column":25}},"305":{"start":{"line":604,"column":28},"end":{"line":604,"column":84}},"306":{"start":{"line":605,"column":28},"end":{"line":607,"column":29}},"307":{"start":{"line":606,"column":32},"end":{"line":606,"column":63}},"308":{"start":{"line":608,"column":28},"end":{"line":608,"column":34}},"309":{"start":{"line":610,"column":28},"end":{"line":610,"column":79}},"310":{"start":{"line":611,"column":28},"end":{"line":611,"column":41}},"311":{"start":{"line":612,"column":28},"end":{"line":612,"column":53}},"312":{"start":{"line":614,"column":27},"end":{"line":626,"column":21}},"313":{"start":{"line":616,"column":24},"end":{"line":616,"column":82}},"314":{"start":{"line":617,"column":24},"end":{"line":620,"column":25}},"315":{"start":{"line":618,"column":28},"end":{"line":618,"column":59}},"316":{"start":{"line":619,"column":28},"end":{"line":619,"column":44}},"317":{"start":{"line":621,"column":27},"end":{"line":626,"column":21}},"318":{"start":{"line":622,"column":24},"end":{"line":622,"column":78}},"319":{"start":{"line":623,"column":24},"end":{"line":623,"column":49}},"320":{"start":{"line":625,"column":24},"end":{"line":625,"column":65}},"321":{"start":{"line":628,"column":20},"end":{"line":628,"column":24}},"322":{"start":{"line":632,"column":29},"end":{"line":635,"column":17}},"323":{"start":{"line":637,"column":16},"end":{"line":637,"column":80}},"324":{"start":{"line":640,"column":16},"end":{"line":640,"column":50}},"325":{"start":{"line":643,"column":16},"end":{"line":649,"column":17}},"326":{"start":{"line":644,"column":20},"end":{"line":644,"column":88}},"327":{"start":{"line":646,"column":20},"end":{"line":646,"column":82}},"328":{"start":{"line":648,"column":20},"end":{"line":648,"column":53}},"329":{"start":{"line":652,"column":16},"end":{"line":652,"column":20}},"330":{"start":{"line":657,"column":8},"end":{"line":659,"column":9}},"331":{"start":{"line":658,"column":12},"end":{"line":658,"column":46}},"332":{"start":{"line":661,"column":8},"end":{"line":661,"column":30}},"333":{"start":{"line":665,"column":8},"end":{"line":665,"column":41}},"334":{"start":{"line":668,"column":8},"end":{"line":670,"column":9}},"335":{"start":{"line":669,"column":12},"end":{"line":669,"column":31}},"336":{"start":{"line":673,"column":8},"end":{"line":675,"column":9}},"337":{"start":{"line":674,"column":12},"end":{"line":674,"column":30}},"338":{"start":{"line":678,"column":21},"end":{"line":678,"column":23}},"339":{"start":{"line":679,"column":20},"end":{"line":679,"column":21}},"340":{"start":{"line":681,"column":8},"end":{"line":723,"column":9}},"341":{"start":{"line":682,"column":26},"end":{"line":682,"column":45}},"342":{"start":{"line":684,"column":12},"end":{"line":693,"column":13}},"343":{"start":{"line":685,"column":16},"end":{"line":690,"column":17}},"344":{"start":{"line":686,"column":20},"end":{"line":686,"column":36}},"345":{"start":{"line":687,"column":20},"end":{"line":687,"column":26}},"346":{"start":{"line":689,"column":20},"end":{"line":689,"column":28}},"347":{"start":{"line":691,"column":19},"end":{"line":693,"column":13}},"348":{"start":{"line":692,"column":16},"end":{"line":692,"column":24}},"349":{"start":{"line":696,"column":12},"end":{"line":722,"column":13}},"350":{"start":{"line":697,"column":32},"end":{"line":697,"column":43}},"351":{"start":{"line":698,"column":16},"end":{"line":698,"column":32}},"352":{"start":{"line":700,"column":16},"end":{"line":716,"column":17}},"353":{"start":{"line":702,"column":20},"end":{"line":702,"column":36}},"354":{"start":{"line":703,"column":39},"end":{"line":703,"column":58}},"355":{"start":{"line":704,"column":20},"end":{"line":711,"column":21}},"356":{"start":{"line":705,"column":24},"end":{"line":709,"column":27}},"357":{"start":{"line":710,"column":24},"end":{"line":710,"column":40}},"358":{"start":{"line":712,"column":23},"end":{"line":716,"column":17}},"359":{"start":{"line":714,"column":20},"end":{"line":714,"column":36}},"360":{"start":{"line":715,"column":20},"end":{"line":715,"column":56}},"361":{"start":{"line":717,"column":19},"end":{"line":722,"column":13}},"362":{"start":{"line":719,"column":16},"end":{"line":719,"column":52}},"363":{"start":{"line":721,"column":16},"end":{"line":721,"column":32}},"364":{"start":{"line":725,"column":8},"end":{"line":725,"column":20}},"365":{"start":{"line":729,"column":25},"end":{"line":729,"column":64}},"366":{"start":{"line":730,"column":8},"end":{"line":730,"column":24}},"367":{"start":{"line":732,"column":8},"end":{"line":732,"column":41}},"368":{"start":{"line":733,"column":8},"end":{"line":733,"column":27}},"369":{"start":{"line":734,"column":8},"end":{"line":734,"column":41}},"370":{"start":{"line":736,"column":21},"end":{"line":736,"column":23}},"371":{"start":{"line":737,"column":8},"end":{"line":754,"column":9}},"372":{"start":{"line":738,"column":26},"end":{"line":738,"column":45}},"373":{"start":{"line":739,"column":12},"end":{"line":753,"column":13}},"374":{"start":{"line":740,"column":16},"end":{"line":743,"column":19}},"375":{"start":{"line":744,"column":16},"end":{"line":744,"column":32}},"376":{"start":{"line":746,"column":16},"end":{"line":746,"column":49}},"377":{"start":{"line":747,"column":16},"end":{"line":750,"column":17}},"378":{"start":{"line":748,"column":20},"end":{"line":748,"column":38}},"379":{"start":{"line":749,"column":20},"end":{"line":749,"column":53}},"380":{"start":{"line":752,"column":16},"end":{"line":752,"column":32}},"381":{"start":{"line":756,"column":8},"end":{"line":756,"column":27}},"382":{"start":{"line":758,"column":8},"end":{"line":762,"column":10}},"383":{"start":{"line":767,"column":8},"end":{"line":767,"column":24}},"384":{"start":{"line":768,"column":8},"end":{"line":771,"column":10}},"385":{"start":{"line":776,"column":8},"end":{"line":776,"column":24}},"386":{"start":{"line":777,"column":27},"end":{"line":777,"column":46}},"387":{"start":{"line":778,"column":8},"end":{"line":785,"column":9}},"388":{"start":{"line":779,"column":12},"end":{"line":779,"column":28}},"389":{"start":{"line":780,"column":12},"end":{"line":784,"column":14}},"390":{"start":{"line":786,"column":8},"end":{"line":786,"column":20}},"391":{"start":{"line":791,"column":8},"end":{"line":791,"column":47}},"392":{"start":{"line":792,"column":8},"end":{"line":792,"column":28}},"393":{"start":{"line":793,"column":8},"end":{"line":793,"column":44}},"394":{"start":{"line":796,"column":8},"end":{"line":796,"column":41}},"395":{"start":{"line":799,"column":8},"end":{"line":804,"column":9}},"396":{"start":{"line":800,"column":12},"end":{"line":800,"column":51}},"397":{"start":{"line":801,"column":12},"end":{"line":801,"column":31}},"398":{"start":{"line":803,"column":12},"end":{"line":803,"column":55}},"399":{"start":{"line":806,"column":24},"end":{"line":806,"column":52}},"400":{"start":{"line":807,"column":8},"end":{"line":807,"column":55}},"401":{"start":{"line":808,"column":8},"end":{"line":808,"column":23}},"402":{"start":{"line":809,"column":8},"end":{"line":809,"column":39}},"403":{"start":{"line":811,"column":8},"end":{"line":811,"column":41}},"404":{"start":{"line":812,"column":26},"end":{"line":812,"column":45}},"405":{"start":{"line":817,"column":8},"end":{"line":829,"column":9}},"406":{"start":{"line":818,"column":12},"end":{"line":818,"column":61}},"407":{"start":{"line":821,"column":13},"end":{"line":829,"column":9}},"408":{"start":{"line":822,"column":12},"end":{"line":822,"column":66}},"409":{"start":{"line":825,"column":13},"end":{"line":829,"column":9}},"410":{"start":{"line":826,"column":12},"end":{"line":826,"column":61}},"411":{"start":{"line":828,"column":12},"end":{"line":828,"column":89}},"412":{"start":{"line":832,"column":25},"end":{"line":832,"column":48}},"413":{"start":{"line":833,"column":8},"end":{"line":833,"column":83}},"414":{"start":{"line":836,"column":8},"end":{"line":836,"column":44}},"415":{"start":{"line":839,"column":8},"end":{"line":850,"column":9}},"416":{"start":{"line":840,"column":12},"end":{"line":840,"column":52}},"417":{"start":{"line":842,"column":12},"end":{"line":844,"column":13}},"418":{"start":{"line":843,"column":16},"end":{"line":843,"column":41}},"419":{"start":{"line":845,"column":12},"end":{"line":845,"column":74}},"420":{"start":{"line":846,"column":12},"end":{"line":846,"column":61}},"421":{"start":{"line":848,"column":12},"end":{"line":848,"column":60}},"422":{"start":{"line":849,"column":12},"end":{"line":849,"column":35}},"423":{"start":{"line":852,"column":8},"end":{"line":852,"column":22}},"424":{"start":{"line":858,"column":8},"end":{"line":858,"column":23}},"425":{"start":{"line":859,"column":8},"end":{"line":859,"column":29}},"426":{"start":{"line":864,"column":8},"end":{"line":864,"column":42}},"427":{"start":{"line":864,"column":29},"end":{"line":864,"column":42}},"428":{"start":{"line":865,"column":23},"end":{"line":865,"column":25}},"429":{"start":{"line":867,"column":8},"end":{"line":875,"column":9}},"430":{"start":{"line":867,"column":21},"end":{"line":867,"column":22}},"431":{"start":{"line":868,"column":28},"end":{"line":868,"column":34}},"432":{"start":{"line":869,"column":30},"end":{"line":869,"column":71}},"433":{"start":{"line":870,"column":35},"end":{"line":870,"column":66}},"434":{"start":{"line":872,"column":12},"end":{"line":874,"column":13}},"435":{"start":{"line":873,"column":16},"end":{"line":873,"column":48}},"436":{"start":{"line":877,"column":8},"end":{"line":877,"column":22}},"437":{"start":{"line":882,"column":8},"end":{"line":884,"column":9}},"438":{"start":{"line":883,"column":12},"end":{"line":883,"column":42}},"439":{"start":{"line":887,"column":29},"end":{"line":887,"column":57}},"440":{"start":{"line":888,"column":27},"end":{"line":888,"column":56}},"441":{"start":{"line":890,"column":8},"end":{"line":890,"column":83}},"442":{"start":{"line":892,"column":8},"end":{"line":902,"column":9}},"443":{"start":{"line":893,"column":12},"end":{"line":893,"column":40}},"444":{"start":{"line":894,"column":15},"end":{"line":902,"column":9}},"445":{"start":{"line":895,"column":12},"end":{"line":895,"column":44}},"446":{"start":{"line":896,"column":15},"end":{"line":902,"column":9}},"447":{"start":{"line":897,"column":12},"end":{"line":897,"column":36}},"448":{"start":{"line":898,"column":15},"end":{"line":902,"column":9}},"449":{"start":{"line":899,"column":12},"end":{"line":899,"column":42}},"450":{"start":{"line":901,"column":12},"end":{"line":901,"column":100}},"451":{"start":{"line":904,"column":8},"end":{"line":904,"column":31}},"452":{"start":{"line":909,"column":8},"end":{"line":951,"column":9}},"453":{"start":{"line":910,"column":26},"end":{"line":910,"column":28}},"454":{"start":{"line":913,"column":12},"end":{"line":950,"column":13}},"455":{"start":{"line":914,"column":16},"end":{"line":949,"column":17}},"456":{"start":{"line":915,"column":42},"end":{"line":915,"column":51}},"457":{"start":{"line":917,"column":20},"end":{"line":917,"column":69}},"458":{"start":{"line":920,"column":35},"end":{"line":920,"column":37}},"459":{"start":{"line":921,"column":20},"end":{"line":923,"column":60}},"460":{"start":{"line":921,"column":38},"end":{"line":921,"column":58}},"461":{"start":{"line":922,"column":25},"end":{"line":923,"column":60}},"462":{"start":{"line":922,"column":43},"end":{"line":922,"column":66}},"463":{"start":{"line":923,"column":25},"end":{"line":923,"column":60}},"464":{"start":{"line":923,"column":43},"end":{"line":923,"column":60}},"465":{"start":{"line":925,"column":33},"end":{"line":925,"column":76}},"466":{"start":{"line":926,"column":40},"end":{"line":926,"column":67}},"467":{"start":{"line":929,"column":20},"end":{"line":933,"column":23}},"468":{"start":{"line":936,"column":20},"end":{"line":936,"column":37}},"469":{"start":{"line":937,"column":23},"end":{"line":949,"column":17}},"470":{"start":{"line":938,"column":42},"end":{"line":938,"column":51}},"471":{"start":{"line":940,"column":20},"end":{"line":940,"column":68}},"472":{"start":{"line":941,"column":23},"end":{"line":949,"column":17}},"473":{"start":{"line":942,"column":42},"end":{"line":942,"column":51}},"474":{"start":{"line":944,"column":20},"end":{"line":944,"column":68}},"475":{"start":{"line":945,"column":23},"end":{"line":949,"column":17}},"476":{"start":{"line":946,"column":42},"end":{"line":946,"column":51}},"477":{"start":{"line":948,"column":20},"end":{"line":948,"column":68}},"478":{"start":{"line":954,"column":8},"end":{"line":960,"column":9}},"479":{"start":{"line":955,"column":12},"end":{"line":959,"column":15}},"480":{"start":{"line":962,"column":8},"end":{"line":962,"column":31}},"481":{"start":{"line":966,"column":22},"end":{"line":966,"column":37}},"482":{"start":{"line":968,"column":8},"end":{"line":993,"column":9}},"483":{"start":{"line":970,"column":31},"end":{"line":970,"column":58}},"484":{"start":{"line":970,"column":49},"end":{"line":970,"column":57}},"485":{"start":{"line":971,"column":23},"end":{"line":971,"column":36}},"486":{"start":{"line":972,"column":23},"end":{"line":972,"column":36}},"487":{"start":{"line":974,"column":12},"end":{"line":992,"column":13}},"488":{"start":{"line":974,"column":25},"end":{"line":974,"column":26}},"489":{"start":{"line":976,"column":34},"end":{"line":989,"column":17}},"490":{"start":{"line":991,"column":16},"end":{"line":991,"column":48}},"491":{"start":{"line":996,"column":8},"end":{"line":997,"column":69}},"492":{"start":{"line":1001,"column":22},"end":{"line":1001,"column":37}},"493":{"start":{"line":1003,"column":8},"end":{"line":1029,"column":9}},"494":{"start":{"line":1005,"column":31},"end":{"line":1005,"column":58}},"495":{"start":{"line":1005,"column":49},"end":{"line":1005,"column":57}},"496":{"start":{"line":1006,"column":23},"end":{"line":1006,"column":36}},"497":{"start":{"line":1007,"column":23},"end":{"line":1007,"column":36}},"498":{"start":{"line":1010,"column":12},"end":{"line":1028,"column":13}},"499":{"start":{"line":1010,"column":25},"end":{"line":1010,"column":26}},"500":{"start":{"line":1012,"column":34},"end":{"line":1025,"column":17}},"501":{"start":{"line":1027,"column":16},"end":{"line":1027,"column":48}},"502":{"start":{"line":1032,"column":8},"end":{"line":1033,"column":69}},"503":{"start":{"line":1037,"column":22},"end":{"line":1037,"column":37}},"504":{"start":{"line":1038,"column":29},"end":{"line":1038,"column":56}},"505":{"start":{"line":1041,"column":8},"end":{"line":1058,"column":9}},"506":{"start":{"line":1043,"column":30},"end":{"line":1055,"column":13}},"507":{"start":{"line":1057,"column":12},"end":{"line":1057,"column":44}},"508":{"start":{"line":1061,"column":8},"end":{"line":1062,"column":68}},"509":{"start":{"line":1067,"column":22},"end":{"line":1067,"column":37}},"510":{"start":{"line":1069,"column":8},"end":{"line":1080,"column":9}},"511":{"start":{"line":1071,"column":30},"end":{"line":1073,"column":13}},"512":{"start":{"line":1075,"column":12},"end":{"line":1079,"column":15}},"513":{"start":{"line":1085,"column":4},"end":{"line":1132,"column":5}},"514":{"start":{"line":1086,"column":8},"end":{"line":1086,"column":64}},"515":{"start":{"line":1089,"column":23},"end":{"line":1089,"column":58}},"516":{"start":{"line":1090,"column":8},"end":{"line":1090,"column":46}},"517":{"start":{"line":1093,"column":8},"end":{"line":1093,"column":37}},"518":{"start":{"line":1094,"column":22},"end":{"line":1094,"column":42}},"519":{"start":{"line":1095,"column":23},"end":{"line":1095,"column":39}},"520":{"start":{"line":1096,"column":8},"end":{"line":1096,"column":57}},"521":{"start":{"line":1099,"column":8},"end":{"line":1099,"column":34}},"522":{"start":{"line":1100,"column":23},"end":{"line":1100,"column":44}},"523":{"start":{"line":1101,"column":20},"end":{"line":1101,"column":34}},"524":{"start":{"line":1102,"column":8},"end":{"line":1102,"column":77}},"525":{"start":{"line":1105,"column":8},"end":{"line":1105,"column":48}},"526":{"start":{"line":1106,"column":26},"end":{"line":1106,"column":47}},"527":{"start":{"line":1107,"column":27},"end":{"line":1107,"column":47}},"528":{"start":{"line":1108,"column":8},"end":{"line":1108,"column":65}},"529":{"start":{"line":1111,"column":23},"end":{"line":1122,"column":9}},"530":{"start":{"line":1125,"column":8},"end":{"line":1125,"column":70}},"531":{"start":{"line":1127,"column":8},"end":{"line":1127,"column":94}},"532":{"start":{"line":1128,"column":8},"end":{"line":1128,"column":22}},"533":{"start":{"line":1130,"column":8},"end":{"line":1130,"column":53}},"534":{"start":{"line":1131,"column":8},"end":{"line":1131,"column":20}},"535":{"start":{"line":1136,"column":0},"end":{"line":1147,"column":1}},"536":{"start":{"line":1137,"column":17},"end":{"line":1137,"column":38}},"537":{"start":{"line":1138,"column":4},"end":{"line":1141,"column":5}},"538":{"start":{"line":1139,"column":8},"end":{"line":1139,"column":72}},"539":{"start":{"line":1140,"column":8},"end":{"line":1140,"column":24}},"540":{"start":{"line":1143,"column":22},"end":{"line":1143,"column":29}},"541":{"start":{"line":1144,"column":23},"end":{"line":1144,"column":30}},"542":{"start":{"line":1146,"column":4},"end":{"line":1146,"column":38}},"543":{"start":{"line":1149,"column":0},"end":{"line":1154,"column":2}}},"fnMap":{"0":{"name":"(anonymous_0)","decl":{"start":{"line":5,"column":4},"end":{"line":5,"column":5}},"loc":{"start":{"line":5,"column":24},"end":{"line":9,"column":5}},"line":5},"1":{"name":"(anonymous_1)","decl":{"start":{"line":11,"column":4},"end":{"line":11,"column":5}},"loc":{"start":{"line":11,"column":15},"end":{"line":199,"column":5}},"line":11},"2":{"name":"(anonymous_2)","decl":{"start":{"line":203,"column":4},"end":{"line":203,"column":5}},"loc":{"start":{"line":203,"column":24},"end":{"line":209,"column":5}},"line":203},"3":{"name":"(anonymous_3)","decl":{"start":{"line":211,"column":4},"end":{"line":211,"column":5}},"loc":{"start":{"line":211,"column":19},"end":{"line":213,"column":5}},"line":211},"4":{"name":"(anonymous_4)","decl":{"start":{"line":215,"column":4},"end":{"line":215,"column":5}},"loc":{"start":{"line":215,"column":19},"end":{"line":230,"column":5}},"line":215},"5":{"name":"(anonymous_5)","decl":{"start":{"line":232,"column":4},"end":{"line":232,"column":5}},"loc":{"start":{"line":232,"column":32},"end":{"line":240,"column":5}},"line":232},"6":{"name":"(anonymous_6)","decl":{"start":{"line":242,"column":4},"end":{"line":242,"column":5}},"loc":{"start":{"line":242,"column":12},"end":{"line":411,"column":5}},"line":242},"7":{"name":"(anonymous_7)","decl":{"start":{"line":413,"column":4},"end":{"line":413,"column":5}},"loc":{"start":{"line":413,"column":39},"end":{"line":446,"column":5}},"line":413},"8":{"name":"(anonymous_8)","decl":{"start":{"line":448,"column":4},"end":{"line":448,"column":5}},"loc":{"start":{"line":448,"column":44},"end":{"line":467,"column":5}},"line":448},"9":{"name":"(anonymous_9)","decl":{"start":{"line":469,"column":4},"end":{"line":469,"column":5}},"loc":{"start":{"line":469,"column":39},"end":{"line":483,"column":5}},"line":469},"10":{"name":"(anonymous_10)","decl":{"start":{"line":485,"column":4},"end":{"line":485,"column":5}},"loc":{"start":{"line":485,"column":23},"end":{"line":559,"column":5}},"line":485},"11":{"name":"(anonymous_11)","decl":{"start":{"line":561,"column":4},"end":{"line":561,"column":5}},"loc":{"start":{"line":561,"column":28},"end":{"line":662,"column":5}},"line":561},"12":{"name":"(anonymous_12)","decl":{"start":{"line":664,"column":4},"end":{"line":664,"column":5}},"loc":{"start":{"line":664,"column":20},"end":{"line":726,"column":5}},"line":664},"13":{"name":"(anonymous_13)","decl":{"start":{"line":728,"column":4},"end":{"line":728,"column":5}},"loc":{"start":{"line":728,"column":24},"end":{"line":763,"column":5}},"line":728},"14":{"name":"(anonymous_14)","decl":{"start":{"line":766,"column":4},"end":{"line":766,"column":5}},"loc":{"start":{"line":766,"column":24},"end":{"line":772,"column":5}},"line":766},"15":{"name":"(anonymous_15)","decl":{"start":{"line":775,"column":4},"end":{"line":775,"column":5}},"loc":{"start":{"line":775,"column":37},"end":{"line":787,"column":5}},"line":775},"16":{"name":"(anonymous_16)","decl":{"start":{"line":790,"column":4},"end":{"line":790,"column":5}},"loc":{"start":{"line":790,"column":19},"end":{"line":853,"column":5}},"line":790},"17":{"name":"(anonymous_17)","decl":{"start":{"line":857,"column":4},"end":{"line":857,"column":5}},"loc":{"start":{"line":857,"column":21},"end":{"line":860,"column":5}},"line":857},"18":{"name":"(anonymous_18)","decl":{"start":{"line":863,"column":4},"end":{"line":863,"column":5}},"loc":{"start":{"line":863,"column":25},"end":{"line":878,"column":5}},"line":863},"19":{"name":"(anonymous_19)","decl":{"start":{"line":880,"column":4},"end":{"line":880,"column":5}},"loc":{"start":{"line":880,"column":15},"end":{"line":905,"column":5}},"line":880},"20":{"name":"(anonymous_20)","decl":{"start":{"line":907,"column":4},"end":{"line":907,"column":5}},"loc":{"start":{"line":907,"column":22},"end":{"line":963,"column":5}},"line":907},"21":{"name":"(anonymous_21)","decl":{"start":{"line":965,"column":4},"end":{"line":965,"column":5}},"loc":{"start":{"line":965,"column":27},"end":{"line":998,"column":5}},"line":965},"22":{"name":"(anonymous_22)","decl":{"start":{"line":970,"column":44},"end":{"line":970,"column":45}},"loc":{"start":{"line":970,"column":49},"end":{"line":970,"column":57}},"line":970},"23":{"name":"(anonymous_23)","decl":{"start":{"line":1000,"column":4},"end":{"line":1000,"column":5}},"loc":{"start":{"line":1000,"column":31},"end":{"line":1034,"column":5}},"line":1000},"24":{"name":"(anonymous_24)","decl":{"start":{"line":1005,"column":44},"end":{"line":1005,"column":45}},"loc":{"start":{"line":1005,"column":49},"end":{"line":1005,"column":57}},"line":1005},"25":{"name":"(anonymous_25)","decl":{"start":{"line":1036,"column":4},"end":{"line":1036,"column":5}},"loc":{"start":{"line":1036,"column":23},"end":{"line":1063,"column":5}},"line":1036},"26":{"name":"(anonymous_26)","decl":{"start":{"line":1065,"column":4},"end":{"line":1065,"column":5}},"loc":{"start":{"line":1065,"column":29},"end":{"line":1081,"column":5}},"line":1065},"27":{"name":"compileMTL","decl":{"start":{"line":1084,"column":9},"end":{"line":1084,"column":19}},"loc":{"start":{"line":1084,"column":43},"end":{"line":1133,"column":1}},"line":1084}},"branchMap":{"0":{"loc":{"start":{"line":16,"column":12},"end":{"line":24,"column":13}},"type":"if","locations":[{"start":{"line":16,"column":12},"end":{"line":24,"column":13}},{"start":{},"end":{}}],"line":16},"1":{"loc":{"start":{"line":18,"column":23},"end":{"line":18,"column":98}},"type":"binary-expr","locations":[{"start":{"line":18,"column":23},"end":{"line":18,"column":57}},{"start":{"line":18,"column":61},"end":{"line":18,"column":98}}],"line":18},"2":{"loc":{"start":{"line":27,"column":12},"end":{"line":37,"column":13}},"type":"if","locations":[{"start":{"line":27,"column":12},"end":{"line":37,"column":13}},{"start":{},"end":{}}],"line":27},"3":{"loc":{"start":{"line":27,"column":16},"end":{"line":27,"column":70}},"type":"binary-expr","locations":[{"start":{"line":27,"column":16},"end":{"line":27,"column":28}},{"start":{"line":27,"column":32},"end":{"line":27,"column":70}}],"line":27},"4":{"loc":{"start":{"line":31,"column":23},"end":{"line":31,"column":96}},"type":"binary-expr","locations":[{"start":{"line":31,"column":23},"end":{"line":31,"column":57}},{"start":{"line":31,"column":61},"end":{"line":31,"column":96}}],"line":31},"5":{"loc":{"start":{"line":40,"column":12},"end":{"line":50,"column":13}},"type":"if","locations":[{"start":{"line":40,"column":12},"end":{"line":50,"column":13}},{"start":{},"end":{}}],"line":40},"6":{"loc":{"start":{"line":43,"column":23},"end":{"line":43,"column":95}},"type":"binary-expr","locations":[{"start":{"line":43,"column":23},"end":{"line":43,"column":57}},{"start":{"line":43,"column":61},"end":{"line":43,"column":95}}],"line":43},"7":{"loc":{"start":{"line":67,"column":12},"end":{"line":71,"column":13}},"type":"if","locations":[{"start":{"line":67,"column":12},"end":{"line":71,"column":13}},{"start":{},"end":{}}],"line":67},"8":{"loc":{"start":{"line":74,"column":12},"end":{"line":82,"column":13}},"type":"if","locations":[{"start":{"line":74,"column":12},"end":{"line":82,"column":13}},{"start":{},"end":{}}],"line":74},"9":{"loc":{"start":{"line":76,"column":23},"end":{"line":76,"column":101}},"type":"binary-expr","locations":[{"start":{"line":76,"column":23},"end":{"line":76,"column":57}},{"start":{"line":76,"column":61},"end":{"line":76,"column":101}}],"line":76},"10":{"loc":{"start":{"line":85,"column":12},"end":{"line":127,"column":13}},"type":"if","locations":[{"start":{"line":85,"column":12},"end":{"line":127,"column":13}},{"start":{},"end":{}}],"line":85},"11":{"loc":{"start":{"line":87,"column":23},"end":{"line":87,"column":108}},"type":"binary-expr","locations":[{"start":{"line":87,"column":23},"end":{"line":87,"column":57}},{"start":{"line":87,"column":61},"end":{"line":87,"column":108}}],"line":87},"12":{"loc":{"start":{"line":109,"column":16},"end":{"line":117,"column":17}},"type":"if","locations":[{"start":{"line":109,"column":16},"end":{"line":117,"column":17}},{"start":{"line":113,"column":23},"end":{"line":117,"column":17}}],"line":109},"13":{"loc":{"start":{"line":121,"column":16},"end":{"line":125,"column":17}},"type":"if","locations":[{"start":{"line":121,"column":16},"end":{"line":125,"column":17}},{"start":{"line":123,"column":23},"end":{"line":125,"column":17}}],"line":121},"14":{"loc":{"start":{"line":130,"column":12},"end":{"line":144,"column":13}},"type":"if","locations":[{"start":{"line":130,"column":12},"end":{"line":144,"column":13}},{"start":{},"end":{}}],"line":130},"15":{"loc":{"start":{"line":132,"column":23},"end":{"line":132,"column":108}},"type":"binary-expr","locations":[{"start":{"line":132,"column":23},"end":{"line":132,"column":57}},{"start":{"line":132,"column":61},"end":{"line":132,"column":108}}],"line":132},"16":{"loc":{"start":{"line":138,"column":16},"end":{"line":142,"column":17}},"type":"if","locations":[{"start":{"line":138,"column":16},"end":{"line":142,"column":17}},{"start":{"line":140,"column":23},"end":{"line":142,"column":17}}],"line":138},"17":{"loc":{"start":{"line":147,"column":12},"end":{"line":160,"column":13}},"type":"if","locations":[{"start":{"line":147,"column":12},"end":{"line":160,"column":13}},{"start":{},"end":{}}],"line":147},"18":{"loc":{"start":{"line":150,"column":23},"end":{"line":150,"column":95}},"type":"binary-expr","locations":[{"start":{"line":150,"column":23},"end":{"line":150,"column":57}},{"start":{"line":150,"column":61},"end":{"line":150,"column":95}}],"line":150},"19":{"loc":{"start":{"line":154,"column":16},"end":{"line":156,"column":17}},"type":"if","locations":[{"start":{"line":154,"column":16},"end":{"line":156,"column":17}},{"start":{},"end":{}}],"line":154},"20":{"loc":{"start":{"line":163,"column":12},"end":{"line":171,"column":13}},"type":"if","locations":[{"start":{"line":163,"column":12},"end":{"line":171,"column":13}},{"start":{},"end":{}}],"line":163},"21":{"loc":{"start":{"line":165,"column":23},"end":{"line":165,"column":107}},"type":"binary-expr","locations":[{"start":{"line":165,"column":23},"end":{"line":165,"column":57}},{"start":{"line":165,"column":61},"end":{"line":165,"column":107}}],"line":165},"22":{"loc":{"start":{"line":174,"column":12},"end":{"line":179,"column":13}},"type":"if","locations":[{"start":{"line":174,"column":12},"end":{"line":179,"column":13}},{"start":{},"end":{}}],"line":174},"23":{"loc":{"start":{"line":174,"column":16},"end":{"line":174,"column":70}},"type":"binary-expr","locations":[{"start":{"line":174,"column":16},"end":{"line":174,"column":28}},{"start":{"line":174,"column":32},"end":{"line":174,"column":70}}],"line":174},"24":{"loc":{"start":{"line":175,"column":23},"end":{"line":175,"column":96}},"type":"binary-expr","locations":[{"start":{"line":175,"column":23},"end":{"line":175,"column":57}},{"start":{"line":175,"column":61},"end":{"line":175,"column":96}}],"line":175},"25":{"loc":{"start":{"line":182,"column":12},"end":{"line":186,"column":13}},"type":"if","locations":[{"start":{"line":182,"column":12},"end":{"line":186,"column":13}},{"start":{},"end":{}}],"line":182},"26":{"loc":{"start":{"line":182,"column":16},"end":{"line":182,"column":70}},"type":"binary-expr","locations":[{"start":{"line":182,"column":16},"end":{"line":182,"column":28}},{"start":{"line":182,"column":32},"end":{"line":182,"column":70}}],"line":182},"27":{"loc":{"start":{"line":189,"column":12},"end":{"line":193,"column":13}},"type":"if","locations":[{"start":{"line":189,"column":12},"end":{"line":193,"column":13}},{"start":{},"end":{}}],"line":189},"28":{"loc":{"start":{"line":218,"column":8},"end":{"line":220,"column":9}},"type":"if","locations":[{"start":{"line":218,"column":8},"end":{"line":220,"column":9}},{"start":{},"end":{}}],"line":218},"29":{"loc":{"start":{"line":223,"column":8},"end":{"line":225,"column":9}},"type":"if","locations":[{"start":{"line":223,"column":8},"end":{"line":225,"column":9}},{"start":{},"end":{}}],"line":223},"30":{"loc":{"start":{"line":235,"column":12},"end":{"line":237,"column":13}},"type":"if","locations":[{"start":{"line":235,"column":12},"end":{"line":237,"column":13}},{"start":{},"end":{}}],"line":235},"31":{"loc":{"start":{"line":235,"column":16},"end":{"line":235,"column":71}},"type":"binary-expr","locations":[{"start":{"line":235,"column":16},"end":{"line":235,"column":43}},{"start":{"line":235,"column":47},"end":{"line":235,"column":71}}],"line":235},"32":{"loc":{"start":{"line":249,"column":8},"end":{"line":251,"column":9}},"type":"if","locations":[{"start":{"line":249,"column":8},"end":{"line":251,"column":9}},{"start":{},"end":{}}],"line":249},"33":{"loc":{"start":{"line":249,"column":12},"end":{"line":249,"column":63}},"type":"binary-expr","locations":[{"start":{"line":249,"column":12},"end":{"line":249,"column":26}},{"start":{"line":249,"column":30},"end":{"line":249,"column":63}}],"line":249},"34":{"loc":{"start":{"line":270,"column":12},"end":{"line":273,"column":13}},"type":"if","locations":[{"start":{"line":270,"column":12},"end":{"line":273,"column":13}},{"start":{},"end":{}}],"line":270},"35":{"loc":{"start":{"line":276,"column":12},"end":{"line":314,"column":13}},"type":"if","locations":[{"start":{"line":276,"column":12},"end":{"line":314,"column":13}},{"start":{"line":312,"column":19},"end":{"line":314,"column":13}}],"line":276},"36":{"loc":{"start":{"line":276,"column":16},"end":{"line":276,"column":70}},"type":"binary-expr","locations":[{"start":{"line":276,"column":16},"end":{"line":276,"column":43}},{"start":{"line":276,"column":47},"end":{"line":276,"column":70}}],"line":276},"37":{"loc":{"start":{"line":289,"column":16},"end":{"line":291,"column":17}},"type":"if","locations":[{"start":{"line":289,"column":16},"end":{"line":291,"column":17}},{"start":{},"end":{}}],"line":289},"38":{"loc":{"start":{"line":295,"column":16},"end":{"line":299,"column":17}},"type":"if","locations":[{"start":{"line":295,"column":16},"end":{"line":299,"column":17}},{"start":{},"end":{}}],"line":295},"39":{"loc":{"start":{"line":295,"column":20},"end":{"line":297,"column":68}},"type":"binary-expr","locations":[{"start":{"line":295,"column":20},"end":{"line":295,"column":48}},{"start":{"line":296,"column":22},"end":{"line":296,"column":43}},{"start":{"line":296,"column":47},"end":{"line":296,"column":66}},{"start":{"line":297,"column":22},"end":{"line":297,"column":43}},{"start":{"line":297,"column":47},"end":{"line":297,"column":66}}],"line":295},"40":{"loc":{"start":{"line":307,"column":16},"end":{"line":311,"column":17}},"type":"if","locations":[{"start":{"line":307,"column":16},"end":{"line":311,"column":17}},{"start":{"line":309,"column":23},"end":{"line":311,"column":17}}],"line":307},"41":{"loc":{"start":{"line":309,"column":23},"end":{"line":311,"column":17}},"type":"if","locations":[{"start":{"line":309,"column":23},"end":{"line":311,"column":17}},{"start":{},"end":{}}],"line":309},"42":{"loc":{"start":{"line":322,"column":8},"end":{"line":324,"column":9}},"type":"if","locations":[{"start":{"line":322,"column":8},"end":{"line":324,"column":9}},{"start":{},"end":{}}],"line":322},"43":{"loc":{"start":{"line":322,"column":12},"end":{"line":322,"column":69}},"type":"binary-expr","locations":[{"start":{"line":322,"column":12},"end":{"line":322,"column":28}},{"start":{"line":322,"column":32},"end":{"line":322,"column":69}}],"line":322},"44":{"loc":{"start":{"line":329,"column":8},"end":{"line":331,"column":9}},"type":"if","locations":[{"start":{"line":329,"column":8},"end":{"line":331,"column":9}},{"start":{},"end":{}}],"line":329},"45":{"loc":{"start":{"line":347,"column":12},"end":{"line":403,"column":13}},"type":"if","locations":[{"start":{"line":347,"column":12},"end":{"line":403,"column":13}},{"start":{"line":357,"column":19},"end":{"line":403,"column":13}}],"line":347},"46":{"loc":{"start":{"line":354,"column":16},"end":{"line":356,"column":17}},"type":"if","locations":[{"start":{"line":354,"column":16},"end":{"line":356,"column":17}},{"start":{},"end":{}}],"line":354},"47":{"loc":{"start":{"line":357,"column":19},"end":{"line":403,"column":13}},"type":"if","locations":[{"start":{"line":357,"column":19},"end":{"line":403,"column":13}},{"start":{"line":384,"column":19},"end":{"line":403,"column":13}}],"line":357},"48":{"loc":{"start":{"line":357,"column":23},"end":{"line":357,"column":77}},"type":"binary-expr","locations":[{"start":{"line":357,"column":23},"end":{"line":357,"column":50}},{"start":{"line":357,"column":54},"end":{"line":357,"column":77}}],"line":357},"49":{"loc":{"start":{"line":367,"column":20},"end":{"line":375,"column":21}},"type":"if","locations":[{"start":{"line":367,"column":20},"end":{"line":375,"column":21}},{"start":{"line":373,"column":27},"end":{"line":375,"column":21}}],"line":367},"50":{"loc":{"start":{"line":370,"column":24},"end":{"line":372,"column":25}},"type":"if","locations":[{"start":{"line":370,"column":24},"end":{"line":372,"column":25}},{"start":{},"end":{}}],"line":370},"51":{"loc":{"start":{"line":384,"column":19},"end":{"line":403,"column":13}},"type":"if","locations":[{"start":{"line":384,"column":19},"end":{"line":403,"column":13}},{"start":{"line":401,"column":19},"end":{"line":403,"column":13}}],"line":384},"52":{"loc":{"start":{"line":389,"column":16},"end":{"line":400,"column":17}},"type":"if","locations":[{"start":{"line":389,"column":16},"end":{"line":400,"column":17}},{"start":{},"end":{}}],"line":389},"53":{"loc":{"start":{"line":392,"column":20},"end":{"line":399,"column":21}},"type":"if","locations":[{"start":{"line":392,"column":20},"end":{"line":399,"column":21}},{"start":{},"end":{}}],"line":392},"54":{"loc":{"start":{"line":419,"column":15},"end":{"line":419,"column":91}},"type":"binary-expr","locations":[{"start":{"line":419,"column":15},"end":{"line":419,"column":53}},{"start":{"line":419,"column":57},"end":{"line":419,"column":91}}],"line":419},"55":{"loc":{"start":{"line":420,"column":12},"end":{"line":428,"column":13}},"type":"if","locations":[{"start":{"line":420,"column":12},"end":{"line":428,"column":13}},{"start":{"line":422,"column":19},"end":{"line":428,"column":13}}],"line":420},"56":{"loc":{"start":{"line":422,"column":19},"end":{"line":428,"column":13}},"type":"if","locations":[{"start":{"line":422,"column":19},"end":{"line":428,"column":13}},{"start":{"line":424,"column":19},"end":{"line":428,"column":13}}],"line":422},"57":{"loc":{"start":{"line":424,"column":19},"end":{"line":428,"column":13}},"type":"if","locations":[{"start":{"line":424,"column":19},"end":{"line":428,"column":13}},{"start":{"line":426,"column":19},"end":{"line":428,"column":13}}],"line":424},"58":{"loc":{"start":{"line":431,"column":12},"end":{"line":434,"column":13}},"type":"if","locations":[{"start":{"line":431,"column":12},"end":{"line":434,"column":13}},{"start":{},"end":{}}],"line":431},"59":{"loc":{"start":{"line":454,"column":8},"end":{"line":458,"column":9}},"type":"if","locations":[{"start":{"line":454,"column":8},"end":{"line":458,"column":9}},{"start":{},"end":{}}],"line":454},"60":{"loc":{"start":{"line":494,"column":8},"end":{"line":498,"column":9}},"type":"if","locations":[{"start":{"line":494,"column":8},"end":{"line":498,"column":9}},{"start":{},"end":{}}],"line":494},"61":{"loc":{"start":{"line":505,"column":12},"end":{"line":519,"column":13}},"type":"if","locations":[{"start":{"line":505,"column":12},"end":{"line":519,"column":13}},{"start":{"line":517,"column":17},"end":{"line":519,"column":13}}],"line":505},"62":{"loc":{"start":{"line":506,"column":16},"end":{"line":514,"column":17}},"type":"if","locations":[{"start":{"line":506,"column":16},"end":{"line":514,"column":17}},{"start":{"line":508,"column":23},"end":{"line":514,"column":17}}],"line":506},"63":{"loc":{"start":{"line":508,"column":23},"end":{"line":514,"column":17}},"type":"if","locations":[{"start":{"line":508,"column":23},"end":{"line":514,"column":17}},{"start":{},"end":{}}],"line":508},"64":{"loc":{"start":{"line":510,"column":20},"end":{"line":513,"column":21}},"type":"if","locations":[{"start":{"line":510,"column":20},"end":{"line":513,"column":21}},{"start":{},"end":{}}],"line":510},"65":{"loc":{"start":{"line":517,"column":17},"end":{"line":519,"column":13}},"type":"if","locations":[{"start":{"line":517,"column":17},"end":{"line":519,"column":13}},{"start":{},"end":{}}],"line":517},"66":{"loc":{"start":{"line":517,"column":21},"end":{"line":517,"column":115}},"type":"binary-expr","locations":[{"start":{"line":517,"column":21},"end":{"line":517,"column":41}},{"start":{"line":517,"column":45},"end":{"line":517,"column":66}},{"start":{"line":517,"column":70},"end":{"line":517,"column":91}},{"start":{"line":517,"column":95},"end":{"line":517,"column":115}}],"line":517},"67":{"loc":{"start":{"line":526,"column":8},"end":{"line":528,"column":9}},"type":"if","locations":[{"start":{"line":526,"column":8},"end":{"line":528,"column":9}},{"start":{},"end":{}}],"line":526},"68":{"loc":{"start":{"line":526,"column":12},"end":{"line":526,"column":61}},"type":"binary-expr","locations":[{"start":{"line":526,"column":12},"end":{"line":526,"column":22}},{"start":{"line":526,"column":26},"end":{"line":526,"column":61}}],"line":526},"69":{"loc":{"start":{"line":537,"column":8},"end":{"line":550,"column":9}},"type":"if","locations":[{"start":{"line":537,"column":8},"end":{"line":550,"column":9}},{"start":{},"end":{}}],"line":537},"70":{"loc":{"start":{"line":537,"column":12},"end":{"line":537,"column":57}},"type":"binary-expr","locations":[{"start":{"line":537,"column":12},"end":{"line":537,"column":27}},{"start":{"line":537,"column":31},"end":{"line":537,"column":57}}],"line":537},"71":{"loc":{"start":{"line":538,"column":12},"end":{"line":540,"column":13}},"type":"if","locations":[{"start":{"line":538,"column":12},"end":{"line":540,"column":13}},{"start":{},"end":{}}],"line":538},"72":{"loc":{"start":{"line":572,"column":106},"end":{"line":572,"column":163}},"type":"cond-expr","locations":[{"start":{"line":572,"column":130},"end":{"line":572,"column":149}},{"start":{"line":572,"column":152},"end":{"line":572,"column":163}}],"line":572},"73":{"loc":{"start":{"line":575,"column":35},"end":{"line":577,"column":65}},"type":"binary-expr","locations":[{"start":{"line":575,"column":36},"end":{"line":575,"column":63}},{"start":{"line":575,"column":67},"end":{"line":575,"column":88}},{"start":{"line":576,"column":33},"end":{"line":576,"column":54}},{"start":{"line":577,"column":33},"end":{"line":577,"column":65}}],"line":575},"74":{"loc":{"start":{"line":579,"column":12},"end":{"line":653,"column":13}},"type":"if","locations":[{"start":{"line":579,"column":12},"end":{"line":653,"column":13}},{"start":{},"end":{}}],"line":579},"75":{"loc":{"start":{"line":596,"column":20},"end":{"line":626,"column":21}},"type":"if","locations":[{"start":{"line":596,"column":20},"end":{"line":626,"column":21}},{"start":{"line":600,"column":27},"end":{"line":626,"column":21}}],"line":596},"76":{"loc":{"start":{"line":600,"column":27},"end":{"line":626,"column":21}},"type":"if","locations":[{"start":{"line":600,"column":27},"end":{"line":626,"column":21}},{"start":{"line":614,"column":27},"end":{"line":626,"column":21}}],"line":600},"77":{"loc":{"start":{"line":602,"column":24},"end":{"line":613,"column":25}},"type":"if","locations":[{"start":{"line":602,"column":24},"end":{"line":613,"column":25}},{"start":{"line":609,"column":31},"end":{"line":613,"column":25}}],"line":602},"78":{"loc":{"start":{"line":605,"column":28},"end":{"line":607,"column":29}},"type":"if","locations":[{"start":{"line":605,"column":28},"end":{"line":607,"column":29}},{"start":{},"end":{}}],"line":605},"79":{"loc":{"start":{"line":614,"column":27},"end":{"line":626,"column":21}},"type":"if","locations":[{"start":{"line":614,"column":27},"end":{"line":626,"column":21}},{"start":{"line":621,"column":27},"end":{"line":626,"column":21}}],"line":614},"80":{"loc":{"start":{"line":614,"column":31},"end":{"line":614,"column":69}},"type":"binary-expr","locations":[{"start":{"line":614,"column":31},"end":{"line":614,"column":49}},{"start":{"line":614,"column":53},"end":{"line":614,"column":69}}],"line":614},"81":{"loc":{"start":{"line":617,"column":24},"end":{"line":620,"column":25}},"type":"if","locations":[{"start":{"line":617,"column":24},"end":{"line":620,"column":25}},{"start":{},"end":{}}],"line":617},"82":{"loc":{"start":{"line":621,"column":27},"end":{"line":626,"column":21}},"type":"if","locations":[{"start":{"line":621,"column":27},"end":{"line":626,"column":21}},{"start":{"line":624,"column":27},"end":{"line":626,"column":21}}],"line":621},"83":{"loc":{"start":{"line":621,"column":31},"end":{"line":621,"column":78}},"type":"binary-expr","locations":[{"start":{"line":621,"column":31},"end":{"line":621,"column":54}},{"start":{"line":621,"column":58},"end":{"line":621,"column":78}}],"line":621},"84":{"loc":{"start":{"line":643,"column":16},"end":{"line":649,"column":17}},"type":"if","locations":[{"start":{"line":643,"column":16},"end":{"line":649,"column":17}},{"start":{},"end":{}}],"line":643},"85":{"loc":{"start":{"line":657,"column":8},"end":{"line":659,"column":9}},"type":"if","locations":[{"start":{"line":657,"column":8},"end":{"line":659,"column":9}},{"start":{},"end":{}}],"line":657},"86":{"loc":{"start":{"line":668,"column":8},"end":{"line":670,"column":9}},"type":"if","locations":[{"start":{"line":668,"column":8},"end":{"line":670,"column":9}},{"start":{},"end":{}}],"line":668},"87":{"loc":{"start":{"line":673,"column":8},"end":{"line":675,"column":9}},"type":"if","locations":[{"start":{"line":673,"column":8},"end":{"line":675,"column":9}},{"start":{},"end":{}}],"line":673},"88":{"loc":{"start":{"line":684,"column":12},"end":{"line":693,"column":13}},"type":"if","locations":[{"start":{"line":684,"column":12},"end":{"line":693,"column":13}},{"start":{"line":691,"column":19},"end":{"line":693,"column":13}}],"line":684},"89":{"loc":{"start":{"line":685,"column":16},"end":{"line":690,"column":17}},"type":"if","locations":[{"start":{"line":685,"column":16},"end":{"line":690,"column":17}},{"start":{"line":688,"column":23},"end":{"line":690,"column":17}}],"line":685},"90":{"loc":{"start":{"line":691,"column":19},"end":{"line":693,"column":13}},"type":"if","locations":[{"start":{"line":691,"column":19},"end":{"line":693,"column":13}},{"start":{},"end":{}}],"line":691},"91":{"loc":{"start":{"line":696,"column":12},"end":{"line":722,"column":13}},"type":"if","locations":[{"start":{"line":696,"column":12},"end":{"line":722,"column":13}},{"start":{"line":717,"column":19},"end":{"line":722,"column":13}}],"line":696},"92":{"loc":{"start":{"line":700,"column":16},"end":{"line":716,"column":17}},"type":"if","locations":[{"start":{"line":700,"column":16},"end":{"line":716,"column":17}},{"start":{"line":712,"column":23},"end":{"line":716,"column":17}}],"line":700},"93":{"loc":{"start":{"line":704,"column":20},"end":{"line":711,"column":21}},"type":"if","locations":[{"start":{"line":704,"column":20},"end":{"line":711,"column":21}},{"start":{},"end":{}}],"line":704},"94":{"loc":{"start":{"line":712,"column":23},"end":{"line":716,"column":17}},"type":"if","locations":[{"start":{"line":712,"column":23},"end":{"line":716,"column":17}},{"start":{},"end":{}}],"line":712},"95":{"loc":{"start":{"line":712,"column":27},"end":{"line":712,"column":103}},"type":"binary-expr","locations":[{"start":{"line":712,"column":27},"end":{"line":712,"column":49}},{"start":{"line":712,"column":53},"end":{"line":712,"column":75}},{"start":{"line":712,"column":79},"end":{"line":712,"column":103}}],"line":712},"96":{"loc":{"start":{"line":717,"column":19},"end":{"line":722,"column":13}},"type":"if","locations":[{"start":{"line":717,"column":19},"end":{"line":722,"column":13}},{"start":{"line":720,"column":19},"end":{"line":722,"column":13}}],"line":717},"97":{"loc":{"start":{"line":717,"column":23},"end":{"line":717,"column":96}},"type":"binary-expr","locations":[{"start":{"line":717,"column":23},"end":{"line":717,"column":44}},{"start":{"line":717,"column":48},"end":{"line":717,"column":69}},{"start":{"line":717,"column":73},"end":{"line":717,"column":96}}],"line":717},"98":{"loc":{"start":{"line":737,"column":15},"end":{"line":737,"column":91}},"type":"binary-expr","locations":[{"start":{"line":737,"column":15},"end":{"line":737,"column":53}},{"start":{"line":737,"column":57},"end":{"line":737,"column":91}}],"line":737},"99":{"loc":{"start":{"line":739,"column":12},"end":{"line":753,"column":13}},"type":"if","locations":[{"start":{"line":739,"column":12},"end":{"line":753,"column":13}},{"start":{"line":751,"column":19},"end":{"line":753,"column":13}}],"line":739},"100":{"loc":{"start":{"line":739,"column":16},"end":{"line":739,"column":97}},"type":"binary-expr","locations":[{"start":{"line":739,"column":16},"end":{"line":739,"column":43}},{"start":{"line":739,"column":47},"end":{"line":739,"column":70}},{"start":{"line":739,"column":74},"end":{"line":739,"column":97}}],"line":739},"101":{"loc":{"start":{"line":747,"column":16},"end":{"line":750,"column":17}},"type":"if","locations":[{"start":{"line":747,"column":16},"end":{"line":750,"column":17}},{"start":{},"end":{}}],"line":747},"102":{"loc":{"start":{"line":778,"column":8},"end":{"line":785,"column":9}},"type":"if","locations":[{"start":{"line":778,"column":8},"end":{"line":785,"column":9}},{"start":{},"end":{}}],"line":778},"103":{"loc":{"start":{"line":799,"column":8},"end":{"line":804,"column":9}},"type":"if","locations":[{"start":{"line":799,"column":8},"end":{"line":804,"column":9}},{"start":{"line":802,"column":15},"end":{"line":804,"column":9}}],"line":799},"104":{"loc":{"start":{"line":817,"column":8},"end":{"line":829,"column":9}},"type":"if","locations":[{"start":{"line":817,"column":8},"end":{"line":829,"column":9}},{"start":{"line":821,"column":13},"end":{"line":829,"column":9}}],"line":817},"105":{"loc":{"start":{"line":817,"column":12},"end":{"line":817,"column":96}},"type":"binary-expr","locations":[{"start":{"line":817,"column":12},"end":{"line":817,"column":43}},{"start":{"line":817,"column":47},"end":{"line":817,"column":96}}],"line":817},"106":{"loc":{"start":{"line":821,"column":13},"end":{"line":829,"column":9}},"type":"if","locations":[{"start":{"line":821,"column":13},"end":{"line":829,"column":9}},{"start":{"line":825,"column":13},"end":{"line":829,"column":9}}],"line":821},"107":{"loc":{"start":{"line":821,"column":17},"end":{"line":821,"column":78}},"type":"binary-expr","locations":[{"start":{"line":821,"column":17},"end":{"line":821,"column":48}},{"start":{"line":821,"column":52},"end":{"line":821,"column":78}}],"line":821},"108":{"loc":{"start":{"line":825,"column":13},"end":{"line":829,"column":9}},"type":"if","locations":[{"start":{"line":825,"column":13},"end":{"line":829,"column":9}},{"start":{"line":827,"column":15},"end":{"line":829,"column":9}}],"line":825},"109":{"loc":{"start":{"line":836,"column":22},"end":{"line":836,"column":43}},"type":"binary-expr","locations":[{"start":{"line":836,"column":22},"end":{"line":836,"column":37}},{"start":{"line":836,"column":41},"end":{"line":836,"column":43}}],"line":836},"110":{"loc":{"start":{"line":839,"column":8},"end":{"line":850,"column":9}},"type":"if","locations":[{"start":{"line":839,"column":8},"end":{"line":850,"column":9}},{"start":{"line":847,"column":15},"end":{"line":850,"column":9}}],"line":839},"111":{"loc":{"start":{"line":839,"column":12},"end":{"line":839,"column":65}},"type":"binary-expr","locations":[{"start":{"line":839,"column":12},"end":{"line":839,"column":31}},{"start":{"line":839,"column":35},"end":{"line":839,"column":65}}],"line":839},"112":{"loc":{"start":{"line":842,"column":12},"end":{"line":844,"column":13}},"type":"if","locations":[{"start":{"line":842,"column":12},"end":{"line":844,"column":13}},{"start":{},"end":{}}],"line":842},"113":{"loc":{"start":{"line":864,"column":8},"end":{"line":864,"column":42}},"type":"if","locations":[{"start":{"line":864,"column":8},"end":{"line":864,"column":42}},{"start":{},"end":{}}],"line":864},"114":{"loc":{"start":{"line":882,"column":8},"end":{"line":884,"column":9}},"type":"if","locations":[{"start":{"line":882,"column":8},"end":{"line":884,"column":9}},{"start":{},"end":{}}],"line":882},"115":{"loc":{"start":{"line":882,"column":12},"end":{"line":882,"column":65}},"type":"binary-expr","locations":[{"start":{"line":882,"column":12},"end":{"line":882,"column":31}},{"start":{"line":882,"column":35},"end":{"line":882,"column":65}}],"line":882},"116":{"loc":{"start":{"line":887,"column":29},"end":{"line":887,"column":57}},"type":"binary-expr","locations":[{"start":{"line":887,"column":29},"end":{"line":887,"column":51}},{"start":{"line":887,"column":55},"end":{"line":887,"column":57}}],"line":887},"117":{"loc":{"start":{"line":888,"column":27},"end":{"line":888,"column":56}},"type":"binary-expr","locations":[{"start":{"line":888,"column":27},"end":{"line":888,"column":50}},{"start":{"line":888,"column":54},"end":{"line":888,"column":56}}],"line":888},"118":{"loc":{"start":{"line":892,"column":8},"end":{"line":902,"column":9}},"type":"if","locations":[{"start":{"line":892,"column":8},"end":{"line":902,"column":9}},{"start":{"line":894,"column":15},"end":{"line":902,"column":9}}],"line":892},"119":{"loc":{"start":{"line":892,"column":12},"end":{"line":892,"column":127}},"type":"binary-expr","locations":[{"start":{"line":892,"column":12},"end":{"line":892,"column":56}},{"start":{"line":892,"column":60},"end":{"line":892,"column":104}},{"start":{"line":892,"column":108},"end":{"line":892,"column":127}}],"line":892},"120":{"loc":{"start":{"line":894,"column":15},"end":{"line":902,"column":9}},"type":"if","locations":[{"start":{"line":894,"column":15},"end":{"line":902,"column":9}},{"start":{"line":896,"column":15},"end":{"line":902,"column":9}}],"line":894},"121":{"loc":{"start":{"line":894,"column":19},"end":{"line":894,"column":132}},"type":"binary-expr","locations":[{"start":{"line":894,"column":19},"end":{"line":894,"column":62}},{"start":{"line":894,"column":66},"end":{"line":894,"column":109}},{"start":{"line":894,"column":113},"end":{"line":894,"column":132}}],"line":894},"122":{"loc":{"start":{"line":896,"column":15},"end":{"line":902,"column":9}},"type":"if","locations":[{"start":{"line":896,"column":15},"end":{"line":902,"column":9}},{"start":{"line":898,"column":15},"end":{"line":902,"column":9}}],"line":896},"123":{"loc":{"start":{"line":896,"column":19},"end":{"line":896,"column":115}},"type":"binary-expr","locations":[{"start":{"line":896,"column":19},"end":{"line":896,"column":55}},{"start":{"line":896,"column":59},"end":{"line":896,"column":92}},{"start":{"line":896,"column":96},"end":{"line":896,"column":115}}],"line":896},"124":{"loc":{"start":{"line":898,"column":15},"end":{"line":902,"column":9}},"type":"if","locations":[{"start":{"line":898,"column":15},"end":{"line":902,"column":9}},{"start":{"line":900,"column":15},"end":{"line":902,"column":9}}],"line":898},"125":{"loc":{"start":{"line":898,"column":19},"end":{"line":898,"column":90}},"type":"binary-expr","locations":[{"start":{"line":898,"column":19},"end":{"line":898,"column":64}},{"start":{"line":898,"column":68},"end":{"line":898,"column":90}}],"line":898},"126":{"loc":{"start":{"line":913,"column":31},"end":{"line":913,"column":52}},"type":"binary-expr","locations":[{"start":{"line":913,"column":31},"end":{"line":913,"column":46}},{"start":{"line":913,"column":50},"end":{"line":913,"column":52}}],"line":913},"127":{"loc":{"start":{"line":914,"column":16},"end":{"line":949,"column":17}},"type":"if","locations":[{"start":{"line":914,"column":16},"end":{"line":949,"column":17}},{"start":{"line":937,"column":23},"end":{"line":949,"column":17}}],"line":914},"128":{"loc":{"start":{"line":921,"column":20},"end":{"line":923,"column":60}},"type":"if","locations":[{"start":{"line":921,"column":20},"end":{"line":923,"column":60}},{"start":{"line":922,"column":25},"end":{"line":923,"column":60}}],"line":921},"129":{"loc":{"start":{"line":922,"column":25},"end":{"line":923,"column":60}},"type":"if","locations":[{"start":{"line":922,"column":25},"end":{"line":923,"column":60}},{"start":{"line":923,"column":25},"end":{"line":923,"column":60}}],"line":922},"130":{"loc":{"start":{"line":923,"column":25},"end":{"line":923,"column":60}},"type":"if","locations":[{"start":{"line":923,"column":25},"end":{"line":923,"column":60}},{"start":{},"end":{}}],"line":923},"131":{"loc":{"start":{"line":925,"column":33},"end":{"line":925,"column":76}},"type":"binary-expr","locations":[{"start":{"line":925,"column":33},"end":{"line":925,"column":55}},{"start":{"line":925,"column":59},"end":{"line":925,"column":76}}],"line":925},"132":{"loc":{"start":{"line":937,"column":23},"end":{"line":949,"column":17}},"type":"if","locations":[{"start":{"line":937,"column":23},"end":{"line":949,"column":17}},{"start":{"line":941,"column":23},"end":{"line":949,"column":17}}],"line":937},"133":{"loc":{"start":{"line":941,"column":23},"end":{"line":949,"column":17}},"type":"if","locations":[{"start":{"line":941,"column":23},"end":{"line":949,"column":17}},{"start":{"line":945,"column":23},"end":{"line":949,"column":17}}],"line":941},"134":{"loc":{"start":{"line":945,"column":23},"end":{"line":949,"column":17}},"type":"if","locations":[{"start":{"line":945,"column":23},"end":{"line":949,"column":17}},{"start":{},"end":{}}],"line":945},"135":{"loc":{"start":{"line":954,"column":8},"end":{"line":960,"column":9}},"type":"if","locations":[{"start":{"line":954,"column":8},"end":{"line":960,"column":9}},{"start":{},"end":{}}],"line":954},"136":{"loc":{"start":{"line":957,"column":22},"end":{"line":957,"column":65}},"type":"binary-expr","locations":[{"start":{"line":957,"column":22},"end":{"line":957,"column":44}},{"start":{"line":957,"column":48},"end":{"line":957,"column":65}}],"line":957},"137":{"loc":{"start":{"line":958,"column":29},"end":{"line":958,"column":86}},"type":"binary-expr","locations":[{"start":{"line":958,"column":29},"end":{"line":958,"column":58}},{"start":{"line":958,"column":62},"end":{"line":958,"column":86}}],"line":958},"138":{"loc":{"start":{"line":1136,"column":0},"end":{"line":1147,"column":1}},"type":"if","locations":[{"start":{"line":1136,"column":0},"end":{"line":1147,"column":1}},{"start":{},"end":{}}],"line":1136},"139":{"loc":{"start":{"line":1138,"column":4},"end":{"line":1141,"column":5}},"type":"if","locations":[{"start":{"line":1138,"column":4},"end":{"line":1141,"column":5}},{"start":{},"end":{}}],"line":1138}},"s":{"0":1,"1":1,"2":5,"3":5,"4":5,"5":5,"6":643,"7":643,"8":216,"9":216,"10":840,"11":840,"12":216,"13":216,"14":427,"15":0,"16":0,"17":0,"18":0,"19":0,"20":0,"21":0,"22":427,"23":26,"24":26,"25":26,"26":572,"27":572,"28":26,"29":26,"30":26,"31":401,"32":401,"33":205,"34":205,"35":205,"36":196,"37":17,"38":17,"39":17,"40":17,"41":17,"42":17,"43":179,"44":173,"45":173,"46":672,"47":672,"48":173,"49":173,"50":173,"51":173,"52":63,"53":63,"54":63,"55":110,"56":110,"57":110,"58":173,"59":0,"60":0,"61":0,"62":0,"63":6,"64":0,"65":0,"66":0,"67":0,"68":0,"69":0,"70":0,"71":0,"72":6,"73":0,"74":0,"75":0,"76":0,"77":0,"78":0,"79":0,"80":0,"81":0,"82":0,"83":6,"84":0,"85":0,"86":0,"87":0,"88":0,"89":0,"90":6,"91":0,"92":0,"93":0,"94":6,"95":0,"96":0,"97":0,"98":6,"99":0,"100":0,"101":0,"102":6,"103":5,"104":5,"105":5,"106":5,"107":5,"108":5,"109":965,"110":61,"111":61,"112":0,"113":61,"114":61,"115":0,"116":61,"117":61,"118":61,"119":276,"120":363,"121":363,"122":276,"123":87,"124":5,"125":5,"126":5,"127":5,"128":0,"129":5,"130":5,"131":5,"132":5,"133":5,"134":5,"135":5,"136":31,"137":31,"138":5,"139":5,"140":26,"141":26,"142":26,"143":26,"144":26,"145":26,"146":26,"147":26,"148":0,"149":26,"150":26,"151":0,"152":26,"153":26,"154":26,"155":26,"156":26,"157":21,"158":5,"159":0,"160":0,"161":26,"162":5,"163":5,"164":5,"165":0,"166":5,"167":5,"168":5,"169":5,"170":5,"171":5,"172":5,"173":108,"174":108,"175":108,"176":5,"177":5,"178":5,"179":5,"180":5,"181":5,"182":103,"183":0,"184":0,"185":0,"186":0,"187":0,"188":0,"189":0,"190":0,"191":0,"192":0,"193":0,"194":0,"195":0,"196":0,"197":103,"198":17,"199":17,"200":17,"201":0,"202":0,"203":0,"204":0,"205":0,"206":86,"207":5,"208":5,"209":5,"210":5,"211":0,"212":0,"213":0,"214":0,"215":0,"216":0,"217":0,"218":0,"219":0,"220":0,"221":0,"222":0,"223":0,"224":0,"225":0,"226":0,"227":0,"228":0,"229":5,"230":5,"231":5,"232":5,"233":0,"234":0,"235":0,"236":5,"237":0,"238":0,"239":0,"240":0,"241":0,"242":0,"243":5,"244":5,"245":5,"246":5,"247":5,"248":0,"249":0,"250":0,"251":5,"252":293,"253":293,"254":0,"255":0,"256":0,"257":0,"258":0,"259":0,"260":0,"261":293,"262":0,"263":293,"264":293,"265":5,"266":0,"267":5,"268":5,"269":5,"270":5,"271":5,"272":5,"273":5,"274":5,"275":5,"276":0,"277":0,"278":5,"279":5,"280":5,"281":5,"282":5,"283":266,"284":266,"285":266,"286":266,"287":266,"288":6,"289":6,"290":6,"291":6,"292":6,"293":6,"294":6,"295":6,"296":27,"297":27,"298":27,"299":0,"300":0,"301":0,"302":27,"303":6,"304":6,"305":6,"306":6,"307":6,"308":6,"309":0,"310":0,"311":0,"312":21,"313":5,"314":5,"315":5,"316":5,"317":16,"318":11,"319":11,"320":5,"321":21,"322":6,"323":6,"324":6,"325":6,"326":6,"327":6,"328":6,"329":6,"330":5,"331":0,"332":5,"333":0,"334":0,"335":0,"336":0,"337":0,"338":0,"339":0,"340":0,"341":0,"342":0,"343":0,"344":0,"345":0,"346":0,"347":0,"348":0,"349":0,"350":0,"351":0,"352":0,"353":0,"354":0,"355":0,"356":0,"357":0,"358":0,"359":0,"360":0,"361":0,"362":0,"363":0,"364":0,"365":0,"366":0,"367":0,"368":0,"369":0,"370":0,"371":0,"372":0,"373":0,"374":0,"375":0,"376":0,"377":0,"378":0,"379":0,"380":0,"381":0,"382":0,"383":0,"384":0,"385":0,"386":0,"387":0,"388":0,"389":0,"390":0,"391":5,"392":5,"393":5,"394":5,"395":5,"396":5,"397":5,"398":0,"399":5,"400":5,"401":5,"402":5,"403":5,"404":5,"405":5,"406":0,"407":5,"408":5,"409":0,"410":0,"411":0,"412":5,"413":5,"414":5,"415":5,"416":5,"417":5,"418":0,"419":5,"420":5,"421":0,"422":0,"423":5,"424":5,"425":5,"426":0,"427":0,"428":0,"429":0,"430":0,"431":0,"432":0,"433":0,"434":0,"435":0,"436":0,"437":5,"438":5,"439":0,"440":0,"441":0,"442":0,"443":0,"444":0,"445":0,"446":0,"447":0,"448":0,"449":0,"450":0,"451":0,"452":5,"453":6,"454":6,"455":6,"456":6,"457":6,"458":6,"459":6,"460":0,"461":6,"462":0,"463":6,"464":0,"465":6,"466":6,"467":6,"468":6,"469":0,"470":0,"471":0,"472":0,"473":0,"474":0,"475":0,"476":0,"477":0,"478":5,"479":0,"480":5,"481":0,"482":0,"483":0,"484":0,"485":0,"486":0,"487":0,"488":0,"489":0,"490":0,"491":0,"492":0,"493":0,"494":0,"495":0,"496":0,"497":0,"498":0,"499":0,"500":0,"501":0,"502":0,"503":0,"504":0,"505":0,"506":0,"507":0,"508":0,"509":0,"510":0,"511":0,"512":0,"513":5,"514":5,"515":5,"516":5,"517":5,"518":5,"519":5,"520":5,"521":5,"522":5,"523":5,"524":5,"525":5,"526":5,"527":5,"528":5,"529":5,"530":5,"531":5,"532":5,"533":0,"534":0,"535":1,"536":0,"537":0,"538":0,"539":0,"540":0,"541":0,"542":0,"543":1},"f":{"0":5,"1":5,"2":5,"3":965,"4":61,"5":276,"6":5,"7":0,"8":5,"9":0,"10":5,"11":5,"12":0,"13":0,"14":0,"15":0,"16":5,"17":5,"18":0,"19":5,"20":5,"21":0,"22":0,"23":0,"24":0,"25":0,"26":0,"27":5},"b":{"0":[216,427],"1":[1056,1051],"2":[0,427],"3":[427,0],"4":[0,0],"5":[26,401],"6":[598,598],"7":[205,196],"8":[17,179],"9":[34,34],"10":[173,6],"11":[845,845],"12":[63,110],"13":[0,0],"14":[0,6],"15":[0,0],"16":[0,0],"17":[0,6],"18":[0,0],"19":[0,0],"20":[0,6],"21":[0,0],"22":[0,6],"23":[6,0],"24":[0,0],"25":[0,6],"26":[6,0],"27":[0,6],"28":[0,61],"29":[0,61],"30":[276,87],"31":[363,276],"32":[0,5],"33":[5,5],"34":[5,26],"35":[26,0],"36":[26,0],"37":[0,26],"38":[0,26],"39":[26,26,0,26,0],"40":[21,5],"41":[0,5],"42":[0,5],"43":[5,5],"44":[5,0],"45":[5,103],"46":[5,0],"47":[0,103],"48":[103,17],"49":[0,0],"50":[0,0],"51":[17,86],"52":[0,17],"53":[0,0],"54":[0,0],"55":[0,0],"56":[0,0],"57":[0,0],"58":[0,0],"59":[0,5],"60":[0,5],"61":[0,293],"62":[0,0],"63":[0,0],"64":[0,0],"65":[0,293],"66":[293,293,293,293],"67":[0,5],"68":[5,5],"69":[5,0],"70":[5,5],"71":[5,0],"72":[261,5],"73":[266,212,60,60],"74":[6,260],"75":[0,27],"76":[6,21],"77":[6,0],"78":[6,0],"79":[5,16],"80":[21,5],"81":[5,0],"82":[11,5],"83":[16,11],"84":[6,0],"85":[0,5],"86":[0,0],"87":[0,0],"88":[0,0],"89":[0,0],"90":[0,0],"91":[0,0],"92":[0,0],"93":[0,0],"94":[0,0],"95":[0,0,0],"96":[0,0],"97":[0,0,0],"98":[0,0],"99":[0,0],"100":[0,0,0],"101":[0,0],"102":[0,0],"103":[5,0],"104":[0,5],"105":[5,0],"106":[5,0],"107":[5,5],"108":[0,0],"109":[5,0],"110":[5,0],"111":[5,5],"112":[0,5],"113":[0,0],"114":[5,0],"115":[5,5],"116":[0,0],"117":[0,0],"118":[0,0],"119":[0,0,0],"120":[0,0],"121":[0,0,0],"122":[0,0],"123":[0,0,0],"124":[0,0],"125":[0,0],"126":[6,0],"127":[6,0],"128":[0,6],"129":[0,6],"130":[0,6],"131":[6,0],"132":[0,0],"133":[0,0],"134":[0,0],"135":[0,5],"136":[0,0],"137":[0,0],"138":[0,1],"139":[0,0]},"_coverageSchema":"1a1c01bbd47fc00a2c39e90264f33305004495a9","hash":"70043d85d9d35c7b094ae6524d3788ebaa36f2b5"}
}
