{"/Users/danawunderlich/MyProjects/MahjonggTools/tile-dealer/mtl-compiler/clean-compiler.js": {"path":"/Users/danawunderlich/MyProjects/MahjonggTools/tile-dealer/mtl-compiler/clean-compiler.js","statementMap":{"0":{"start":{"line":1,"column":11},"end":{"line":1,"column":24}},"1":{"start":{"line":2,"column":13},"end":{"line":2,"column":28}},"2":{"start":{"line":6,"column":8},"end":{"line":6,"column":29}},"3":{"start":{"line":7,"column":8},"end":{"line":7,"column":26}},"4":{"start":{"line":8,"column":8},"end":{"line":8,"column":25}},"5":{"start":{"line":9,"column":8},"end":{"line":9,"column":29}},"6":{"start":{"line":10,"column":8},"end":{"line":10,"column":31}},"7":{"start":{"line":11,"column":8},"end":{"line":11,"column":32}},"8":{"start":{"line":15,"column":25},"end":{"line":31,"column":9}},"9":{"start":{"line":34,"column":31},"end":{"line":34,"column":42}},"10":{"start":{"line":36,"column":28},"end":{"line":36,"column":53}},"11":{"start":{"line":37,"column":23},"end":{"line":37,"column":28}},"12":{"start":{"line":38,"column":24},"end":{"line":38,"column":29}},"13":{"start":{"line":39,"column":29},"end":{"line":39,"column":31}},"14":{"start":{"line":42,"column":8},"end":{"line":74,"column":9}},"15":{"start":{"line":42,"column":21},"end":{"line":42,"column":22}},"16":{"start":{"line":43,"column":25},"end":{"line":43,"column":39}},"17":{"start":{"line":44,"column":29},"end":{"line":44,"column":58}},"18":{"start":{"line":47,"column":12},"end":{"line":52,"column":13}},"19":{"start":{"line":48,"column":16},"end":{"line":48,"column":33}},"20":{"start":{"line":49,"column":16},"end":{"line":49,"column":39}},"21":{"start":{"line":50,"column":16},"end":{"line":50,"column":20}},"22":{"start":{"line":51,"column":16},"end":{"line":51,"column":25}},"23":{"start":{"line":54,"column":12},"end":{"line":58,"column":13}},"24":{"start":{"line":55,"column":16},"end":{"line":55,"column":34}},"25":{"start":{"line":56,"column":16},"end":{"line":56,"column":39}},"26":{"start":{"line":57,"column":16},"end":{"line":57,"column":25}},"27":{"start":{"line":60,"column":12},"end":{"line":63,"column":13}},"28":{"start":{"line":61,"column":16},"end":{"line":61,"column":39}},"29":{"start":{"line":62,"column":16},"end":{"line":62,"column":25}},"30":{"start":{"line":66,"column":12},"end":{"line":70,"column":13}},"31":{"start":{"line":67,"column":16},"end":{"line":67,"column":37}},"32":{"start":{"line":68,"column":16},"end":{"line":68,"column":39}},"33":{"start":{"line":69,"column":16},"end":{"line":69,"column":25}},"34":{"start":{"line":73,"column":12},"end":{"line":73,"column":67}},"35":{"start":{"line":77,"column":8},"end":{"line":77,"column":37}},"36":{"start":{"line":79,"column":8},"end":{"line":79,"column":48}},"37":{"start":{"line":82,"column":29},"end":{"line":82,"column":82}},"38":{"start":{"line":85,"column":8},"end":{"line":85,"column":43}},"39":{"start":{"line":86,"column":8},"end":{"line":86,"column":27}},"40":{"start":{"line":87,"column":8},"end":{"line":87,"column":59}},"41":{"start":{"line":88,"column":8},"end":{"line":88,"column":27}},"42":{"start":{"line":90,"column":8},"end":{"line":311,"column":9}},"43":{"start":{"line":91,"column":25},"end":{"line":91,"column":51}},"44":{"start":{"line":94,"column":12},"end":{"line":105,"column":13}},"45":{"start":{"line":96,"column":16},"end":{"line":102,"column":17}},"46":{"start":{"line":98,"column":38},"end":{"line":98,"column":73}},"47":{"start":{"line":99,"column":20},"end":{"line":101,"column":21}},"48":{"start":{"line":100,"column":24},"end":{"line":100,"column":72}},"49":{"start":{"line":103,"column":16},"end":{"line":103,"column":32}},"50":{"start":{"line":104,"column":16},"end":{"line":104,"column":25}},"51":{"start":{"line":108,"column":12},"end":{"line":113,"column":13}},"52":{"start":{"line":109,"column":16},"end":{"line":111,"column":17}},"53":{"start":{"line":110,"column":20},"end":{"line":110,"column":36}},"54":{"start":{"line":112,"column":16},"end":{"line":112,"column":25}},"55":{"start":{"line":117,"column":12},"end":{"line":166,"column":13}},"56":{"start":{"line":118,"column":34},"end":{"line":118,"column":38}},"57":{"start":{"line":119,"column":39},"end":{"line":119,"column":56}},"58":{"start":{"line":120,"column":26},"end":{"line":120,"column":28}},"59":{"start":{"line":121,"column":16},"end":{"line":121,"column":32}},"60":{"start":{"line":123,"column":16},"end":{"line":132,"column":17}},"61":{"start":{"line":125,"column":20},"end":{"line":131,"column":21}},"62":{"start":{"line":126,"column":24},"end":{"line":126,"column":41}},"63":{"start":{"line":127,"column":24},"end":{"line":127,"column":43}},"64":{"start":{"line":129,"column":24},"end":{"line":129,"column":58}},"65":{"start":{"line":130,"column":24},"end":{"line":130,"column":40}},"66":{"start":{"line":134,"column":16},"end":{"line":136,"column":17}},"67":{"start":{"line":135,"column":20},"end":{"line":135,"column":92}},"68":{"start":{"line":138,"column":16},"end":{"line":138,"column":32}},"69":{"start":{"line":141,"column":34},"end":{"line":141,"column":69}},"70":{"start":{"line":142,"column":16},"end":{"line":142,"column":66}},"71":{"start":{"line":146,"column":16},"end":{"line":163,"column":17}},"72":{"start":{"line":147,"column":34},"end":{"line":147,"column":47}},"73":{"start":{"line":148,"column":45},"end":{"line":148,"column":50}},"74":{"start":{"line":151,"column":20},"end":{"line":153,"column":21}},"75":{"start":{"line":152,"column":24},"end":{"line":152,"column":34}},"76":{"start":{"line":156,"column":20},"end":{"line":162,"column":21}},"77":{"start":{"line":160,"column":24},"end":{"line":160,"column":102}},"78":{"start":{"line":161,"column":24},"end":{"line":161,"column":48}},"79":{"start":{"line":165,"column":16},"end":{"line":165,"column":25}},"80":{"start":{"line":169,"column":12},"end":{"line":188,"column":13}},"81":{"start":{"line":170,"column":26},"end":{"line":170,"column":28}},"82":{"start":{"line":171,"column":16},"end":{"line":174,"column":17}},"83":{"start":{"line":172,"column":20},"end":{"line":172,"column":54}},"84":{"start":{"line":173,"column":20},"end":{"line":173,"column":36}},"85":{"start":{"line":176,"column":16},"end":{"line":186,"column":17}},"86":{"start":{"line":177,"column":20},"end":{"line":177,"column":39}},"87":{"start":{"line":178,"column":33},"end":{"line":178,"column":35}},"88":{"start":{"line":179,"column":20},"end":{"line":182,"column":21}},"89":{"start":{"line":180,"column":24},"end":{"line":180,"column":61}},"90":{"start":{"line":181,"column":24},"end":{"line":181,"column":40}},"91":{"start":{"line":183,"column":20},"end":{"line":183,"column":120}},"92":{"start":{"line":185,"column":20},"end":{"line":185,"column":83}},"93":{"start":{"line":187,"column":16},"end":{"line":187,"column":25}},"94":{"start":{"line":192,"column":12},"end":{"line":210,"column":13}},"95":{"start":{"line":193,"column":28},"end":{"line":193,"column":30}},"96":{"start":{"line":194,"column":16},"end":{"line":196,"column":17}},"97":{"start":{"line":195,"column":20},"end":{"line":195,"column":58}},"98":{"start":{"line":199,"column":16},"end":{"line":208,"column":17}},"99":{"start":{"line":200,"column":20},"end":{"line":200,"column":71}},"100":{"start":{"line":203,"column":20},"end":{"line":207,"column":21}},"101":{"start":{"line":204,"column":24},"end":{"line":204,"column":67}},"102":{"start":{"line":206,"column":24},"end":{"line":206,"column":72}},"103":{"start":{"line":209,"column":16},"end":{"line":209,"column":25}},"104":{"start":{"line":214,"column":34},"end":{"line":221,"column":13}},"105":{"start":{"line":224,"column":12},"end":{"line":231,"column":13}},"106":{"start":{"line":225,"column":33},"end":{"line":225,"column":70}},"107":{"start":{"line":226,"column":16},"end":{"line":230,"column":17}},"108":{"start":{"line":227,"column":20},"end":{"line":227,"column":89}},"109":{"start":{"line":228,"column":20},"end":{"line":228,"column":39}},"110":{"start":{"line":229,"column":20},"end":{"line":229,"column":29}},"111":{"start":{"line":234,"column":37},"end":{"line":254,"column":13}},"112":{"start":{"line":256,"column":12},"end":{"line":260,"column":13}},"113":{"start":{"line":257,"column":16},"end":{"line":257,"column":80}},"114":{"start":{"line":258,"column":16},"end":{"line":258,"column":32}},"115":{"start":{"line":259,"column":16},"end":{"line":259,"column":25}},"116":{"start":{"line":263,"column":33},"end":{"line":293,"column":13}},"117":{"start":{"line":264,"column":37},"end":{"line":264,"column":58}},"118":{"start":{"line":265,"column":34},"end":{"line":265,"column":116}},"119":{"start":{"line":267,"column":16},"end":{"line":291,"column":17}},"120":{"start":{"line":269,"column":43},"end":{"line":269,"column":112}},"121":{"start":{"line":270,"column":20},"end":{"line":278,"column":21}},"122":{"start":{"line":271,"column":24},"end":{"line":271,"column":56}},"123":{"start":{"line":272,"column":24},"end":{"line":272,"column":83}},"124":{"start":{"line":274,"column":24},"end":{"line":276,"column":25}},"125":{"start":{"line":275,"column":28},"end":{"line":275,"column":44}},"126":{"start":{"line":277,"column":24},"end":{"line":277,"column":36}},"127":{"start":{"line":281,"column":43},"end":{"line":281,"column":111}},"128":{"start":{"line":282,"column":20},"end":{"line":290,"column":21}},"129":{"start":{"line":283,"column":24},"end":{"line":283,"column":56}},"130":{"start":{"line":284,"column":24},"end":{"line":284,"column":83}},"131":{"start":{"line":286,"column":24},"end":{"line":288,"column":25}},"132":{"start":{"line":287,"column":28},"end":{"line":287,"column":44}},"133":{"start":{"line":289,"column":24},"end":{"line":289,"column":36}},"134":{"start":{"line":292,"column":16},"end":{"line":292,"column":29}},"135":{"start":{"line":296,"column":12},"end":{"line":300,"column":13}},"136":{"start":{"line":297,"column":16},"end":{"line":297,"column":67}},"137":{"start":{"line":297,"column":58},"end":{"line":297,"column":67}},"138":{"start":{"line":298,"column":19},"end":{"line":300,"column":13}},"139":{"start":{"line":299,"column":16},"end":{"line":299,"column":71}},"140":{"start":{"line":299,"column":62},"end":{"line":299,"column":71}},"141":{"start":{"line":303,"column":12},"end":{"line":307,"column":13}},"142":{"start":{"line":304,"column":16},"end":{"line":304,"column":64}},"143":{"start":{"line":305,"column":16},"end":{"line":305,"column":32}},"144":{"start":{"line":306,"column":16},"end":{"line":306,"column":25}},"145":{"start":{"line":310,"column":12},"end":{"line":310,"column":90}},"146":{"start":{"line":315,"column":8},"end":{"line":315,"column":37}},"147":{"start":{"line":317,"column":8},"end":{"line":322,"column":9}},"148":{"start":{"line":318,"column":12},"end":{"line":318,"column":35}},"149":{"start":{"line":319,"column":12},"end":{"line":321,"column":15}},"150":{"start":{"line":320,"column":16},"end":{"line":320,"column":62}},"151":{"start":{"line":324,"column":8},"end":{"line":324,"column":27}},"152":{"start":{"line":328,"column":8},"end":{"line":328,"column":31}},"153":{"start":{"line":333,"column":19},"end":{"line":333,"column":65}},"154":{"start":{"line":333,"column":36},"end":{"line":333,"column":65}},"155":{"start":{"line":333,"column":54},"end":{"line":333,"column":64}},"156":{"start":{"line":335,"column":21},"end":{"line":346,"column":1}},"157":{"start":{"line":336,"column":4},"end":{"line":336,"column":38}},"158":{"start":{"line":336,"column":25},"end":{"line":336,"column":38}},"159":{"start":{"line":337,"column":19},"end":{"line":337,"column":21}},"160":{"start":{"line":338,"column":4},"end":{"line":344,"column":5}},"161":{"start":{"line":338,"column":17},"end":{"line":338,"column":18}},"162":{"start":{"line":339,"column":24},"end":{"line":339,"column":30}},"163":{"start":{"line":340,"column":26},"end":{"line":340,"column":67}},"164":{"start":{"line":341,"column":8},"end":{"line":343,"column":9}},"165":{"start":{"line":342,"column":12},"end":{"line":342,"column":44}},"166":{"start":{"line":345,"column":4},"end":{"line":345,"column":18}},"167":{"start":{"line":351,"column":8},"end":{"line":351,"column":29}},"168":{"start":{"line":352,"column":8},"end":{"line":352,"column":27}},"169":{"start":{"line":353,"column":8},"end":{"line":353,"column":26}},"170":{"start":{"line":354,"column":8},"end":{"line":359,"column":10}},"171":{"start":{"line":360,"column":8},"end":{"line":360,"column":24}},"172":{"start":{"line":364,"column":8},"end":{"line":364,"column":42}},"173":{"start":{"line":368,"column":22},"end":{"line":368,"column":41}},"174":{"start":{"line":369,"column":8},"end":{"line":371,"column":9}},"175":{"start":{"line":370,"column":12},"end":{"line":370,"column":73}},"176":{"start":{"line":372,"column":8},"end":{"line":374,"column":9}},"177":{"start":{"line":373,"column":12},"end":{"line":373,"column":109}},"178":{"start":{"line":375,"column":8},"end":{"line":375,"column":24}},"179":{"start":{"line":376,"column":8},"end":{"line":376,"column":21}},"180":{"start":{"line":380,"column":8},"end":{"line":382,"column":9}},"181":{"start":{"line":381,"column":12},"end":{"line":381,"column":28}},"182":{"start":{"line":383,"column":8},"end":{"line":385,"column":9}},"183":{"start":{"line":384,"column":12},"end":{"line":384,"column":28}},"184":{"start":{"line":389,"column":8},"end":{"line":389,"column":58}},"185":{"start":{"line":389,"column":49},"end":{"line":389,"column":58}},"186":{"start":{"line":392,"column":18},"end":{"line":392,"column":31}},"187":{"start":{"line":393,"column":8},"end":{"line":399,"column":9}},"188":{"start":{"line":394,"column":26},"end":{"line":394,"column":46}},"189":{"start":{"line":395,"column":12},"end":{"line":397,"column":13}},"190":{"start":{"line":396,"column":16},"end":{"line":396,"column":22}},"191":{"start":{"line":398,"column":12},"end":{"line":398,"column":18}},"192":{"start":{"line":402,"column":21},"end":{"line":402,"column":22}},"193":{"start":{"line":403,"column":8},"end":{"line":412,"column":9}},"194":{"start":{"line":404,"column":26},"end":{"line":404,"column":42}},"195":{"start":{"line":405,"column":12},"end":{"line":411,"column":13}},"196":{"start":{"line":407,"column":16},"end":{"line":407,"column":55}},"197":{"start":{"line":408,"column":16},"end":{"line":408,"column":22}},"198":{"start":{"line":410,"column":16},"end":{"line":410,"column":22}},"199":{"start":{"line":414,"column":8},"end":{"line":414,"column":22}},"200":{"start":{"line":419,"column":8},"end":{"line":421,"column":9}},"201":{"start":{"line":420,"column":12},"end":{"line":420,"column":28}},"202":{"start":{"line":424,"column":8},"end":{"line":426,"column":9}},"203":{"start":{"line":425,"column":12},"end":{"line":425,"column":28}},"204":{"start":{"line":430,"column":8},"end":{"line":430,"column":48}},"205":{"start":{"line":431,"column":8},"end":{"line":431,"column":29}},"206":{"start":{"line":432,"column":8},"end":{"line":432,"column":41}},"207":{"start":{"line":435,"column":8},"end":{"line":438,"column":9}},"208":{"start":{"line":436,"column":12},"end":{"line":436,"column":31}},"209":{"start":{"line":437,"column":12},"end":{"line":437,"column":45}},"210":{"start":{"line":441,"column":8},"end":{"line":443,"column":9}},"211":{"start":{"line":442,"column":12},"end":{"line":442,"column":92}},"212":{"start":{"line":444,"column":8},"end":{"line":444,"column":27}},"213":{"start":{"line":447,"column":8},"end":{"line":447,"column":34}},"214":{"start":{"line":449,"column":8},"end":{"line":449,"column":49}},"215":{"start":{"line":453,"column":8},"end":{"line":453,"column":31}},"216":{"start":{"line":456,"column":8},"end":{"line":460,"column":9}},"217":{"start":{"line":457,"column":12},"end":{"line":457,"column":31}},"218":{"start":{"line":459,"column":12},"end":{"line":459,"column":45}},"219":{"start":{"line":463,"column":26},"end":{"line":463,"column":45}},"220":{"start":{"line":464,"column":8},"end":{"line":476,"column":9}},"221":{"start":{"line":465,"column":12},"end":{"line":465,"column":30}},"222":{"start":{"line":466,"column":12},"end":{"line":466,"column":32}},"223":{"start":{"line":467,"column":15},"end":{"line":476,"column":9}},"224":{"start":{"line":468,"column":12},"end":{"line":468,"column":32}},"225":{"start":{"line":469,"column":15},"end":{"line":476,"column":9}},"226":{"start":{"line":471,"column":12},"end":{"line":471,"column":31}},"227":{"start":{"line":473,"column":12},"end":{"line":473,"column":45}},"228":{"start":{"line":475,"column":12},"end":{"line":475,"column":108}},"229":{"start":{"line":479,"column":27},"end":{"line":479,"column":29}},"230":{"start":{"line":480,"column":8},"end":{"line":480,"column":41}},"231":{"start":{"line":483,"column":8},"end":{"line":483,"column":41}},"232":{"start":{"line":486,"column":8},"end":{"line":552,"column":9}},"233":{"start":{"line":487,"column":26},"end":{"line":487,"column":45}},"234":{"start":{"line":490,"column":12},"end":{"line":493,"column":13}},"235":{"start":{"line":491,"column":16},"end":{"line":491,"column":35}},"236":{"start":{"line":492,"column":16},"end":{"line":492,"column":22}},"237":{"start":{"line":496,"column":12},"end":{"line":499,"column":13}},"238":{"start":{"line":497,"column":16},"end":{"line":497,"column":36}},"239":{"start":{"line":498,"column":16},"end":{"line":498,"column":25}},"240":{"start":{"line":502,"column":12},"end":{"line":542,"column":13}},"241":{"start":{"line":503,"column":32},"end":{"line":503,"column":43}},"242":{"start":{"line":504,"column":16},"end":{"line":504,"column":39}},"243":{"start":{"line":506,"column":16},"end":{"line":541,"column":17}},"244":{"start":{"line":507,"column":20},"end":{"line":507,"column":39}},"245":{"start":{"line":508,"column":20},"end":{"line":508,"column":53}},"246":{"start":{"line":511,"column":39},"end":{"line":511,"column":58}},"247":{"start":{"line":512,"column":20},"end":{"line":536,"column":21}},"248":{"start":{"line":514,"column":24},"end":{"line":514,"column":43}},"249":{"start":{"line":515,"column":38},"end":{"line":515,"column":40}},"250":{"start":{"line":517,"column":24},"end":{"line":530,"column":25}},"251":{"start":{"line":518,"column":46},"end":{"line":518,"column":65}},"252":{"start":{"line":519,"column":28},"end":{"line":529,"column":29}},"253":{"start":{"line":520,"column":32},"end":{"line":520,"column":60}},"254":{"start":{"line":521,"column":32},"end":{"line":521,"column":55}},"255":{"start":{"line":523,"column":32},"end":{"line":526,"column":33}},"256":{"start":{"line":524,"column":36},"end":{"line":524,"column":54}},"257":{"start":{"line":525,"column":36},"end":{"line":525,"column":69}},"258":{"start":{"line":528,"column":32},"end":{"line":528,"column":102}},"259":{"start":{"line":532,"column":24},"end":{"line":532,"column":43}},"260":{"start":{"line":533,"column":24},"end":{"line":533,"column":52}},"261":{"start":{"line":535,"column":24},"end":{"line":535,"column":80}},"262":{"start":{"line":539,"column":20},"end":{"line":539,"column":42}},"263":{"start":{"line":540,"column":20},"end":{"line":540,"column":29}},"264":{"start":{"line":545,"column":12},"end":{"line":548,"column":13}},"265":{"start":{"line":546,"column":16},"end":{"line":546,"column":36}},"266":{"start":{"line":547,"column":16},"end":{"line":547,"column":25}},"267":{"start":{"line":551,"column":12},"end":{"line":551,"column":94}},"268":{"start":{"line":556,"column":8},"end":{"line":556,"column":37}},"269":{"start":{"line":557,"column":8},"end":{"line":656,"column":9}},"270":{"start":{"line":558,"column":12},"end":{"line":652,"column":13}},"271":{"start":{"line":559,"column":16},"end":{"line":559,"column":49}},"272":{"start":{"line":560,"column":33},"end":{"line":560,"column":52}},"273":{"start":{"line":563,"column":16},"end":{"line":567,"column":17}},"274":{"start":{"line":564,"column":20},"end":{"line":564,"column":39}},"275":{"start":{"line":565,"column":20},"end":{"line":565,"column":50}},"276":{"start":{"line":566,"column":20},"end":{"line":566,"column":27}},"277":{"start":{"line":570,"column":16},"end":{"line":572,"column":17}},"278":{"start":{"line":571,"column":20},"end":{"line":571,"column":105}},"279":{"start":{"line":574,"column":28},"end":{"line":574,"column":42}},"280":{"start":{"line":575,"column":16},"end":{"line":575,"column":39}},"281":{"start":{"line":576,"column":16},"end":{"line":576,"column":49}},"282":{"start":{"line":579,"column":16},"end":{"line":582,"column":17}},"283":{"start":{"line":580,"column":20},"end":{"line":580,"column":39}},"284":{"start":{"line":581,"column":20},"end":{"line":581,"column":53}},"285":{"start":{"line":585,"column":35},"end":{"line":585,"column":54}},"286":{"start":{"line":586,"column":16},"end":{"line":588,"column":17}},"287":{"start":{"line":587,"column":20},"end":{"line":587,"column":109}},"288":{"start":{"line":591,"column":16},"end":{"line":628,"column":17}},"289":{"start":{"line":592,"column":20},"end":{"line":592,"column":45}},"290":{"start":{"line":593,"column":20},"end":{"line":593,"column":39}},"291":{"start":{"line":594,"column":23},"end":{"line":628,"column":17}},"292":{"start":{"line":595,"column":20},"end":{"line":595,"column":57}},"293":{"start":{"line":596,"column":20},"end":{"line":596,"column":39}},"294":{"start":{"line":597,"column":23},"end":{"line":628,"column":17}},"295":{"start":{"line":598,"column":20},"end":{"line":598,"column":56}},"296":{"start":{"line":599,"column":20},"end":{"line":599,"column":40}},"297":{"start":{"line":600,"column":23},"end":{"line":628,"column":17}},"298":{"start":{"line":601,"column":20},"end":{"line":601,"column":33}},"299":{"start":{"line":602,"column":20},"end":{"line":602,"column":37}},"300":{"start":{"line":603,"column":23},"end":{"line":628,"column":17}},"301":{"start":{"line":605,"column":20},"end":{"line":605,"column":45}},"302":{"start":{"line":606,"column":20},"end":{"line":606,"column":43}},"303":{"start":{"line":607,"column":23},"end":{"line":628,"column":17}},"304":{"start":{"line":609,"column":20},"end":{"line":609,"column":46}},"305":{"start":{"line":610,"column":23},"end":{"line":628,"column":17}},"306":{"start":{"line":612,"column":20},"end":{"line":612,"column":39}},"307":{"start":{"line":613,"column":20},"end":{"line":613,"column":31}},"308":{"start":{"line":614,"column":20},"end":{"line":624,"column":21}},"309":{"start":{"line":615,"column":37},"end":{"line":615,"column":62}},"310":{"start":{"line":616,"column":24},"end":{"line":616,"column":47}},"311":{"start":{"line":617,"column":24},"end":{"line":617,"column":41}},"312":{"start":{"line":619,"column":24},"end":{"line":619,"column":57}},"313":{"start":{"line":620,"column":24},"end":{"line":623,"column":25}},"314":{"start":{"line":621,"column":28},"end":{"line":621,"column":46}},"315":{"start":{"line":622,"column":28},"end":{"line":622,"column":61}},"316":{"start":{"line":625,"column":20},"end":{"line":625,"column":39}},"317":{"start":{"line":627,"column":20},"end":{"line":627,"column":110}},"318":{"start":{"line":631,"column":16},"end":{"line":631,"column":47}},"319":{"start":{"line":634,"column":16},"end":{"line":634,"column":49}},"320":{"start":{"line":635,"column":16},"end":{"line":639,"column":17}},"321":{"start":{"line":636,"column":20},"end":{"line":636,"column":38}},"322":{"start":{"line":637,"column":23},"end":{"line":639,"column":17}},"323":{"start":{"line":638,"column":20},"end":{"line":638,"column":40}},"324":{"start":{"line":642,"column":34},"end":{"line":642,"column":53}},"325":{"start":{"line":643,"column":16},"end":{"line":645,"column":17}},"326":{"start":{"line":644,"column":20},"end":{"line":644,"column":29}},"327":{"start":{"line":647,"column":16},"end":{"line":651,"column":17}},"328":{"start":{"line":650,"column":20},"end":{"line":650,"column":27}},"329":{"start":{"line":654,"column":12},"end":{"line":654,"column":42}},"330":{"start":{"line":655,"column":12},"end":{"line":655,"column":20}},"331":{"start":{"line":661,"column":8},"end":{"line":661,"column":41}},"332":{"start":{"line":664,"column":30},"end":{"line":664,"column":57}},"333":{"start":{"line":666,"column":8},"end":{"line":740,"column":9}},"334":{"start":{"line":668,"column":12},"end":{"line":668,"column":45}},"335":{"start":{"line":671,"column":26},"end":{"line":671,"column":45}},"336":{"start":{"line":672,"column":12},"end":{"line":674,"column":13}},"337":{"start":{"line":673,"column":16},"end":{"line":673,"column":22}},"338":{"start":{"line":677,"column":12},"end":{"line":679,"column":13}},"339":{"start":{"line":678,"column":16},"end":{"line":678,"column":98}},"340":{"start":{"line":681,"column":24},"end":{"line":681,"column":35}},"341":{"start":{"line":682,"column":12},"end":{"line":682,"column":35}},"342":{"start":{"line":685,"column":12},"end":{"line":689,"column":13}},"343":{"start":{"line":686,"column":16},"end":{"line":686,"column":32}},"344":{"start":{"line":688,"column":16},"end":{"line":688,"column":98}},"345":{"start":{"line":692,"column":12},"end":{"line":692,"column":45}},"346":{"start":{"line":695,"column":31},"end":{"line":695,"column":50}},"347":{"start":{"line":698,"column":12},"end":{"line":729,"column":13}},"348":{"start":{"line":699,"column":16},"end":{"line":699,"column":41}},"349":{"start":{"line":700,"column":16},"end":{"line":700,"column":35}},"350":{"start":{"line":701,"column":19},"end":{"line":729,"column":13}},"351":{"start":{"line":702,"column":16},"end":{"line":702,"column":53}},"352":{"start":{"line":703,"column":16},"end":{"line":703,"column":35}},"353":{"start":{"line":704,"column":19},"end":{"line":729,"column":13}},"354":{"start":{"line":705,"column":16},"end":{"line":705,"column":52}},"355":{"start":{"line":706,"column":16},"end":{"line":706,"column":36}},"356":{"start":{"line":707,"column":19},"end":{"line":729,"column":13}},"357":{"start":{"line":708,"column":16},"end":{"line":708,"column":29}},"358":{"start":{"line":709,"column":16},"end":{"line":709,"column":33}},"359":{"start":{"line":710,"column":19},"end":{"line":729,"column":13}},"360":{"start":{"line":711,"column":16},"end":{"line":711,"column":41}},"361":{"start":{"line":712,"column":16},"end":{"line":712,"column":39}},"362":{"start":{"line":715,"column":31},"end":{"line":715,"column":33}},"363":{"start":{"line":716,"column":16},"end":{"line":727,"column":17}},"364":{"start":{"line":717,"column":38},"end":{"line":717,"column":64}},"365":{"start":{"line":718,"column":20},"end":{"line":724,"column":21}},"366":{"start":{"line":723,"column":24},"end":{"line":723,"column":30}},"367":{"start":{"line":725,"column":20},"end":{"line":725,"column":54}},"368":{"start":{"line":726,"column":20},"end":{"line":726,"column":36}},"369":{"start":{"line":728,"column":16},"end":{"line":728,"column":40}},"370":{"start":{"line":731,"column":12},"end":{"line":733,"column":13}},"371":{"start":{"line":732,"column":16},"end":{"line":732,"column":81}},"372":{"start":{"line":736,"column":12},"end":{"line":736,"column":43}},"373":{"start":{"line":739,"column":12},"end":{"line":739,"column":34}},"374":{"start":{"line":744,"column":8},"end":{"line":744,"column":41}},"375":{"start":{"line":745,"column":22},"end":{"line":745,"column":41}},"376":{"start":{"line":747,"column":8},"end":{"line":766,"column":9}},"377":{"start":{"line":748,"column":12},"end":{"line":748,"column":31}},"378":{"start":{"line":749,"column":12},"end":{"line":749,"column":31}},"379":{"start":{"line":750,"column":15},"end":{"line":766,"column":9}},"380":{"start":{"line":751,"column":12},"end":{"line":751,"column":31}},"381":{"start":{"line":752,"column":12},"end":{"line":752,"column":31}},"382":{"start":{"line":753,"column":15},"end":{"line":766,"column":9}},"383":{"start":{"line":754,"column":12},"end":{"line":754,"column":32}},"384":{"start":{"line":755,"column":12},"end":{"line":755,"column":42}},"385":{"start":{"line":756,"column":15},"end":{"line":766,"column":9}},"386":{"start":{"line":757,"column":12},"end":{"line":757,"column":29}},"387":{"start":{"line":758,"column":12},"end":{"line":758,"column":24}},"388":{"start":{"line":759,"column":15},"end":{"line":766,"column":9}},"389":{"start":{"line":760,"column":12},"end":{"line":760,"column":35}},"390":{"start":{"line":761,"column":12},"end":{"line":761,"column":31}},"391":{"start":{"line":762,"column":15},"end":{"line":766,"column":9}},"392":{"start":{"line":763,"column":12},"end":{"line":763,"column":38}},"393":{"start":{"line":764,"column":15},"end":{"line":766,"column":9}},"394":{"start":{"line":765,"column":12},"end":{"line":765,"column":37}},"395":{"start":{"line":768,"column":8},"end":{"line":768,"column":79}},"396":{"start":{"line":772,"column":20},"end":{"line":772,"column":22}},"397":{"start":{"line":773,"column":8},"end":{"line":773,"column":27}},"398":{"start":{"line":775,"column":8},"end":{"line":799,"column":9}},"399":{"start":{"line":776,"column":12},"end":{"line":776,"column":45}},"400":{"start":{"line":777,"column":29},"end":{"line":777,"column":48}},"401":{"start":{"line":778,"column":12},"end":{"line":778,"column":50}},"402":{"start":{"line":778,"column":44},"end":{"line":778,"column":50}},"403":{"start":{"line":780,"column":24},"end":{"line":780,"column":38}},"404":{"start":{"line":781,"column":12},"end":{"line":781,"column":35}},"405":{"start":{"line":784,"column":12},"end":{"line":788,"column":13}},"406":{"start":{"line":785,"column":16},"end":{"line":785,"column":32}},"407":{"start":{"line":787,"column":16},"end":{"line":787,"column":101}},"408":{"start":{"line":790,"column":26},"end":{"line":790,"column":43}},"409":{"start":{"line":791,"column":12},"end":{"line":791,"column":29}},"410":{"start":{"line":793,"column":30},"end":{"line":793,"column":49}},"411":{"start":{"line":794,"column":12},"end":{"line":798,"column":13}},"412":{"start":{"line":795,"column":16},"end":{"line":795,"column":34}},"413":{"start":{"line":796,"column":19},"end":{"line":798,"column":13}},"414":{"start":{"line":797,"column":16},"end":{"line":797,"column":86}},"415":{"start":{"line":801,"column":8},"end":{"line":801,"column":27}},"416":{"start":{"line":802,"column":8},"end":{"line":802,"column":19}},"417":{"start":{"line":806,"column":24},"end":{"line":806,"column":61}},"418":{"start":{"line":807,"column":8},"end":{"line":807,"column":24}},"419":{"start":{"line":809,"column":20},"end":{"line":809,"column":22}},"420":{"start":{"line":811,"column":8},"end":{"line":827,"column":9}},"421":{"start":{"line":812,"column":12},"end":{"line":812,"column":45}},"422":{"start":{"line":813,"column":26},"end":{"line":813,"column":45}},"423":{"start":{"line":814,"column":12},"end":{"line":816,"column":13}},"424":{"start":{"line":815,"column":16},"end":{"line":815,"column":22}},"425":{"start":{"line":818,"column":26},"end":{"line":818,"column":43}},"426":{"start":{"line":819,"column":12},"end":{"line":819,"column":28}},"427":{"start":{"line":821,"column":30},"end":{"line":821,"column":49}},"428":{"start":{"line":822,"column":12},"end":{"line":826,"column":13}},"429":{"start":{"line":823,"column":16},"end":{"line":823,"column":34}},"430":{"start":{"line":824,"column":19},"end":{"line":826,"column":13}},"431":{"start":{"line":825,"column":16},"end":{"line":825,"column":78}},"432":{"start":{"line":829,"column":8},"end":{"line":829,"column":24}},"433":{"start":{"line":830,"column":8},"end":{"line":830,"column":19}},"434":{"start":{"line":834,"column":8},"end":{"line":834,"column":60}},"435":{"start":{"line":837,"column":8},"end":{"line":837,"column":41}},"436":{"start":{"line":840,"column":26},"end":{"line":840,"column":63}},"437":{"start":{"line":842,"column":8},"end":{"line":853,"column":9}},"438":{"start":{"line":843,"column":12},"end":{"line":843,"column":63}},"439":{"start":{"line":844,"column":12},"end":{"line":844,"column":31}},"440":{"start":{"line":846,"column":12},"end":{"line":846,"column":71}},"441":{"start":{"line":848,"column":12},"end":{"line":850,"column":13}},"442":{"start":{"line":849,"column":16},"end":{"line":849,"column":34}},"443":{"start":{"line":852,"column":12},"end":{"line":852,"column":45}},"444":{"start":{"line":856,"column":8},"end":{"line":858,"column":9}},"445":{"start":{"line":857,"column":12},"end":{"line":857,"column":37}},"446":{"start":{"line":861,"column":8},"end":{"line":892,"column":9}},"447":{"start":{"line":862,"column":12},"end":{"line":862,"column":45}},"448":{"start":{"line":863,"column":26},"end":{"line":863,"column":45}},"449":{"start":{"line":866,"column":12},"end":{"line":869,"column":13}},"450":{"start":{"line":868,"column":16},"end":{"line":868,"column":22}},"451":{"start":{"line":871,"column":12},"end":{"line":883,"column":13}},"452":{"start":{"line":873,"column":16},"end":{"line":873,"column":38}},"453":{"start":{"line":876,"column":16},"end":{"line":879,"column":17}},"454":{"start":{"line":877,"column":20},"end":{"line":877,"column":68}},"455":{"start":{"line":878,"column":20},"end":{"line":878,"column":49}},"456":{"start":{"line":881,"column":16},"end":{"line":881,"column":65}},"457":{"start":{"line":882,"column":16},"end":{"line":882,"column":28}},"458":{"start":{"line":886,"column":12},"end":{"line":886,"column":45}},"459":{"start":{"line":889,"column":12},"end":{"line":891,"column":13}},"460":{"start":{"line":890,"column":16},"end":{"line":890,"column":38}},"461":{"start":{"line":895,"column":8},"end":{"line":902,"column":9}},"462":{"start":{"line":896,"column":12},"end":{"line":896,"column":31}},"463":{"start":{"line":897,"column":15},"end":{"line":902,"column":9}},"464":{"start":{"line":898,"column":12},"end":{"line":898,"column":28}},"465":{"start":{"line":899,"column":12},"end":{"line":901,"column":13}},"466":{"start":{"line":900,"column":16},"end":{"line":900,"column":38}},"467":{"start":{"line":904,"column":8},"end":{"line":904,"column":71}},"468":{"start":{"line":908,"column":22},"end":{"line":908,"column":41}},"469":{"start":{"line":909,"column":8},"end":{"line":911,"column":9}},"470":{"start":{"line":910,"column":12},"end":{"line":910,"column":68}},"471":{"start":{"line":913,"column":8},"end":{"line":913,"column":87}},"472":{"start":{"line":916,"column":8},"end":{"line":920,"column":9}},"473":{"start":{"line":917,"column":12},"end":{"line":917,"column":55}},"474":{"start":{"line":918,"column":12},"end":{"line":918,"column":34}},"475":{"start":{"line":919,"column":12},"end":{"line":919,"column":19}},"476":{"start":{"line":923,"column":8},"end":{"line":939,"column":9}},"477":{"start":{"line":924,"column":28},"end":{"line":924,"column":39}},"478":{"start":{"line":925,"column":12},"end":{"line":925,"column":73}},"479":{"start":{"line":927,"column":12},"end":{"line":927,"column":35}},"480":{"start":{"line":928,"column":12},"end":{"line":928,"column":31}},"481":{"start":{"line":930,"column":26},"end":{"line":930,"column":48}},"482":{"start":{"line":931,"column":12},"end":{"line":931,"column":66}},"483":{"start":{"line":933,"column":12},"end":{"line":933,"column":40}},"484":{"start":{"line":936,"column":12},"end":{"line":938,"column":13}},"485":{"start":{"line":937,"column":16},"end":{"line":937,"column":38}},"486":{"start":{"line":943,"column":8},"end":{"line":943,"column":44}},"487":{"start":{"line":944,"column":8},"end":{"line":944,"column":28}},"488":{"start":{"line":945,"column":8},"end":{"line":945,"column":27}},"489":{"start":{"line":948,"column":25},"end":{"line":948,"column":27}},"490":{"start":{"line":949,"column":30},"end":{"line":949,"column":35}},"491":{"start":{"line":952,"column":25},"end":{"line":952,"column":53}},"492":{"start":{"line":955,"column":8},"end":{"line":984,"column":9}},"493":{"start":{"line":956,"column":12},"end":{"line":956,"column":35}},"494":{"start":{"line":957,"column":12},"end":{"line":957,"column":36}},"495":{"start":{"line":960,"column":12},"end":{"line":968,"column":13}},"496":{"start":{"line":961,"column":16},"end":{"line":961,"column":34}},"497":{"start":{"line":963,"column":16},"end":{"line":967,"column":17}},"498":{"start":{"line":964,"column":20},"end":{"line":964,"column":64}},"499":{"start":{"line":966,"column":20},"end":{"line":966,"column":26}},"500":{"start":{"line":971,"column":12},"end":{"line":973,"column":13}},"501":{"start":{"line":972,"column":16},"end":{"line":972,"column":107}},"502":{"start":{"line":974,"column":12},"end":{"line":974,"column":31}},"503":{"start":{"line":977,"column":12},"end":{"line":977,"column":67}},"504":{"start":{"line":979,"column":12},"end":{"line":979,"column":91}},"505":{"start":{"line":982,"column":12},"end":{"line":982,"column":36}},"506":{"start":{"line":983,"column":12},"end":{"line":983,"column":61}},"507":{"start":{"line":987,"column":8},"end":{"line":987,"column":23}},"508":{"start":{"line":990,"column":8},"end":{"line":990,"column":54}},"509":{"start":{"line":991,"column":25},"end":{"line":991,"column":47}},"510":{"start":{"line":992,"column":8},"end":{"line":992,"column":61}},"511":{"start":{"line":995,"column":8},"end":{"line":995,"column":27}},"512":{"start":{"line":998,"column":26},"end":{"line":998,"column":63}},"513":{"start":{"line":999,"column":25},"end":{"line":999,"column":38}},"514":{"start":{"line":1000,"column":21},"end":{"line":1000,"column":34}},"515":{"start":{"line":1002,"column":8},"end":{"line":1025,"column":9}},"516":{"start":{"line":1004,"column":12},"end":{"line":1004,"column":31}},"517":{"start":{"line":1005,"column":29},"end":{"line":1005,"column":30}},"518":{"start":{"line":1007,"column":12},"end":{"line":1013,"column":13}},"519":{"start":{"line":1008,"column":30},"end":{"line":1008,"column":49}},"520":{"start":{"line":1009,"column":16},"end":{"line":1009,"column":58}},"521":{"start":{"line":1009,"column":45},"end":{"line":1009,"column":58}},"522":{"start":{"line":1010,"column":16},"end":{"line":1010,"column":58}},"523":{"start":{"line":1010,"column":45},"end":{"line":1010,"column":58}},"524":{"start":{"line":1011,"column":16},"end":{"line":1011,"column":44}},"525":{"start":{"line":1011,"column":38},"end":{"line":1011,"column":44}},"526":{"start":{"line":1012,"column":16},"end":{"line":1012,"column":25}},"527":{"start":{"line":1015,"column":12},"end":{"line":1017,"column":13}},"528":{"start":{"line":1016,"column":16},"end":{"line":1016,"column":66}},"529":{"start":{"line":1019,"column":12},"end":{"line":1019,"column":103}},"530":{"start":{"line":1022,"column":12},"end":{"line":1024,"column":13}},"531":{"start":{"line":1023,"column":16},"end":{"line":1023,"column":25}},"532":{"start":{"line":1028,"column":25},"end":{"line":1028,"column":42}},"533":{"start":{"line":1030,"column":8},"end":{"line":1030,"column":72}},"534":{"start":{"line":1033,"column":8},"end":{"line":1081,"column":9}},"535":{"start":{"line":1034,"column":12},"end":{"line":1034,"column":66}},"536":{"start":{"line":1036,"column":12},"end":{"line":1078,"column":13}},"537":{"start":{"line":1036,"column":25},"end":{"line":1036,"column":26}},"538":{"start":{"line":1037,"column":29},"end":{"line":1037,"column":40}},"539":{"start":{"line":1038,"column":16},"end":{"line":1038,"column":82}},"540":{"start":{"line":1041,"column":16},"end":{"line":1055,"column":17}},"541":{"start":{"line":1043,"column":20},"end":{"line":1043,"column":94}},"542":{"start":{"line":1045,"column":20},"end":{"line":1050,"column":21}},"543":{"start":{"line":1045,"column":33},"end":{"line":1045,"column":34}},"544":{"start":{"line":1046,"column":40},"end":{"line":1046,"column":51}},"545":{"start":{"line":1047,"column":41},"end":{"line":1047,"column":48}},"546":{"start":{"line":1048,"column":24},"end":{"line":1048,"column":66}},"547":{"start":{"line":1049,"column":24},"end":{"line":1049,"column":55}},"548":{"start":{"line":1053,"column":20},"end":{"line":1053,"column":79}},"549":{"start":{"line":1054,"column":20},"end":{"line":1054,"column":51}},"550":{"start":{"line":1058,"column":35},"end":{"line":1058,"column":70}},"551":{"start":{"line":1059,"column":35},"end":{"line":1059,"column":72}},"552":{"start":{"line":1062,"column":16},"end":{"line":1062,"column":53}},"553":{"start":{"line":1063,"column":16},"end":{"line":1063,"column":42}},"554":{"start":{"line":1065,"column":16},"end":{"line":1065,"column":54}},"555":{"start":{"line":1067,"column":16},"end":{"line":1077,"column":17}},"556":{"start":{"line":1069,"column":20},"end":{"line":1072,"column":21}},"557":{"start":{"line":1070,"column":24},"end":{"line":1070,"column":52}},"558":{"start":{"line":1071,"column":24},"end":{"line":1071,"column":63}},"559":{"start":{"line":1073,"column":20},"end":{"line":1073,"column":67}},"560":{"start":{"line":1075,"column":20},"end":{"line":1075,"column":64}},"561":{"start":{"line":1076,"column":20},"end":{"line":1076,"column":32}},"562":{"start":{"line":1080,"column":12},"end":{"line":1080,"column":72}},"563":{"start":{"line":1084,"column":8},"end":{"line":1084,"column":30}},"564":{"start":{"line":1087,"column":8},"end":{"line":1087,"column":31}},"565":{"start":{"line":1088,"column":8},"end":{"line":1095,"column":9}},"566":{"start":{"line":1089,"column":12},"end":{"line":1089,"column":31}},"567":{"start":{"line":1090,"column":15},"end":{"line":1095,"column":9}},"568":{"start":{"line":1091,"column":12},"end":{"line":1091,"column":34}},"569":{"start":{"line":1093,"column":12},"end":{"line":1093,"column":28}},"570":{"start":{"line":1094,"column":12},"end":{"line":1094,"column":34}},"571":{"start":{"line":1099,"column":25},"end":{"line":1099,"column":63}},"572":{"start":{"line":1100,"column":8},"end":{"line":1100,"column":54}},"573":{"start":{"line":1103,"column":8},"end":{"line":1103,"column":41}},"574":{"start":{"line":1106,"column":8},"end":{"line":1106,"column":27}},"575":{"start":{"line":1108,"column":21},"end":{"line":1108,"column":23}},"576":{"start":{"line":1111,"column":8},"end":{"line":1137,"column":9}},"577":{"start":{"line":1112,"column":12},"end":{"line":1112,"column":45}},"578":{"start":{"line":1113,"column":26},"end":{"line":1113,"column":45}},"579":{"start":{"line":1116,"column":12},"end":{"line":1116,"column":47}},"580":{"start":{"line":1116,"column":41},"end":{"line":1116,"column":47}},"581":{"start":{"line":1119,"column":12},"end":{"line":1128,"column":13}},"582":{"start":{"line":1120,"column":16},"end":{"line":1120,"column":51}},"583":{"start":{"line":1121,"column":16},"end":{"line":1121,"column":46}},"584":{"start":{"line":1122,"column":16},"end":{"line":1122,"column":39}},"585":{"start":{"line":1125,"column":30},"end":{"line":1125,"column":52}},"586":{"start":{"line":1126,"column":16},"end":{"line":1126,"column":57}},"587":{"start":{"line":1127,"column":16},"end":{"line":1127,"column":33}},"588":{"start":{"line":1131,"column":30},"end":{"line":1131,"column":49}},"589":{"start":{"line":1132,"column":12},"end":{"line":1136,"column":13}},"590":{"start":{"line":1133,"column":16},"end":{"line":1133,"column":34}},"591":{"start":{"line":1134,"column":19},"end":{"line":1136,"column":13}},"592":{"start":{"line":1135,"column":16},"end":{"line":1135,"column":109}},"593":{"start":{"line":1140,"column":8},"end":{"line":1140,"column":27}},"594":{"start":{"line":1143,"column":8},"end":{"line":1147,"column":10}},"595":{"start":{"line":1151,"column":25},"end":{"line":1151,"column":50}},"596":{"start":{"line":1152,"column":8},"end":{"line":1152,"column":58}},"597":{"start":{"line":1155,"column":8},"end":{"line":1155,"column":31}},"598":{"start":{"line":1158,"column":8},"end":{"line":1158,"column":27}},"599":{"start":{"line":1160,"column":21},"end":{"line":1160,"column":23}},"600":{"start":{"line":1163,"column":8},"end":{"line":1182,"column":9}},"601":{"start":{"line":1164,"column":12},"end":{"line":1164,"column":45}},"602":{"start":{"line":1165,"column":26},"end":{"line":1165,"column":45}},"603":{"start":{"line":1168,"column":12},"end":{"line":1168,"column":47}},"604":{"start":{"line":1168,"column":41},"end":{"line":1168,"column":47}},"605":{"start":{"line":1171,"column":24},"end":{"line":1171,"column":46}},"606":{"start":{"line":1172,"column":12},"end":{"line":1172,"column":51}},"607":{"start":{"line":1173,"column":12},"end":{"line":1173,"column":27}},"608":{"start":{"line":1176,"column":30},"end":{"line":1176,"column":49}},"609":{"start":{"line":1177,"column":12},"end":{"line":1181,"column":13}},"610":{"start":{"line":1178,"column":16},"end":{"line":1178,"column":34}},"611":{"start":{"line":1179,"column":19},"end":{"line":1181,"column":13}},"612":{"start":{"line":1180,"column":16},"end":{"line":1180,"column":118}},"613":{"start":{"line":1185,"column":8},"end":{"line":1185,"column":27}},"614":{"start":{"line":1187,"column":8},"end":{"line":1187,"column":67}},"615":{"start":{"line":1189,"column":8},"end":{"line":1235,"column":9}},"616":{"start":{"line":1191,"column":12},"end":{"line":1230,"column":13}},"617":{"start":{"line":1192,"column":16},"end":{"line":1194,"column":17}},"618":{"start":{"line":1193,"column":20},"end":{"line":1193,"column":87}},"619":{"start":{"line":1195,"column":37},"end":{"line":1200,"column":18}},"620":{"start":{"line":1196,"column":20},"end":{"line":1198,"column":21}},"621":{"start":{"line":1197,"column":24},"end":{"line":1197,"column":96}},"622":{"start":{"line":1199,"column":20},"end":{"line":1199,"column":31}},"623":{"start":{"line":1203,"column":31},"end":{"line":1203,"column":33}},"624":{"start":{"line":1204,"column":16},"end":{"line":1206,"column":17}},"625":{"start":{"line":1204,"column":29},"end":{"line":1204,"column":34}},"626":{"start":{"line":1205,"column":20},"end":{"line":1205,"column":35}},"627":{"start":{"line":1207,"column":16},"end":{"line":1207,"column":30}},"628":{"start":{"line":1209,"column":19},"end":{"line":1230,"column":13}},"629":{"start":{"line":1211,"column":16},"end":{"line":1211,"column":47}},"630":{"start":{"line":1213,"column":19},"end":{"line":1230,"column":13}},"631":{"start":{"line":1215,"column":16},"end":{"line":1217,"column":17}},"632":{"start":{"line":1216,"column":20},"end":{"line":1216,"column":92}},"633":{"start":{"line":1218,"column":38},"end":{"line":1218,"column":42}},"634":{"start":{"line":1219,"column":16},"end":{"line":1219,"column":47}},"635":{"start":{"line":1221,"column":19},"end":{"line":1230,"column":13}},"636":{"start":{"line":1223,"column":16},"end":{"line":1225,"column":17}},"637":{"start":{"line":1224,"column":20},"end":{"line":1224,"column":93}},"638":{"start":{"line":1226,"column":16},"end":{"line":1226,"column":45}},"639":{"start":{"line":1229,"column":16},"end":{"line":1229,"column":65}},"640":{"start":{"line":1233,"column":12},"end":{"line":1233,"column":65}},"641":{"start":{"line":1234,"column":12},"end":{"line":1234,"column":24}},"642":{"start":{"line":1239,"column":8},"end":{"line":1239,"column":50}},"643":{"start":{"line":1243,"column":24},"end":{"line":1243,"column":61}},"644":{"start":{"line":1244,"column":26},"end":{"line":1244,"column":57}},"645":{"start":{"line":1245,"column":27},"end":{"line":1245,"column":58}},"646":{"start":{"line":1247,"column":8},"end":{"line":1247,"column":81}},"647":{"start":{"line":1248,"column":8},"end":{"line":1248,"column":28}},"648":{"start":{"line":1250,"column":25},"end":{"line":1250,"column":27}},"649":{"start":{"line":1251,"column":27},"end":{"line":1251,"column":28}},"650":{"start":{"line":1254,"column":8},"end":{"line":1258,"column":9}},"651":{"start":{"line":1255,"column":12},"end":{"line":1255,"column":48}},"652":{"start":{"line":1256,"column":12},"end":{"line":1256,"column":33}},"653":{"start":{"line":1257,"column":12},"end":{"line":1257,"column":28}},"654":{"start":{"line":1261,"column":8},"end":{"line":1291,"column":9}},"655":{"start":{"line":1262,"column":12},"end":{"line":1262,"column":45}},"656":{"start":{"line":1265,"column":12},"end":{"line":1267,"column":13}},"657":{"start":{"line":1266,"column":16},"end":{"line":1266,"column":22}},"658":{"start":{"line":1270,"column":12},"end":{"line":1270,"column":27}},"659":{"start":{"line":1271,"column":12},"end":{"line":1271,"column":61}},"660":{"start":{"line":1273,"column":28},"end":{"line":1273,"column":50}},"661":{"start":{"line":1274,"column":12},"end":{"line":1274,"column":35}},"662":{"start":{"line":1276,"column":12},"end":{"line":1276,"column":69}},"663":{"start":{"line":1279,"column":12},"end":{"line":1279,"column":45}},"664":{"start":{"line":1280,"column":30},"end":{"line":1280,"column":49}},"665":{"start":{"line":1282,"column":12},"end":{"line":1290,"column":13}},"666":{"start":{"line":1283,"column":16},"end":{"line":1283,"column":34}},"667":{"start":{"line":1284,"column":16},"end":{"line":1284,"column":70}},"668":{"start":{"line":1285,"column":19},"end":{"line":1290,"column":13}},"669":{"start":{"line":1286,"column":16},"end":{"line":1289,"column":18}},"670":{"start":{"line":1293,"column":8},"end":{"line":1293,"column":71}},"671":{"start":{"line":1294,"column":8},"end":{"line":1294,"column":29}},"672":{"start":{"line":1296,"column":8},"end":{"line":1296,"column":24}},"673":{"start":{"line":1300,"column":8},"end":{"line":1300,"column":41}},"674":{"start":{"line":1303,"column":8},"end":{"line":1308,"column":10}},"675":{"start":{"line":1311,"column":8},"end":{"line":1311,"column":41}},"676":{"start":{"line":1314,"column":27},"end":{"line":1314,"column":46}},"677":{"start":{"line":1315,"column":8},"end":{"line":1317,"column":9}},"678":{"start":{"line":1316,"column":12},"end":{"line":1316,"column":80}},"679":{"start":{"line":1319,"column":8},"end":{"line":1319,"column":46}},"680":{"start":{"line":1320,"column":8},"end":{"line":1320,"column":29}},"681":{"start":{"line":1321,"column":8},"end":{"line":1321,"column":41}},"682":{"start":{"line":1324,"column":8},"end":{"line":1327,"column":9}},"683":{"start":{"line":1325,"column":12},"end":{"line":1325,"column":31}},"684":{"start":{"line":1326,"column":12},"end":{"line":1326,"column":45}},"685":{"start":{"line":1330,"column":8},"end":{"line":1332,"column":9}},"686":{"start":{"line":1331,"column":12},"end":{"line":1331,"column":95}},"687":{"start":{"line":1335,"column":8},"end":{"line":1335,"column":27}},"688":{"start":{"line":1336,"column":8},"end":{"line":1336,"column":41}},"689":{"start":{"line":1339,"column":8},"end":{"line":1339,"column":34}},"690":{"start":{"line":1342,"column":8},"end":{"line":1344,"column":9}},"691":{"start":{"line":1343,"column":12},"end":{"line":1343,"column":101}},"692":{"start":{"line":1345,"column":8},"end":{"line":1345,"column":27}},"693":{"start":{"line":1347,"column":8},"end":{"line":1347,"column":72}},"694":{"start":{"line":1350,"column":8},"end":{"line":1350,"column":41}},"695":{"start":{"line":1353,"column":32},"end":{"line":1353,"column":51}},"696":{"start":{"line":1354,"column":8},"end":{"line":1354,"column":70}},"697":{"start":{"line":1357,"column":8},"end":{"line":1359,"column":9}},"698":{"start":{"line":1358,"column":12},"end":{"line":1358,"column":123}},"699":{"start":{"line":1361,"column":8},"end":{"line":1361,"column":48}},"700":{"start":{"line":1362,"column":8},"end":{"line":1362,"column":31}},"701":{"start":{"line":1363,"column":8},"end":{"line":1363,"column":41}},"702":{"start":{"line":1366,"column":26},"end":{"line":1366,"column":45}},"703":{"start":{"line":1367,"column":8},"end":{"line":1370,"column":9}},"704":{"start":{"line":1368,"column":12},"end":{"line":1368,"column":37}},"705":{"start":{"line":1369,"column":12},"end":{"line":1369,"column":45}},"706":{"start":{"line":1373,"column":8},"end":{"line":1375,"column":9}},"707":{"start":{"line":1374,"column":12},"end":{"line":1374,"column":97}},"708":{"start":{"line":1378,"column":8},"end":{"line":1378,"column":27}},"709":{"start":{"line":1379,"column":8},"end":{"line":1379,"column":41}},"710":{"start":{"line":1382,"column":8},"end":{"line":1382,"column":31}},"711":{"start":{"line":1385,"column":8},"end":{"line":1387,"column":9}},"712":{"start":{"line":1386,"column":12},"end":{"line":1386,"column":103}},"713":{"start":{"line":1388,"column":8},"end":{"line":1388,"column":27}},"714":{"start":{"line":1391,"column":8},"end":{"line":1391,"column":63}},"715":{"start":{"line":1394,"column":8},"end":{"line":1396,"column":9}},"716":{"start":{"line":1395,"column":12},"end":{"line":1395,"column":29}},"717":{"start":{"line":1399,"column":8},"end":{"line":1405,"column":9}},"718":{"start":{"line":1400,"column":26},"end":{"line":1400,"column":45}},"719":{"start":{"line":1401,"column":12},"end":{"line":1404,"column":13}},"720":{"start":{"line":1402,"column":16},"end":{"line":1402,"column":97}},"721":{"start":{"line":1403,"column":16},"end":{"line":1403,"column":130}},"722":{"start":{"line":1407,"column":8},"end":{"line":1407,"column":52}},"723":{"start":{"line":1409,"column":8},"end":{"line":1409,"column":24}},"724":{"start":{"line":1418,"column":4},"end":{"line":1441,"column":5}},"725":{"start":{"line":1420,"column":23},"end":{"line":1420,"column":57}},"726":{"start":{"line":1423,"column":22},"end":{"line":1423,"column":42}},"727":{"start":{"line":1424,"column":23},"end":{"line":1424,"column":39}},"728":{"start":{"line":1427,"column":23},"end":{"line":1427,"column":51}},"729":{"start":{"line":1428,"column":20},"end":{"line":1428,"column":34}},"730":{"start":{"line":1431,"column":8},"end":{"line":1435,"column":9}},"731":{"start":{"line":1432,"column":12},"end":{"line":1432,"column":72}},"732":{"start":{"line":1433,"column":12},"end":{"line":1433,"column":71}},"733":{"start":{"line":1434,"column":12},"end":{"line":1434,"column":79}},"734":{"start":{"line":1437,"column":8},"end":{"line":1437,"column":19}},"735":{"start":{"line":1439,"column":8},"end":{"line":1439,"column":52}},"736":{"start":{"line":1440,"column":8},"end":{"line":1440,"column":20}},"737":{"start":{"line":1445,"column":0},"end":{"line":1449,"column":2}},"738":{"start":{"line":1452,"column":0},"end":{"line":1469,"column":1}},"739":{"start":{"line":1453,"column":17},"end":{"line":1453,"column":38}},"740":{"start":{"line":1454,"column":4},"end":{"line":1457,"column":5}},"741":{"start":{"line":1455,"column":8},"end":{"line":1455,"column":81}},"742":{"start":{"line":1456,"column":8},"end":{"line":1456,"column":24}},"743":{"start":{"line":1459,"column":22},"end":{"line":1459,"column":29}},"744":{"start":{"line":1460,"column":23},"end":{"line":1460,"column":30}},"745":{"start":{"line":1463,"column":22},"end":{"line":1463,"column":46}},"746":{"start":{"line":1464,"column":4},"end":{"line":1466,"column":5}},"747":{"start":{"line":1465,"column":8},"end":{"line":1465,"column":53}},"748":{"start":{"line":1468,"column":4},"end":{"line":1468,"column":38}}},"fnMap":{"0":{"name":"(anonymous_0)","decl":{"start":{"line":5,"column":4},"end":{"line":5,"column":5}},"loc":{"start":{"line":5,"column":24},"end":{"line":12,"column":5}},"line":5},"1":{"name":"(anonymous_1)","decl":{"start":{"line":14,"column":4},"end":{"line":14,"column":5}},"loc":{"start":{"line":14,"column":15},"end":{"line":325,"column":5}},"line":14},"2":{"name":"(anonymous_2)","decl":{"start":{"line":263,"column":33},"end":{"line":263,"column":34}},"loc":{"start":{"line":263,"column":57},"end":{"line":293,"column":13}},"line":263},"3":{"name":"(anonymous_3)","decl":{"start":{"line":319,"column":32},"end":{"line":319,"column":33}},"loc":{"start":{"line":319,"column":46},"end":{"line":321,"column":13}},"line":319},"4":{"name":"(anonymous_4)","decl":{"start":{"line":327,"column":4},"end":{"line":327,"column":5}},"loc":{"start":{"line":327,"column":23},"end":{"line":329,"column":5}},"line":327},"5":{"name":"(anonymous_5)","decl":{"start":{"line":333,"column":19},"end":{"line":333,"column":20}},"loc":{"start":{"line":333,"column":36},"end":{"line":333,"column":65}},"line":333},"6":{"name":"(anonymous_6)","decl":{"start":{"line":333,"column":49},"end":{"line":333,"column":50}},"loc":{"start":{"line":333,"column":54},"end":{"line":333,"column":64}},"line":333},"7":{"name":"(anonymous_7)","decl":{"start":{"line":335,"column":21},"end":{"line":335,"column":22}},"loc":{"start":{"line":335,"column":30},"end":{"line":346,"column":1}},"line":335},"8":{"name":"(anonymous_8)","decl":{"start":{"line":350,"column":4},"end":{"line":350,"column":5}},"loc":{"start":{"line":350,"column":31},"end":{"line":361,"column":5}},"line":350},"9":{"name":"(anonymous_9)","decl":{"start":{"line":363,"column":4},"end":{"line":363,"column":5}},"loc":{"start":{"line":363,"column":19},"end":{"line":365,"column":5}},"line":363},"10":{"name":"(anonymous_10)","decl":{"start":{"line":367,"column":4},"end":{"line":367,"column":5}},"loc":{"start":{"line":367,"column":28},"end":{"line":377,"column":5}},"line":367},"11":{"name":"(anonymous_11)","decl":{"start":{"line":379,"column":4},"end":{"line":379,"column":5}},"loc":{"start":{"line":379,"column":32},"end":{"line":386,"column":5}},"line":379},"12":{"name":"(anonymous_12)","decl":{"start":{"line":388,"column":4},"end":{"line":388,"column":5}},"loc":{"start":{"line":388,"column":27},"end":{"line":415,"column":5}},"line":388},"13":{"name":"(anonymous_13)","decl":{"start":{"line":417,"column":4},"end":{"line":417,"column":5}},"loc":{"start":{"line":417,"column":21},"end":{"line":427,"column":5}},"line":417},"14":{"name":"(anonymous_14)","decl":{"start":{"line":429,"column":4},"end":{"line":429,"column":5}},"loc":{"start":{"line":429,"column":20},"end":{"line":450,"column":5}},"line":429},"15":{"name":"(anonymous_15)","decl":{"start":{"line":452,"column":4},"end":{"line":452,"column":5}},"loc":{"start":{"line":452,"column":22},"end":{"line":553,"column":5}},"line":452},"16":{"name":"(anonymous_16)","decl":{"start":{"line":555,"column":4},"end":{"line":555,"column":5}},"loc":{"start":{"line":555,"column":25},"end":{"line":657,"column":5}},"line":555},"17":{"name":"(anonymous_17)","decl":{"start":{"line":659,"column":4},"end":{"line":659,"column":5}},"loc":{"start":{"line":659,"column":28},"end":{"line":741,"column":5}},"line":659},"18":{"name":"(anonymous_18)","decl":{"start":{"line":743,"column":4},"end":{"line":743,"column":5}},"loc":{"start":{"line":743,"column":17},"end":{"line":769,"column":5}},"line":743},"19":{"name":"(anonymous_19)","decl":{"start":{"line":771,"column":4},"end":{"line":771,"column":5}},"loc":{"start":{"line":771,"column":18},"end":{"line":803,"column":5}},"line":771},"20":{"name":"(anonymous_20)","decl":{"start":{"line":805,"column":4},"end":{"line":805,"column":5}},"loc":{"start":{"line":805,"column":17},"end":{"line":831,"column":5}},"line":805},"21":{"name":"(anonymous_21)","decl":{"start":{"line":833,"column":4},"end":{"line":833,"column":5}},"loc":{"start":{"line":833,"column":22},"end":{"line":905,"column":5}},"line":833},"22":{"name":"(anonymous_22)","decl":{"start":{"line":907,"column":4},"end":{"line":907,"column":5}},"loc":{"start":{"line":907,"column":21},"end":{"line":940,"column":5}},"line":907},"23":{"name":"(anonymous_23)","decl":{"start":{"line":942,"column":4},"end":{"line":942,"column":5}},"loc":{"start":{"line":942,"column":19},"end":{"line":1096,"column":5}},"line":942},"24":{"name":"(anonymous_24)","decl":{"start":{"line":1098,"column":4},"end":{"line":1098,"column":5}},"loc":{"start":{"line":1098,"column":20},"end":{"line":1148,"column":5}},"line":1098},"25":{"name":"(anonymous_25)","decl":{"start":{"line":1150,"column":4},"end":{"line":1150,"column":5}},"loc":{"start":{"line":1150,"column":24},"end":{"line":1236,"column":5}},"line":1150},"26":{"name":"(anonymous_26)","decl":{"start":{"line":1195,"column":46},"end":{"line":1195,"column":47}},"loc":{"start":{"line":1195,"column":53},"end":{"line":1200,"column":17}},"line":1195},"27":{"name":"(anonymous_27)","decl":{"start":{"line":1238,"column":4},"end":{"line":1238,"column":5}},"loc":{"start":{"line":1238,"column":25},"end":{"line":1240,"column":5}},"line":1238},"28":{"name":"(anonymous_28)","decl":{"start":{"line":1242,"column":4},"end":{"line":1242,"column":5}},"loc":{"start":{"line":1242,"column":17},"end":{"line":1297,"column":5}},"line":1242},"29":{"name":"(anonymous_29)","decl":{"start":{"line":1299,"column":4},"end":{"line":1299,"column":5}},"loc":{"start":{"line":1299,"column":12},"end":{"line":1410,"column":5}},"line":1299},"30":{"name":"compileMTL","decl":{"start":{"line":1417,"column":9},"end":{"line":1417,"column":19}},"loc":{"start":{"line":1417,"column":43},"end":{"line":1442,"column":1}},"line":1417}},"branchMap":{"0":{"loc":{"start":{"line":44,"column":29},"end":{"line":44,"column":58}},"type":"cond-expr","locations":[{"start":{"line":44,"column":37},"end":{"line":44,"column":53}},{"start":{"line":44,"column":56},"end":{"line":44,"column":58}}],"line":44},"1":{"loc":{"start":{"line":47,"column":12},"end":{"line":52,"column":13}},"type":"if","locations":[{"start":{"line":47,"column":12},"end":{"line":52,"column":13}},{"start":{},"end":{}}],"line":47},"2":{"loc":{"start":{"line":47,"column":16},"end":{"line":47,"column":69}},"type":"binary-expr","locations":[{"start":{"line":47,"column":16},"end":{"line":47,"column":28}},{"start":{"line":47,"column":32},"end":{"line":47,"column":56}},{"start":{"line":47,"column":60},"end":{"line":47,"column":69}}],"line":47},"3":{"loc":{"start":{"line":54,"column":12},"end":{"line":58,"column":13}},"type":"if","locations":[{"start":{"line":54,"column":12},"end":{"line":58,"column":13}},{"start":{},"end":{}}],"line":54},"4":{"loc":{"start":{"line":54,"column":16},"end":{"line":54,"column":42}},"type":"binary-expr","locations":[{"start":{"line":54,"column":16},"end":{"line":54,"column":29}},{"start":{"line":54,"column":33},"end":{"line":54,"column":42}}],"line":54},"5":{"loc":{"start":{"line":60,"column":12},"end":{"line":63,"column":13}},"type":"if","locations":[{"start":{"line":60,"column":12},"end":{"line":63,"column":13}},{"start":{},"end":{}}],"line":60},"6":{"loc":{"start":{"line":66,"column":12},"end":{"line":70,"column":13}},"type":"if","locations":[{"start":{"line":66,"column":12},"end":{"line":70,"column":13}},{"start":{},"end":{}}],"line":66},"7":{"loc":{"start":{"line":66,"column":16},"end":{"line":66,"column":88}},"type":"binary-expr","locations":[{"start":{"line":66,"column":17},"end":{"line":66,"column":29}},{"start":{"line":66,"column":33},"end":{"line":66,"column":45}},{"start":{"line":66,"column":51},"end":{"line":66,"column":58}},{"start":{"line":66,"column":62},"end":{"line":66,"column":87}}],"line":66},"8":{"loc":{"start":{"line":73,"column":30},"end":{"line":73,"column":66}},"type":"cond-expr","locations":[{"start":{"line":73,"column":41},"end":{"line":73,"column":45}},{"start":{"line":73,"column":48},"end":{"line":73,"column":66}}],"line":73},"9":{"loc":{"start":{"line":94,"column":12},"end":{"line":105,"column":13}},"type":"if","locations":[{"start":{"line":94,"column":12},"end":{"line":105,"column":13}},{"start":{},"end":{}}],"line":94},"10":{"loc":{"start":{"line":96,"column":16},"end":{"line":102,"column":17}},"type":"if","locations":[{"start":{"line":96,"column":16},"end":{"line":102,"column":17}},{"start":{},"end":{}}],"line":96},"11":{"loc":{"start":{"line":96,"column":20},"end":{"line":96,"column":52}},"type":"binary-expr","locations":[{"start":{"line":96,"column":20},"end":{"line":96,"column":33}},{"start":{"line":96,"column":37},"end":{"line":96,"column":52}}],"line":96},"12":{"loc":{"start":{"line":99,"column":20},"end":{"line":101,"column":21}},"type":"if","locations":[{"start":{"line":99,"column":20},"end":{"line":101,"column":21}},{"start":{},"end":{}}],"line":99},"13":{"loc":{"start":{"line":99,"column":24},"end":{"line":99,"column":94}},"type":"binary-expr","locations":[{"start":{"line":99,"column":24},"end":{"line":99,"column":33}},{"start":{"line":99,"column":37},"end":{"line":99,"column":63}},{"start":{"line":99,"column":67},"end":{"line":99,"column":94}}],"line":99},"14":{"loc":{"start":{"line":108,"column":12},"end":{"line":113,"column":13}},"type":"if","locations":[{"start":{"line":108,"column":12},"end":{"line":113,"column":13}},{"start":{},"end":{}}],"line":108},"15":{"loc":{"start":{"line":108,"column":16},"end":{"line":108,"column":70}},"type":"binary-expr","locations":[{"start":{"line":108,"column":16},"end":{"line":108,"column":28}},{"start":{"line":108,"column":32},"end":{"line":108,"column":70}}],"line":108},"16":{"loc":{"start":{"line":109,"column":23},"end":{"line":109,"column":96}},"type":"binary-expr","locations":[{"start":{"line":109,"column":23},"end":{"line":109,"column":57}},{"start":{"line":109,"column":61},"end":{"line":109,"column":96}}],"line":109},"17":{"loc":{"start":{"line":117,"column":12},"end":{"line":166,"column":13}},"type":"if","locations":[{"start":{"line":117,"column":12},"end":{"line":166,"column":13}},{"start":{},"end":{}}],"line":117},"18":{"loc":{"start":{"line":117,"column":16},"end":{"line":117,"column":44}},"type":"binary-expr","locations":[{"start":{"line":117,"column":16},"end":{"line":117,"column":28}},{"start":{"line":117,"column":32},"end":{"line":117,"column":44}}],"line":117},"19":{"loc":{"start":{"line":123,"column":23},"end":{"line":123,"column":101}},"type":"binary-expr","locations":[{"start":{"line":123,"column":23},"end":{"line":123,"column":57}},{"start":{"line":123,"column":61},"end":{"line":123,"column":101}}],"line":123},"20":{"loc":{"start":{"line":125,"column":20},"end":{"line":131,"column":21}},"type":"if","locations":[{"start":{"line":125,"column":20},"end":{"line":131,"column":21}},{"start":{"line":128,"column":27},"end":{"line":131,"column":21}}],"line":125},"21":{"loc":{"start":{"line":125,"column":24},"end":{"line":125,"column":107}},"type":"binary-expr","locations":[{"start":{"line":125,"column":24},"end":{"line":125,"column":59}},{"start":{"line":125,"column":63},"end":{"line":125,"column":107}}],"line":125},"22":{"loc":{"start":{"line":134,"column":16},"end":{"line":136,"column":17}},"type":"if","locations":[{"start":{"line":134,"column":16},"end":{"line":136,"column":17}},{"start":{},"end":{}}],"line":134},"23":{"loc":{"start":{"line":141,"column":34},"end":{"line":141,"column":69}},"type":"cond-expr","locations":[{"start":{"line":141,"column":50},"end":{"line":141,"column":58}},{"start":{"line":141,"column":61},"end":{"line":141,"column":69}}],"line":141},"24":{"loc":{"start":{"line":146,"column":16},"end":{"line":163,"column":17}},"type":"if","locations":[{"start":{"line":146,"column":16},"end":{"line":163,"column":17}},{"start":{},"end":{}}],"line":146},"25":{"loc":{"start":{"line":151,"column":27},"end":{"line":151,"column":90}},"type":"binary-expr","locations":[{"start":{"line":151,"column":27},"end":{"line":151,"column":55}},{"start":{"line":151,"column":59},"end":{"line":151,"column":90}}],"line":151},"26":{"loc":{"start":{"line":156,"column":20},"end":{"line":162,"column":21}},"type":"if","locations":[{"start":{"line":156,"column":20},"end":{"line":162,"column":21}},{"start":{},"end":{}}],"line":156},"27":{"loc":{"start":{"line":156,"column":24},"end":{"line":158,"column":81}},"type":"binary-expr","locations":[{"start":{"line":156,"column":25},"end":{"line":156,"column":54}},{"start":{"line":156,"column":58},"end":{"line":156,"column":86}},{"start":{"line":157,"column":24},"end":{"line":157,"column":47}},{"start":{"line":158,"column":24},"end":{"line":158,"column":81}}],"line":156},"28":{"loc":{"start":{"line":169,"column":12},"end":{"line":188,"column":13}},"type":"if","locations":[{"start":{"line":169,"column":12},"end":{"line":188,"column":13}},{"start":{},"end":{}}],"line":169},"29":{"loc":{"start":{"line":176,"column":16},"end":{"line":186,"column":17}},"type":"if","locations":[{"start":{"line":176,"column":16},"end":{"line":186,"column":17}},{"start":{"line":184,"column":23},"end":{"line":186,"column":17}}],"line":176},"30":{"loc":{"start":{"line":176,"column":20},"end":{"line":176,"column":96}},"type":"binary-expr","locations":[{"start":{"line":176,"column":20},"end":{"line":176,"column":54}},{"start":{"line":176,"column":58},"end":{"line":176,"column":96}}],"line":176},"31":{"loc":{"start":{"line":192,"column":12},"end":{"line":210,"column":13}},"type":"if","locations":[{"start":{"line":192,"column":12},"end":{"line":210,"column":13}},{"start":{},"end":{}}],"line":192},"32":{"loc":{"start":{"line":194,"column":23},"end":{"line":194,"column":109}},"type":"binary-expr","locations":[{"start":{"line":194,"column":23},"end":{"line":194,"column":57}},{"start":{"line":194,"column":61},"end":{"line":194,"column":109}}],"line":194},"33":{"loc":{"start":{"line":199,"column":16},"end":{"line":208,"column":17}},"type":"if","locations":[{"start":{"line":199,"column":16},"end":{"line":208,"column":17}},{"start":{"line":201,"column":23},"end":{"line":208,"column":17}}],"line":199},"34":{"loc":{"start":{"line":203,"column":20},"end":{"line":207,"column":21}},"type":"if","locations":[{"start":{"line":203,"column":20},"end":{"line":207,"column":21}},{"start":{"line":205,"column":27},"end":{"line":207,"column":21}}],"line":203},"35":{"loc":{"start":{"line":224,"column":12},"end":{"line":231,"column":13}},"type":"if","locations":[{"start":{"line":224,"column":12},"end":{"line":231,"column":13}},{"start":{},"end":{}}],"line":224},"36":{"loc":{"start":{"line":226,"column":16},"end":{"line":230,"column":17}},"type":"if","locations":[{"start":{"line":226,"column":16},"end":{"line":230,"column":17}},{"start":{},"end":{}}],"line":226},"37":{"loc":{"start":{"line":256,"column":12},"end":{"line":260,"column":13}},"type":"if","locations":[{"start":{"line":256,"column":12},"end":{"line":260,"column":13}},{"start":{},"end":{}}],"line":256},"38":{"loc":{"start":{"line":267,"column":16},"end":{"line":291,"column":17}},"type":"if","locations":[{"start":{"line":267,"column":16},"end":{"line":291,"column":17}},{"start":{},"end":{}}],"line":267},"39":{"loc":{"start":{"line":270,"column":20},"end":{"line":278,"column":21}},"type":"if","locations":[{"start":{"line":270,"column":20},"end":{"line":278,"column":21}},{"start":{},"end":{}}],"line":270},"40":{"loc":{"start":{"line":274,"column":31},"end":{"line":274,"column":106}},"type":"binary-expr","locations":[{"start":{"line":274,"column":31},"end":{"line":274,"column":65}},{"start":{"line":274,"column":69},"end":{"line":274,"column":106}}],"line":274},"41":{"loc":{"start":{"line":282,"column":20},"end":{"line":290,"column":21}},"type":"if","locations":[{"start":{"line":282,"column":20},"end":{"line":290,"column":21}},{"start":{},"end":{}}],"line":282},"42":{"loc":{"start":{"line":286,"column":31},"end":{"line":286,"column":106}},"type":"binary-expr","locations":[{"start":{"line":286,"column":31},"end":{"line":286,"column":65}},{"start":{"line":286,"column":69},"end":{"line":286,"column":106}}],"line":286},"43":{"loc":{"start":{"line":296,"column":12},"end":{"line":300,"column":13}},"type":"if","locations":[{"start":{"line":296,"column":12},"end":{"line":300,"column":13}},{"start":{"line":298,"column":19},"end":{"line":300,"column":13}}],"line":296},"44":{"loc":{"start":{"line":296,"column":16},"end":{"line":296,"column":44}},"type":"binary-expr","locations":[{"start":{"line":296,"column":16},"end":{"line":296,"column":28}},{"start":{"line":296,"column":32},"end":{"line":296,"column":44}}],"line":296},"45":{"loc":{"start":{"line":297,"column":16},"end":{"line":297,"column":67}},"type":"if","locations":[{"start":{"line":297,"column":16},"end":{"line":297,"column":67}},{"start":{},"end":{}}],"line":297},"46":{"loc":{"start":{"line":298,"column":19},"end":{"line":300,"column":13}},"type":"if","locations":[{"start":{"line":298,"column":19},"end":{"line":300,"column":13}},{"start":{},"end":{}}],"line":298},"47":{"loc":{"start":{"line":298,"column":23},"end":{"line":298,"column":51}},"type":"binary-expr","locations":[{"start":{"line":298,"column":23},"end":{"line":298,"column":35}},{"start":{"line":298,"column":39},"end":{"line":298,"column":51}}],"line":298},"48":{"loc":{"start":{"line":299,"column":16},"end":{"line":299,"column":71}},"type":"if","locations":[{"start":{"line":299,"column":16},"end":{"line":299,"column":71}},{"start":{},"end":{}}],"line":299},"49":{"loc":{"start":{"line":303,"column":12},"end":{"line":307,"column":13}},"type":"if","locations":[{"start":{"line":303,"column":12},"end":{"line":307,"column":13}},{"start":{},"end":{}}],"line":303},"50":{"loc":{"start":{"line":317,"column":8},"end":{"line":322,"column":9}},"type":"if","locations":[{"start":{"line":317,"column":8},"end":{"line":322,"column":9}},{"start":{},"end":{}}],"line":317},"51":{"loc":{"start":{"line":336,"column":4},"end":{"line":336,"column":38}},"type":"if","locations":[{"start":{"line":336,"column":4},"end":{"line":336,"column":38}},{"start":{},"end":{}}],"line":336},"52":{"loc":{"start":{"line":367,"column":14},"end":{"line":367,"column":26}},"type":"default-arg","locations":[{"start":{"line":367,"column":22},"end":{"line":367,"column":26}}],"line":367},"53":{"loc":{"start":{"line":369,"column":8},"end":{"line":371,"column":9}},"type":"if","locations":[{"start":{"line":369,"column":8},"end":{"line":371,"column":9}},{"start":{},"end":{}}],"line":369},"54":{"loc":{"start":{"line":372,"column":8},"end":{"line":374,"column":9}},"type":"if","locations":[{"start":{"line":372,"column":8},"end":{"line":374,"column":9}},{"start":{},"end":{}}],"line":372},"55":{"loc":{"start":{"line":372,"column":12},"end":{"line":372,"column":76}},"type":"binary-expr","locations":[{"start":{"line":372,"column":12},"end":{"line":372,"column":31}},{"start":{"line":372,"column":36},"end":{"line":372,"column":50}},{"start":{"line":372,"column":54},"end":{"line":372,"column":75}}],"line":372},"56":{"loc":{"start":{"line":373,"column":47},"end":{"line":373,"column":71}},"type":"cond-expr","locations":[{"start":{"line":373,"column":55},"end":{"line":373,"column":66}},{"start":{"line":373,"column":69},"end":{"line":373,"column":71}}],"line":373},"57":{"loc":{"start":{"line":380,"column":15},"end":{"line":380,"column":76}},"type":"binary-expr","locations":[{"start":{"line":380,"column":15},"end":{"line":380,"column":34}},{"start":{"line":380,"column":38},"end":{"line":380,"column":76}}],"line":380},"58":{"loc":{"start":{"line":383,"column":15},"end":{"line":383,"column":74}},"type":"binary-expr","locations":[{"start":{"line":383,"column":15},"end":{"line":383,"column":34}},{"start":{"line":383,"column":38},"end":{"line":383,"column":74}}],"line":383},"59":{"loc":{"start":{"line":389,"column":8},"end":{"line":389,"column":58}},"type":"if","locations":[{"start":{"line":389,"column":8},"end":{"line":389,"column":58}},{"start":{},"end":{}}],"line":389},"60":{"loc":{"start":{"line":395,"column":12},"end":{"line":397,"column":13}},"type":"if","locations":[{"start":{"line":395,"column":12},"end":{"line":397,"column":13}},{"start":{},"end":{}}],"line":395},"61":{"loc":{"start":{"line":405,"column":12},"end":{"line":411,"column":13}},"type":"if","locations":[{"start":{"line":405,"column":12},"end":{"line":411,"column":13}},{"start":{"line":409,"column":19},"end":{"line":411,"column":13}}],"line":405},"62":{"loc":{"start":{"line":407,"column":26},"end":{"line":407,"column":54}},"type":"cond-expr","locations":[{"start":{"line":407,"column":49},"end":{"line":407,"column":50}},{"start":{"line":407,"column":53},"end":{"line":407,"column":54}}],"line":407},"63":{"loc":{"start":{"line":419,"column":15},"end":{"line":419,"column":98}},"type":"binary-expr","locations":[{"start":{"line":419,"column":15},"end":{"line":419,"column":49}},{"start":{"line":419,"column":53},"end":{"line":419,"column":98}}],"line":419},"64":{"loc":{"start":{"line":424,"column":8},"end":{"line":426,"column":9}},"type":"if","locations":[{"start":{"line":424,"column":8},"end":{"line":426,"column":9}},{"start":{},"end":{}}],"line":424},"65":{"loc":{"start":{"line":424,"column":12},"end":{"line":424,"column":95}},"type":"binary-expr","locations":[{"start":{"line":424,"column":12},"end":{"line":424,"column":46}},{"start":{"line":424,"column":50},"end":{"line":424,"column":95}}],"line":424},"66":{"loc":{"start":{"line":435,"column":8},"end":{"line":438,"column":9}},"type":"if","locations":[{"start":{"line":435,"column":8},"end":{"line":438,"column":9}},{"start":{},"end":{}}],"line":435},"67":{"loc":{"start":{"line":441,"column":8},"end":{"line":443,"column":9}},"type":"if","locations":[{"start":{"line":441,"column":8},"end":{"line":443,"column":9}},{"start":{},"end":{}}],"line":441},"68":{"loc":{"start":{"line":456,"column":8},"end":{"line":460,"column":9}},"type":"if","locations":[{"start":{"line":456,"column":8},"end":{"line":460,"column":9}},{"start":{},"end":{}}],"line":456},"69":{"loc":{"start":{"line":464,"column":8},"end":{"line":476,"column":9}},"type":"if","locations":[{"start":{"line":464,"column":8},"end":{"line":476,"column":9}},{"start":{"line":467,"column":15},"end":{"line":476,"column":9}}],"line":464},"70":{"loc":{"start":{"line":467,"column":15},"end":{"line":476,"column":9}},"type":"if","locations":[{"start":{"line":467,"column":15},"end":{"line":476,"column":9}},{"start":{"line":469,"column":15},"end":{"line":476,"column":9}}],"line":467},"71":{"loc":{"start":{"line":469,"column":15},"end":{"line":476,"column":9}},"type":"if","locations":[{"start":{"line":469,"column":15},"end":{"line":476,"column":9}},{"start":{"line":474,"column":15},"end":{"line":476,"column":9}}],"line":469},"72":{"loc":{"start":{"line":490,"column":12},"end":{"line":493,"column":13}},"type":"if","locations":[{"start":{"line":490,"column":12},"end":{"line":493,"column":13}},{"start":{},"end":{}}],"line":490},"73":{"loc":{"start":{"line":496,"column":12},"end":{"line":499,"column":13}},"type":"if","locations":[{"start":{"line":496,"column":12},"end":{"line":499,"column":13}},{"start":{},"end":{}}],"line":496},"74":{"loc":{"start":{"line":502,"column":12},"end":{"line":542,"column":13}},"type":"if","locations":[{"start":{"line":502,"column":12},"end":{"line":542,"column":13}},{"start":{},"end":{}}],"line":502},"75":{"loc":{"start":{"line":506,"column":16},"end":{"line":541,"column":17}},"type":"if","locations":[{"start":{"line":506,"column":16},"end":{"line":541,"column":17}},{"start":{},"end":{}}],"line":506},"76":{"loc":{"start":{"line":512,"column":20},"end":{"line":536,"column":21}},"type":"if","locations":[{"start":{"line":512,"column":20},"end":{"line":536,"column":21}},{"start":{"line":534,"column":27},"end":{"line":536,"column":21}}],"line":512},"77":{"loc":{"start":{"line":519,"column":28},"end":{"line":529,"column":29}},"type":"if","locations":[{"start":{"line":519,"column":28},"end":{"line":529,"column":29}},{"start":{"line":527,"column":35},"end":{"line":529,"column":29}}],"line":519},"78":{"loc":{"start":{"line":523,"column":32},"end":{"line":526,"column":33}},"type":"if","locations":[{"start":{"line":523,"column":32},"end":{"line":526,"column":33}},{"start":{},"end":{}}],"line":523},"79":{"loc":{"start":{"line":545,"column":12},"end":{"line":548,"column":13}},"type":"if","locations":[{"start":{"line":545,"column":12},"end":{"line":548,"column":13}},{"start":{},"end":{}}],"line":545},"80":{"loc":{"start":{"line":563,"column":16},"end":{"line":567,"column":17}},"type":"if","locations":[{"start":{"line":563,"column":16},"end":{"line":567,"column":17}},{"start":{},"end":{}}],"line":563},"81":{"loc":{"start":{"line":570,"column":16},"end":{"line":572,"column":17}},"type":"if","locations":[{"start":{"line":570,"column":16},"end":{"line":572,"column":17}},{"start":{},"end":{}}],"line":570},"82":{"loc":{"start":{"line":579,"column":16},"end":{"line":582,"column":17}},"type":"if","locations":[{"start":{"line":579,"column":16},"end":{"line":582,"column":17}},{"start":{},"end":{}}],"line":579},"83":{"loc":{"start":{"line":586,"column":16},"end":{"line":588,"column":17}},"type":"if","locations":[{"start":{"line":586,"column":16},"end":{"line":588,"column":17}},{"start":{},"end":{}}],"line":586},"84":{"loc":{"start":{"line":591,"column":16},"end":{"line":628,"column":17}},"type":"if","locations":[{"start":{"line":591,"column":16},"end":{"line":628,"column":17}},{"start":{"line":594,"column":23},"end":{"line":628,"column":17}}],"line":591},"85":{"loc":{"start":{"line":594,"column":23},"end":{"line":628,"column":17}},"type":"if","locations":[{"start":{"line":594,"column":23},"end":{"line":628,"column":17}},{"start":{"line":597,"column":23},"end":{"line":628,"column":17}}],"line":594},"86":{"loc":{"start":{"line":597,"column":23},"end":{"line":628,"column":17}},"type":"if","locations":[{"start":{"line":597,"column":23},"end":{"line":628,"col
[...]
"column":17}},{"start":{"line":1051,"column":23},"end":{"line":1055,"column":17}}],"line":1041},"156":{"loc":{"start":{"line":1041,"column":20},"end":{"line":1041,"column":58}},"type":"binary-expr","locations":[{"start":{"line":1041,"column":20},"end":{"line":1041,"column":35}},{"start":{"line":1041,"column":39},"end":{"line":1041,"column":58}}],"line":1041},"157":{"loc":{"start":{"line":1088,"column":8},"end":{"line":1095,"column":9}},"type":"if","locations":[{"start":{"line":1088,"column":8},"end":{"line":1095,"column":9}},{"start":{"line":1090,"column":15},"end":{"line":1095,"column":9}}],"line":1088},"158":{"loc":{"start":{"line":1090,"column":15},"end":{"line":1095,"column":9}},"type":"if","locations":[{"start":{"line":1090,"column":15},"end":{"line":1095,"column":9}},{"start":{"line":1092,"column":15},"end":{"line":1095,"column":9}}],"line":1090},"159":{"loc":{"start":{"line":1116,"column":12},"end":{"line":1116,"column":47}},"type":"if","locations":[{"start":{"line":1116,"column":12},"end":{"line":1116,"column":47}},{"start":{},"end":{}}],"line":1116},"160":{"loc":{"start":{"line":1119,"column":12},"end":{"line":1128,"column":13}},"type":"if","locations":[{"start":{"line":1119,"column":12},"end":{"line":1128,"column":13}},{"start":{"line":1123,"column":19},"end":{"line":1128,"column":13}}],"line":1119},"161":{"loc":{"start":{"line":1119,"column":16},"end":{"line":1119,"column":80}},"type":"binary-expr","locations":[{"start":{"line":1119,"column":16},"end":{"line":1119,"column":43}},{"start":{"line":1119,"column":47},"end":{"line":1119,"column":80}}],"line":1119},"162":{"loc":{"start":{"line":1132,"column":12},"end":{"line":1136,"column":13}},"type":"if","locations":[{"start":{"line":1132,"column":12},"end":{"line":1136,"column":13}},{"start":{"line":1134,"column":19},"end":{"line":1136,"column":13}}],"line":1132},"163":{"loc":{"start":{"line":1134,"column":19},"end":{"line":1136,"column":13}},"type":"if","locations":[{"start":{"line":1134,"column":19},"end":{"line":1136,"column":13}},{"start":{},"end":{}}],"line":1134},"164":{"loc":{"start":{"line":1168,"column":12},"end":{"line":1168,"column":47}},"type":"if","locations":[{"start":{"line":1168,"column":12},"end":{"line":1168,"column":47}},{"start":{},"end":{}}],"line":1168},"165":{"loc":{"start":{"line":1177,"column":12},"end":{"line":1181,"column":13}},"type":"if","locations":[{"start":{"line":1177,"column":12},"end":{"line":1181,"column":13}},{"start":{"line":1179,"column":19},"end":{"line":1181,"column":13}}],"line":1177},"166":{"loc":{"start":{"line":1179,"column":19},"end":{"line":1181,"column":13}},"type":"if","locations":[{"start":{"line":1179,"column":19},"end":{"line":1181,"column":13}},{"start":{},"end":{}}],"line":1179},"167":{"loc":{"start":{"line":1191,"column":12},"end":{"line":1230,"column":13}},"type":"if","locations":[{"start":{"line":1191,"column":12},"end":{"line":1230,"column":13}},{"start":{"line":1209,"column":19},"end":{"line":1230,"column":13}}],"line":1191},"168":{"loc":{"start":{"line":1192,"column":16},"end":{"line":1194,"column":17}},"type":"if","locations":[{"start":{"line":1192,"column":16},"end":{"line":1194,"column":17}},{"start":{},"end":{}}],"line":1192},"169":{"loc":{"start":{"line":1196,"column":20},"end":{"line":1198,"column":21}},"type":"if","locations":[{"start":{"line":1196,"column":20},"end":{"line":1198,"column":21}},{"start":{},"end":{}}],"line":1196},"170":{"loc":{"start":{"line":1209,"column":19},"end":{"line":1230,"column":13}},"type":"if","locations":[{"start":{"line":1209,"column":19},"end":{"line":1230,"column":13}},{"start":{"line":1213,"column":19},"end":{"line":1230,"column":13}}],"line":1209},"171":{"loc":{"start":{"line":1213,"column":19},"end":{"line":1230,"column":13}},"type":"if","locations":[{"start":{"line":1213,"column":19},"end":{"line":1230,"column":13}},{"start":{"line":1221,"column":19},"end":{"line":1230,"column":13}}],"line":1213},"172":{"loc":{"start":{"line":1215,"column":16},"end":{"line":1217,"column":17}},"type":"if","locations":[{"start":{"line":1215,"column":16},"end":{"line":1217,"column":17}},{"start":{},"end":{}}],"line":1215},"173":{"loc":{"start":{"line":1221,"column":19},"end":{"line":1230,"column":13}},"type":"if","locations":[{"start":{"line":1221,"column":19},"end":{"line":1230,"column":13}},{"start":{"line":1228,"column":19},"end":{"line":1230,"column":13}}],"line":1221},"174":{"loc":{"start":{"line":1223,"column":16},"end":{"line":1225,"column":17}},"type":"if","locations":[{"start":{"line":1223,"column":16},"end":{"line":1225,"column":17}},{"start":{},"end":{}}],"line":1223},"175":{"loc":{"start":{"line":1238,"column":14},"end":{"line":1238,"column":23}},"type":"default-arg","locations":[{"start":{"line":1238,"column":22},"end":{"line":1238,"column":23}}],"line":1238},"176":{"loc":{"start":{"line":1244,"column":26},"end":{"line":1244,"column":57}},"type":"cond-expr","locations":[{"start":{"line":1244,"column":36},"end":{"line":1244,"column":44}},{"start":{"line":1244,"column":47},"end":{"line":1244,"column":57}}],"line":1244},"177":{"loc":{"start":{"line":1245,"column":27},"end":{"line":1245,"column":58}},"type":"cond-expr","locations":[{"start":{"line":1245,"column":37},"end":{"line":1245,"column":45}},{"start":{"line":1245,"column":48},"end":{"line":1245,"column":58}}],"line":1245},"178":{"loc":{"start":{"line":1247,"column":31},"end":{"line":1247,"column":66}},"type":"cond-expr","locations":[{"start":{"line":1247,"column":41},"end":{"line":1247,"column":56}},{"start":{"line":1247,"column":59},"end":{"line":1247,"column":66}}],"line":1247},"179":{"loc":{"start":{"line":1254,"column":8},"end":{"line":1258,"column":9}},"type":"if","locations":[{"start":{"line":1254,"column":8},"end":{"line":1258,"column":9}},{"start":{},"end":{}}],"line":1254},"180":{"loc":{"start":{"line":1265,"column":12},"end":{"line":1267,"column":13}},"type":"if","locations":[{"start":{"line":1265,"column":12},"end":{"line":1267,"column":13}},{"start":{},"end":{}}],"line":1265},"181":{"loc":{"start":{"line":1282,"column":12},"end":{"line":1290,"column":13}},"type":"if","locations":[{"start":{"line":1282,"column":12},"end":{"line":1290,"column":13}},{"start":{"line":1285,"column":19},"end":{"line":1290,"column":13}}],"line":1282},"182":{"loc":{"start":{"line":1285,"column":19},"end":{"line":1290,"column":13}},"type":"if","locations":[{"start":{"line":1285,"column":19},"end":{"line":1290,"column":13}},{"start":{},"end":{}}],"line":1285},"183":{"loc":{"start":{"line":1315,"column":8},"end":{"line":1317,"column":9}},"type":"if","locations":[{"start":{"line":1315,"column":8},"end":{"line":1317,"column":9}},{"start":{},"end":{}}],"line":1315},"184":{"loc":{"start":{"line":1315,"column":12},"end":{"line":1315,"column":57}},"type":"binary-expr","locations":[{"start":{"line":1315,"column":12},"end":{"line":1315,"column":23}},{"start":{"line":1315,"column":27},"end":{"line":1315,"column":57}}],"line":1315},"185":{"loc":{"start":{"line":1324,"column":8},"end":{"line":1327,"column":9}},"type":"if","locations":[{"start":{"line":1324,"column":8},"end":{"line":1327,"column":9}},{"start":{},"end":{}}],"line":1324},"186":{"loc":{"start":{"line":1330,"column":8},"end":{"line":1332,"column":9}},"type":"if","locations":[{"start":{"line":1330,"column":8},"end":{"line":1332,"column":9}},{"start":{},"end":{}}],"line":1330},"187":{"loc":{"start":{"line":1342,"column":8},"end":{"line":1344,"column":9}},"type":"if","locations":[{"start":{"line":1342,"column":8},"end":{"line":1344,"column":9}},{"start":{},"end":{}}],"line":1342},"188":{"loc":{"start":{"line":1357,"column":8},"end":{"line":1359,"column":9}},"type":"if","locations":[{"start":{"line":1357,"column":8},"end":{"line":1359,"column":9}},{"start":{},"end":{}}],"line":1357},"189":{"loc":{"start":{"line":1357,"column":12},"end":{"line":1357,"column":69}},"type":"binary-expr","locations":[{"start":{"line":1357,"column":12},"end":{"line":1357,"column":28}},{"start":{"line":1357,"column":32},"end":{"line":1357,"column":69}}],"line":1357},"190":{"loc":{"start":{"line":1358,"column":73},"end":{"line":1358,"column":119}},"type":"cond-expr","locations":[{"start":{"line":1358,"column":91},"end":{"line":1358,"column":111}},{"start":{"line":1358,"column":114},"end":{"line":1358,"column":119}}],"line":1358},"191":{"loc":{"start":{"line":1367,"column":8},"end":{"line":1370,"column":9}},"type":"if","locations":[{"start":{"line":1367,"column":8},"end":{"line":1370,"column":9}},{"start":{},"end":{}}],"line":1367},"192":{"loc":{"start":{"line":1367,"column":12},"end":{"line":1367,"column":71}},"type":"binary-expr","locations":[{"start":{"line":1367,"column":12},"end":{"line":1367,"column":39}},{"start":{"line":1367,"column":43},"end":{"line":1367,"column":71}}],"line":1367},"193":{"loc":{"start":{"line":1373,"column":8},"end":{"line":1375,"column":9}},"type":"if","locations":[{"start":{"line":1373,"column":8},"end":{"line":1375,"column":9}},{"start":{},"end":{}}],"line":1373},"194":{"loc":{"start":{"line":1385,"column":8},"end":{"line":1387,"column":9}},"type":"if","locations":[{"start":{"line":1385,"column":8},"end":{"line":1387,"column":9}},{"start":{},"end":{}}],"line":1385},"195":{"loc":{"start":{"line":1391,"column":35},"end":{"line":1391,"column":60}},"type":"binary-expr","locations":[{"start":{"line":1391,"column":35},"end":{"line":1391,"column":54}},{"start":{"line":1391,"column":58},"end":{"line":1391,"column":60}}],"line":1391},"196":{"loc":{"start":{"line":1394,"column":8},"end":{"line":1396,"column":9}},"type":"if","locations":[{"start":{"line":1394,"column":8},"end":{"line":1396,"column":9}},{"start":{},"end":{}}],"line":1394},"197":{"loc":{"start":{"line":1399,"column":8},"end":{"line":1405,"column":9}},"type":"if","locations":[{"start":{"line":1399,"column":8},"end":{"line":1405,"column":9}},{"start":{},"end":{}}],"line":1399},"198":{"loc":{"start":{"line":1401,"column":12},"end":{"line":1404,"column":13}},"type":"if","locations":[{"start":{"line":1401,"column":12},"end":{"line":1404,"column":13}},{"start":{},"end":{}}],"line":1401},"199":{"loc":{"start":{"line":1401,"column":16},"end":{"line":1401,"column":45}},"type":"binary-expr","locations":[{"start":{"line":1401,"column":16},"end":{"line":1401,"column":21}},{"start":{"line":1401,"column":25},"end":{"line":1401,"column":45}}],"line":1401},"200":{"loc":{"start":{"line":1431,"column":8},"end":{"line":1435,"column":9}},"type":"if","locations":[{"start":{"line":1431,"column":8},"end":{"line":1435,"column":9}},{"start":{},"end":{}}],"line":1431},"201":{"loc":{"start":{"line":1452,"column":0},"end":{"line":1469,"column":1}},"type":"if","locations":[{"start":{"line":1452,"column":0},"end":{"line":1469,"column":1}},{"start":{},"end":{}}],"line":1452},"202":{"loc":{"start":{"line":1454,"column":4},"end":{"line":1457,"column":5}},"type":"if","locations":[{"start":{"line":1454,"column":4},"end":{"line":1457,"column":5}},{"start":{},"end":{}}],"line":1454},"203":{"loc":{"start":{"line":1464,"column":4},"end":{"line":1466,"column":5}},"type":"if","locations":[{"start":{"line":1464,"column":4},"end":{"line":1466,"column":5}},{"start":{},"end":{}}],"line":1464}},"s":{"0":1,"1":1,"2":5,"3":5,"4":5,"5":5,"6":5,"7":5,"8":5,"9":5,"10":5,"11":5,"12":5,"13":5,"14":5,"15":5,"16":2375,"17":2375,"18":2375,"19":0,"20":0,"21":0,"22":0,"23":2375,"24":0,"25":0,"26":0,"27":2375,"28":0,"29":0,"30":2375,"31":54,"32":54,"33":54,"34":2321,"35":5,"36":5,"37":5,"38":5,"39":5,"40":5,"41":5,"42":5,"43":1285,"44":1285,"45":886,"46":0,"47":0,"48":0,"49":886,"50":886,"51":399,"52":0,"53":0,"54":0,"55":399,"56":27,"57":27,"58":27,"59":27,"60":27,"61":574,"62":0,"63":0,"64":574,"65":574,"66":27,"67":0,"68":27,"69":27,"70":27,"71":27,"72":0,"73":0,"74":0,"75":0,"76":0,"77":0,"78":0,"79":27,"80":372,"81":15,"82":15,"83":15,"84":15,"85":15,"86":2,"87":2,"88":2,"89":2,"90":2,"91":2,"92":13,"93":15,"94":357,"95":163,"96":163,"97":644,"98":163,"99":63,"100":100,"101":0,"102":100,"103":163,"104":194,"105":194,"106":192,"107":192,"108":2,"109":2,"110":2,"111":192,"112":192,"113":192,"114":192,"115":192,"116":0,"117":0,"118":0,"119":0,"120":0,"121":0,"122":0,"123":0,"124":0,"125":0,"126":0,"127":0,"128":0,"129":0,"130":0,"131":0,"132":0,"133":0,"134":0,"135":0,"136":0,"137":0,"138":0,"139":0,"140":0,"141":0,"142":0,"143":0,"144":0,"145":0,"146":5,"147":5,"148":0,"149":0,"150":0,"151":5,"152":1285,"153":1,"154":0,"155":0,"156":1,"157":0,"158":0,"159":0,"160":0,"161":0,"162":0,"163":0,"164":0,"165":0,"166":0,"167":5,"168":5,"169":5,"170":5,"171":5,"172":380,"173":43,"174":43,"175":0,"176":43,"177":0,"178":43,"179":43,"180":59,"181":0,"182":59,"183":5,"184":0,"185":0,"186":0,"187":0,"188":0,"189":0,"190":0,"191":0,"192":0,"193":0,"194":0,"195":0,"196":0,"197":0,"198":0,"199":0,"200":0,"201":0,"202":0,"203":0,"204":0,"205":0,"206":0,"207":0,"208":0,"209":0,"210":0,"211":0,"212":0,"213":0,"214":0,"215":0,"216":0,"217":0,"218":0,"219":0,"220":0,"221":0,"222":0,"223":0,"224":0,"225":0,"226":0,"227":0,"228":0,"229":0,"230":0,"231":0,"232":0,"233":0,"234":0,"235":0,"236":0,"237":0,"238":0,"239":0,"240":0,"241":0,"242":0,"243":0,"244":0,"245":0,"246":0,"247":0,"248":0,"249":0,"250":0,"251":0,"252":0,"253":0,"254":0,"255":0,"256":0,"257":0,"258":0,"259":0,"260":0,"261":0,"262":0,"263":0,"264":0,"265":0,"266":0,"267":0,"268":5,"269":5,"270":5,"271":11,"272":11,"273":11,"274":0,"275":0,"276":0,"277":11,"278":0,"279":11,"280":11,"281":11,"282":11,"283":11,"284":11,"285":11,"286":11,"287":0,"288":11,"289":6,"290":6,"291":5,"292":0,"293":0,"294":5,"295":0,"296":0,"297":5,"298":0,"299":0,"300":5,"301":5,"302":5,"303":0,"304":0,"305":0,"306":0,"307":0,"308":0,"309":0,"310":0,"311":0,"312":0,"313":0,"314":0,"315":0,"316":0,"317":0,"318":11,"319":11,"320":11,"321":0,"322":11,"323":0,"324":11,"325":11,"326":0,"327":11,"328":5,"329":0,"330":0,"331":0,"332":0,"333":0,"334":0,"335":0,"336":0,"337":0,"338":0,"339":0,"340":0,"341":0,"342":0,"343":0,"344":0,"345":0,"346":0,"347":0,"348":0,"349":0,"350":0,"351":0,"352":0,"353":0,"354":0,"355":0,"356":0,"357":0,"358":0,"359":0,"360":0,"361":0,"362":0,"363":0,"364":0,"365":0,"366":0,"367":0,"368":0,"369":0,"370":0,"371":0,"372":0,"373":0,"374":0,"375":0,"376":0,"377":0,"378":0,"379":0,"380":0,"381":0,"382":0,"383":0,"384":0,"385":0,"386":0,"387":0,"388":0,"389":0,"390":0,"391":0,"392":0,"393":0,"394":0,"395":0,"396":0,"397":0,"398":0,"399":0,"400":0,"401":0,"402":0,"403":0,"404":0,"405":0,"406":0,"407":0,"408":0,"409":0,"410":0,"411":0,"412":0,"413":0,"414":0,"415":0,"416":0,"417":0,"418":0,"419":0,"420":0,"421":0,"422":0,"423":0,"424":0,"425":0,"426":0,"427":0,"428":0,"429":0,"430":0,"431":0,"432":0,"433":0,"434":0,"435":0,"436":0,"437":0,"438":0,"439":0,"440":0,"441":0,"442":0,"443":0,"444":0,"445":0,"446":0,"447":0,"448":0,"449":0,"450":0,"451":0,"452":0,"453":0,"454":0,"455":0,"456":0,"457":0,"458":0,"459":0,"460":0,"461":0,"462":0,"463":0,"464":0,"465":0,"466":0,"467":0,"468":0,"469":0,"470":0,"471":0,"472":0,"473":0,"474":0,"475":0,"476":0,"477":0,"478":0,"479":0,"480":0,"481":0,"482":0,"483":0,"484":0,"485":0,"486":0,"487":0,"488":0,"489":0,"490":0,"491":0,"492":0,"493":0,"494":0,"495":0,"496":0,"497":0,"498":0,"499":0,"500":0,"501":0,"502":0,"503":0,"504":0,"505":0,"506":0,"507":0,"508":0,"509":0,"510":0,"511":0,"512":0,"513":0,"514":0,"515":0,"516":0,"517":0,"518":0,"519":0,"520":0,"521":0,"522":0,"523":0,"524":0,"525":0,"526":0,"527":0,"528":0,"529":0,"530":0,"531":0,"532":0,"533":0,"534":0,"535":0,"536":0,"537":0,"538":0,"539":0,"540":0,"541":0,"542":0,"543":0,"544":0,"545":0,"546":0,"547":0,"548":0,"549":0,"550":0,"551":0,"552":0,"553":0,"554":0,"555":0,"556":0,"557":0,"558":0,"559":0,"560":0,"561":0,"562":0,"563":0,"564":0,"565":0,"566":0,"567":0,"568":0,"569":0,"570":0,"571":0,"572":0,"573":0,"574":0,"575":0,"576":0,"577":0,"578":0,"579":0,"580":0,"581":0,"582":0,"583":0,"584":0,"585":0,"586":0,"587":0,"588":0,"589":0,"590":0,"591":0,"592":0,"593":0,"594":0,"595":0,"596":0,"597":0,"598":0,"599":0,"600":0,"601":0,"602":0,"603":0,"604":0,"605":0,"606":0,"607":0,"608":0,"609":0,"610":0,"611":0,"612":0,"613":0,"614":0,"615":0,"616":0,"617":0,"618":0,"619":0,"620":0,"621":0,"622":0,"623":0,"624":0,"625":0,"626":0,"627":0,"628":0,"629":0,"630":0,"631":0,"632":0,"633":0,"634":0,"635":0,"636":0,"637":0,"638":0,"639":0,"640":0,"641":0,"642":0,"643":0,"644":0,"645":0,"646":0,"647":0,"648":0,"649":0,"650":0,"651":0,"652":0,"653":0,"654":0,"655":0,"656":0,"657":0,"658":0,"659":0,"660":0,"661":0,"662":0,"663":0,"664":0,"665":0,"666":0,"667":0,"668":0,"669":0,"670":0,"671":0,"672":0,"673":5,"674":5,"675":5,"676":5,"677":5,"678":0,"679":5,"680":5,"681":5,"682":5,"683":0,"684":0,"685":5,"686":0,"687":5,"688":5,"689":5,"690":5,"691":5,"692":0,"693":0,"694":0,"695":0,"696":0,"697":0,"698":0,"699":0,"700":0,"701":0,"702":0,"703":0,"704":0,"705":0,"706":0,"707":0,"708":0,"709":0,"710":0,"711":0,"712":0,"713":0,"714":0,"715":0,"716":0,"717":0,"718":0,"719":0,"720":0,"721":0,"722":0,"723":0,"724":5,"725":5,"726":5,"727":5,"728":5,"729":5,"730":0,"731":0,"732":0,"733":0,"734":0,"735":5,"736":5,"737":1,"738":1,"739":0,"740":0,"741":0,"742":0,"743":0,"744":0,"745":0,"746":0,"747":0,"748":0},"f":{"0":5,"1":5,"2":0,"3":0,"4":1285,"5":0,"6":0,"7":0,"8":5,"9":380,"10":43,"11":59,"12":0,"13":0,"14":0,"15":0,"16":5,"17":0,"18":0,"19":0,"20":0,"21":0,"22":0,"23":0,"24":0,"25":0,"26":0,"27":0,"28":0,"29":5,"30":5},"b":{"0":[2370,5],"1":[0,2375],"2":[2375,0,0],"3":[0,2375],"4":[2375,105],"5":[0,2375],"6":[54,2321],"7":[2375,2321,54,54],"8":[574,1747],"9":[886,399],"10":[0,886],"11":[886,105],"12":[0,0],"13":[0,0,0],"14":[0,399],"15":[399,0],"16":[0,0],"17":[27,372],"18":[399,372],"19":[601,601],"20":[0,574],"21":[574,0],"22":[0,27],"23":[0,27],"24":[0,27],"25":[0,0],"26":[0,0],"27":[0,0,0,0],"28":[15,357],"29":[2,13],"30":[15,2],"31":[163,194],"32":[807,807],"33":[63,100],"34":[0,100],"35":[192,2],"36":[2,190],"37":[192,0],"38":[0,0],"39":[0,0],"40":[0,0],"41":[0,0],"42":[0,0],"43":[0,0],"44":[0,0],"45":[0,0],"46":[0,0],"47":[0,0],"48":[0,0],"49":[0,0],"50":[0,5],"51":[0,0],"52":[43],"53":[0,43],"54":[0,43],"55":[43,43,0],"56":[0,0],"57":[59,59],"58":[64,64],"59":[0,0],"60":[0,0],"61":[0,0],"62":[0,0],"63":[0,0],"64":[0,0],"65":[0,0],"66":[0,0],"67":[0,0],"68":[0,0],"69":[0,0],"70":[0,0],"71":[0,0],"72":[0,0],"73":[0,0],"74":[0,0],"75":[0,0],"76":[0,0],"77":[0,0],"78":[0,0],"79":[0,0],"80":[0,11],"81":[0,11],"82":[11,0],"83":[0,11],"84":[6,5],"85":[0,5],"86":[0,5],"87":[0,5],"88":[5,0],"89":[0,0],"90":[0,0],"91":[0,0],"92":[0,11],"93":[0,11],"94":[0,11],"95":[11,11],"96":[5,6],"97":[11,5],"98":[0,0],"99":[0,0,0],"100":[0,0],"101":[0,0],"102":[0,0],"103":[0,0],"104":[0,0],"105":[0,0],"106":[0,0],"107":[0,0],"108":[0,0,0,0,0],"109":[0,0],"110":[0,0],"111":[0,0],"112":[0,0],"113":[0,0],"114":[0,0],"115":[0,0],"116":[0,0],"117":[0,0],"118":[0,0],"119":[0,0],"120":[0,0],"121":[0,0],"122":[0,0],"123":[0,0],"124":[0,0],"125":[0,0,0,0],"126":[0,0],"127":[0,0],"128":[0,0,0,0],"129":[0,0],"130":[0,0],"131":[0,0],"132":[0,0],"133":[0,0,0,0,0],"134":[0,0],"135":[0,0],"136":[0,0],"137":[0,0],"138":[0,0],"139":[0,0],"140":[0,0],"141":[0,0],"142":[0,0],"143":[0,0],"144":[0,0],"145":[0,0],"146":[0,0],"147":[0,0],"148":[0,0],"149":[0,0],"150":[0,0],"151":[0,0],"152":[0,0],"153":[0,0],"154":[0,0],"155":[0,0],"156":[0,0],"157":[0,0],"158":[0,0],"159":[0,0],"160":[0,0],"161":[0,0],"162":[0,0],"163":[0,0],"164":[0,0],"165":[0,0],"166":[0,0],"167":[0,0],"168":[0,0],"169":[0,0],"170":[0,0],"171":[0,0],"172":[0,0],"173":[0,0],"174":[0,0],"175":[0],"176":[0,0],"177":[0,0],"178":[0,0],"179":[0,0],"180":[0,0],"181":[0,0],"182":[0,0],"183":[0,5],"184":[5,5],"185":[0,5],"186":[0,5],"187":[5,0],"188":[0,0],"189":[0,0],"190":[0,0],"191":[0,0],"192":[0,0],"193":[0,0],"194":[0,0],"195":[0,0],"196":[0,0],"197":[0,0],"198":[0,0],"199":[0,0],"200":[0,0],"201":[0,1],"202":[0,0],"203":[0,0]},"_coverageSchema":"1a1c01bbd47fc00a2c39e90264f33305004495a9","hash":"ed4bef3b751e84345e9cfaca68df6b5782a54e72"}
}
