TN:
SF:clean-compiler.js
FN:5,(anonymous_0)
FN:14,(anonymous_1)
FN:263,(anonymous_2)
FN:319,(anonymous_3)
FN:327,(anonymous_4)
FN:333,(anonymous_5)
FN:333,(anonymous_6)
FN:335,(anonymous_7)
FN:350,(anonymous_8)
FN:363,(anonymous_9)
FN:367,(anonymous_10)
FN:379,(anonymous_11)
FN:388,(anonymous_12)
FN:417,(anonymous_13)
FN:429,(anonymous_14)
FN:452,(anonymous_15)
FN:555,(anonymous_16)
FN:659,(anonymous_17)
FN:743,(anonymous_18)
FN:771,(anonymous_19)
FN:805,(anonymous_20)
FN:833,(anonymous_21)
FN:907,(anonymous_22)
FN:942,(anonymous_23)
FN:1098,(anonymous_24)
FN:1150,(anonymous_25)
FN:1195,(anonymous_26)
FN:1238,(anonymous_27)
FN:1242,(anonymous_28)
FN:1299,(anonymous_29)
FN:1417,compileMTL
FNF:31
FNH:10
FNDA:5,(anonymous_0)
FNDA:5,(anonymous_1)
FNDA:0,(anonymous_2)
FNDA:0,(anonymous_3)
FNDA:1285,(anonymous_4)
FNDA:0,(anonymous_5)
FNDA:0,(anonymous_6)
FNDA:0,(anonymous_7)
FNDA:5,(anonymous_8)
FNDA:380,(anonymous_9)
FNDA:43,(anonymous_10)
FNDA:59,(anonymous_11)
FNDA:0,(anonymous_12)
FNDA:0,(anonymous_13)
FNDA:0,(anonymous_14)
FNDA:0,(anonymous_15)
FNDA:5,(anonymous_16)
FNDA:0,(anonymous_17)
FNDA:0,(anonymous_18)
FNDA:0,(anonymous_19)
FNDA:0,(anonymous_20)
FNDA:0,(anonymous_21)
FNDA:0,(anonymous_22)
FNDA:0,(anonymous_23)
FNDA:0,(anonymous_24)
FNDA:0,(anonymous_25)
FNDA:0,(anonymous_26)
FNDA:0,(anonymous_27)
FNDA:0,(anonymous_28)
FNDA:5,(anonymous_29)
FNDA:5,compileMTL
DA:1,1
DA:2,1
DA:6,5
DA:7,5
DA:8,5
DA:9,5
DA:10,5
DA:11,5
DA:15,5
DA:34,5
DA:36,5
DA:37,5
DA:38,5
DA:39,5
DA:42,5
DA:43,2375
DA:44,2375
DA:47,2375
DA:48,0
DA:49,0
DA:50,0
DA:51,0
DA:54,2375
DA:55,0
DA:56,0
DA:57,0
DA:60,2375
DA:61,0
DA:62,0
DA:66,2375
DA:67,54
DA:68,54
DA:69,54
DA:73,2321
DA:77,5
DA:79,5
DA:82,5
DA:85,5
DA:86,5
DA:87,5
DA:88,5
DA:90,5
DA:91,1285
DA:94,1285
DA:96,886
DA:98,0
DA:99,0
DA:100,0
DA:103,886
DA:104,886
DA:108,399
DA:109,0
DA:110,0
DA:112,0
DA:117,399
DA:118,27
DA:119,27
DA:120,27
DA:121,27
DA:123,27
DA:125,574
DA:126,0
DA:127,0
DA:129,574
DA:130,574
DA:134,27
DA:135,0
DA:138,27
DA:141,27
DA:142,27
DA:146,27
DA:147,0
DA:148,0
DA:151,0
DA:152,0
DA:156,0
DA:160,0
DA:161,0
DA:165,27
DA:169,372
DA:170,15
DA:171,15
DA:172,15
DA:173,15
DA:176,15
DA:177,2
DA:178,2
DA:179,2
DA:180,2
DA:181,2
DA:183,2
DA:185,13
DA:187,15
DA:192,357
DA:193,163
DA:194,163
DA:195,644
DA:199,163
DA:200,63
DA:203,100
DA:204,0
DA:206,100
DA:209,163
DA:214,194
DA:224,194
DA:225,192
DA:226,192
DA:227,2
DA:228,2
DA:229,2
DA:234,192
DA:256,192
DA:257,192
DA:258,192
DA:259,192
DA:263,0
DA:264,0
DA:265,0
DA:267,0
DA:269,0
DA:270,0
DA:271,0
DA:272,0
DA:274,0
DA:275,0
DA:277,0
DA:281,0
DA:282,0
DA:283,0
DA:284,0
DA:286,0
DA:287,0
DA:289,0
DA:292,0
DA:296,0
DA:297,0
DA:298,0
DA:299,0
DA:303,0
DA:304,0
DA:305,0
DA:306,0
DA:310,0
DA:315,5
DA:317,5
DA:318,0
DA:319,0
DA:320,0
DA:324,5
DA:328,1285
DA:333,1
DA:335,1
DA:336,0
DA:337,0
DA:338,0
DA:339,0
DA:340,0
DA:341,0
DA:342,0
DA:345,0
DA:351,5
DA:352,5
DA:353,5
DA:354,5
DA:360,5
DA:364,380
DA:368,43
DA:369,43
DA:370,0
DA:372,43
DA:373,0
DA:375,43
DA:376,43
DA:380,59
DA:381,0
DA:383,59
DA:384,5
DA:389,0
DA:392,0
DA:393,0
DA:394,0
DA:395,0
DA:396,0
DA:398,0
DA:402,0
DA:403,0
DA:404,0
DA:405,0
DA:407,0
DA:408,0
DA:410,0
DA:414,0
DA:419,0
DA:420,0
DA:424,0
DA:425,0
DA:430,0
DA:431,0
DA:432,0
DA:435,0
DA:436,0
DA:437,0
DA:441,0
DA:442,0
DA:444,0
DA:447,0
DA:449,0
DA:453,0
DA:456,0
DA:457,0
DA:459,0
DA:463,0
DA:464,0
DA:465,0
DA:466,0
DA:467,0
DA:468,0
DA:469,0
DA:471,0
DA:473,0
DA:475,0
DA:479,0
DA:480,0
DA:483,0
DA:486,0
DA:487,0
DA:490,0
DA:491,0
DA:492,0
DA:496,0
DA:497,0
DA:498,0
DA:502,0
DA:503,0
DA:504,0
DA:506,0
DA:507,0
DA:508,0
DA:511,0
DA:512,0
DA:514,0
DA:515,0
DA:517,0
DA:518,0
DA:519,0
DA:520,0
DA:521,0
DA:523,0
DA:524,0
DA:525,0
DA:528,0
DA:532,0
DA:533,0
DA:535,0
DA:539,0
DA:540,0
DA:545,0
DA:546,0
DA:547,0
DA:551,0
DA:556,5
DA:557,5
DA:558,5
DA:559,11
DA:560,11
DA:563,11
DA:564,0
DA:565,0
DA:566,0
DA:570,11
DA:571,0
DA:574,11
DA:575,11
DA:576,11
DA:579,11
DA:580,11
DA:581,11
DA:585,11
DA:586,11
DA:587,0
DA:591,11
DA:592,6
DA:593,6
DA:594,5
DA:595,0
DA:596,0
DA:597,5
DA:598,0
DA:599,0
DA:600,5
DA:601,0
DA:602,0
DA:603,5
DA:605,5
DA:606,5
DA:607,0
DA:609,0
DA:610,0
DA:612,0
DA:613,0
DA:614,0
DA:615,0
DA:616,0
DA:617,0
DA:619,0
DA:620,0
DA:621,0
DA:622,0
DA:625,0
DA:627,0
DA:631,11
DA:634,11
DA:635,11
DA:636,0
DA:637,11
DA:638,0
DA:642,11
DA:643,11
DA:644,0
DA:647,11
DA:650,5
DA:654,0
DA:655,0
DA:661,0
DA:664,0
DA:666,0
DA:668,0
DA:671,0
DA:672,0
DA:673,0
DA:677,0
DA:678,0
DA:681,0
DA:682,0
DA:685,0
DA:686,0
DA:688,0
DA:692,0
DA:695,0
DA:698,0
DA:699,0
DA:700,0
DA:701,0
DA:702,0
DA:703,0
DA:704,0
DA:705,0
DA:706,0
DA:707,0
DA:708,0
DA:709,0
DA:710,0
DA:711,0
DA:712,0
DA:715,0
DA:716,0
DA:717,0
DA:718,0
DA:723,0
DA:725,0
DA:726,0
DA:728,0
DA:731,0
DA:732,0
DA:736,0
DA:739,0
DA:744,0
DA:745,0
DA:747,0
DA:748,0
DA:749,0
DA:750,0
DA:751,0
DA:752,0
DA:753,0
DA:754,0
DA:755,0
DA:756,0
DA:757,0
DA:758,0
DA:759,0
DA:760,0
DA:761,0
DA:762,0
DA:763,0
DA:764,0
DA:765,0
DA:768,0
DA:772,0
DA:773,0
DA:775,0
DA:776,0
DA:777,0
DA:778,0
DA:780,0
DA:781,0
DA:784,0
DA:785,0
DA:787,0
DA:790,0
DA:791,0
DA:793,0
DA:794,0
DA:795,0
DA:796,0
DA:797,0
DA:801,0
DA:802,0
DA:806,0
DA:807,0
DA:809,0
DA:811,0
DA:812,0
DA:813,0
DA:814,0
DA:815,0
DA:818,0
DA:819,0
DA:821,0
DA:822,0
DA:823,0
DA:824,0
DA:825,0
DA:829,0
DA:830,0
DA:834,0
DA:837,0
DA:840,0
DA:842,0
DA:843,0
DA:844,0
DA:846,0
DA:848,0
DA:849,0
DA:852,0
DA:856,0
DA:857,0
DA:861,0
DA:862,0
DA:863,0
DA:866,0
DA:868,0
DA:871,0
DA:873,0
DA:876,0
DA:877,0
DA:878,0
DA:881,0
DA:882,0
DA:886,0
DA:889,0
DA:890,0
DA:895,0
DA:896,0
DA:897,0
DA:898,0
DA:899,0
DA:900,0
DA:904,0
DA:908,0
DA:909,0
DA:910,0
DA:913,0
DA:916,0
DA:917,0
DA:918,0
DA:919,0
DA:923,0
DA:924,0
DA:925,0
DA:927,0
DA:928,0
DA:930,0
DA:931,0
DA:933,0
DA:936,0
DA:937,0
DA:943,0
DA:944,0
DA:945,0
DA:948,0
DA:949,0
DA:952,0
DA:955,0
DA:956,0
DA:957,0
DA:960,0
DA:961,0
DA:963,0
DA:964,0
DA:966,0
DA:971,0
DA:972,0
DA:974,0
DA:977,0
DA:979,0
DA:982,0
DA:983,0
DA:987,0
DA:990,0
DA:991,0
DA:992,0
DA:995,0
DA:998,0
DA:999,0
DA:1000,0
DA:1002,0
DA:1004,0
DA:1005,0
DA:1007,0
DA:1008,0
DA:1009,0
DA:1010,0
DA:1011,0
DA:1012,0
DA:1015,0
DA:1016,0
DA:1019,0
DA:1022,0
DA:1023,0
DA:1028,0
DA:1030,0
DA:1033,0
DA:1034,0
DA:1036,0
DA:1037,0
DA:1038,0
DA:1041,0
DA:1043,0
DA:1045,0
DA:1046,0
DA:1047,0
DA:1048,0
DA:1049,0
DA:1053,0
DA:1054,0
DA:1058,0
DA:1059,0
DA:1062,0
DA:1063,0
DA:1065,0
DA:1067,0
DA:1069,0
DA:1070,0
DA:1071,0
DA:1073,0
DA:1075,0
DA:1076,0
DA:1080,0
DA:1084,0
DA:1087,0
DA:1088,0
DA:1089,0
DA:1090,0
DA:1091,0
DA:1093,0
DA:1094,0
DA:1099,0
DA:1100,0
DA:1103,0
DA:1106,0
DA:1108,0
DA:1111,0
DA:1112,0
DA:1113,0
DA:1116,0
DA:1119,0
DA:1120,0
DA:1121,0
DA:1122,0
DA:1125,0
DA:1126,0
DA:1127,0
DA:1131,0
DA:1132,0
DA:1133,0
DA:1134,0
DA:1135,0
DA:1140,0
DA:1143,0
DA:1151,0
DA:1152,0
DA:1155,0
DA:1158,0
DA:1160,0
DA:1163,0
DA:1164,0
DA:1165,0
DA:1168,0
DA:1171,0
DA:1172,0
DA:1173,0
DA:1176,0
DA:1177,0
DA:1178,0
DA:1179,0
DA:1180,0
DA:1185,0
DA:1187,0
DA:1189,0
DA:1191,0
DA:1192,0
DA:1193,0
DA:1195,0
DA:1196,0
DA:1197,0
DA:1199,0
DA:1203,0
DA:1204,0
DA:1205,0
DA:1207,0
DA:1209,0
DA:1211,0
DA:1213,0
DA:1215,0
DA:1216,0
DA:1218,0
DA:1219,0
DA:1221,0
DA:1223,0
DA:1224,0
DA:1226,0
DA:1229,0
DA:1233,0
DA:1234,0
DA:1239,0
DA:1243,0
DA:1244,0
DA:1245,0
DA:1247,0
DA:1248,0
DA:1250,0
DA:1251,0
DA:1254,0
DA:1255,0
DA:1256,0
DA:1257,0
DA:1261,0
DA:1262,0
DA:1265,0
DA:1266,0
DA:1270,0
DA:1271,0
DA:1273,0
DA:1274,0
DA:1276,0
DA:1279,0
DA:1280,0
DA:1282,0
DA:1283,0
DA:1284,0
DA:1285,0
DA:1286,0
DA:1293,0
DA:1294,0
DA:1296,0
DA:1300,5
DA:1303,5
DA:1311,5
DA:1314,5
DA:1315,5
DA:1316,0
DA:1319,5
DA:1320,5
DA:1321,5
DA:1324,5
DA:1325,0
DA:1326,0
DA:1330,5
DA:1331,0
DA:1335,5
DA:1336,5
DA:1339,5
DA:1342,5
DA:1343,5
DA:1345,0
DA:1347,0
DA:1350,0
DA:1353,0
DA:1354,0
DA:1357,0
DA:1358,0
DA:1361,0
DA:1362,0
DA:1363,0
DA:1366,0
DA:1367,0
DA:1368,0
DA:1369,0
DA:1373,0
DA:1374,0
DA:1378,0
DA:1379,0
DA:1382,0
DA:1385,0
DA:1386,0
DA:1388,0
DA:1391,0
DA:1394,0
DA:1395,0
DA:1399,0
DA:1400,0
DA:1401,0
DA:1402,0
DA:1403,0
DA:1407,0
DA:1409,0
DA:1418,5
DA:1420,5
DA:1423,5
DA:1424,5
DA:1427,5
DA:1428,5
DA:1431,0
DA:1432,0
DA:1433,0
DA:1434,0
DA:1437,0
DA:1439,5
DA:1440,5
DA:1445,1
DA:1452,1
DA:1453,0
DA:1454,0
DA:1455,0
DA:1456,0
DA:1459,0
DA:1460,0
DA:1463,0
DA:1464,0
DA:1465,0
DA:1468,0
LF:732
LH:166
BRDA:44,0,0,2370
BRDA:44,0,1,5
BRDA:47,1,0,0
BRDA:47,1,1,2375
BRDA:47,2,0,2375
BRDA:47,2,1,0
BRDA:47,2,2,0
BRDA:54,3,0,0
BRDA:54,3,1,2375
BRDA:54,4,0,2375
BRDA:54,4,1,105
BRDA:60,5,0,0
BRDA:60,5,1,2375
BRDA:66,6,0,54
BRDA:66,6,1,2321
BRDA:66,7,0,2375
BRDA:66,7,1,2321
BRDA:66,7,2,54
BRDA:66,7,3,54
BRDA:73,8,0,574
BRDA:73,8,1,1747
BRDA:94,9,0,886
BRDA:94,9,1,399
BRDA:96,10,0,0
BRDA:96,10,1,886
BRDA:96,11,0,886
BRDA:96,11,1,105
BRDA:99,12,0,0
BRDA:99,12,1,0
BRDA:99,13,0,0
BRDA:99,13,1,0
BRDA:99,13,2,0
BRDA:108,14,0,0
BRDA:108,14,1,399
BRDA:108,15,0,399
BRDA:108,15,1,0
BRDA:109,16,0,0
BRDA:109,16,1,0
BRDA:117,17,0,27
BRDA:117,17,1,372
BRDA:117,18,0,399
BRDA:117,18,1,372
BRDA:123,19,0,601
BRDA:123,19,1,601
BRDA:125,20,0,0
BRDA:125,20,1,574
BRDA:125,21,0,574
BRDA:125,21,1,0
BRDA:134,22,0,0
BRDA:134,22,1,27
BRDA:141,23,0,0
BRDA:141,23,1,27
BRDA:146,24,0,0
BRDA:146,24,1,27
BRDA:151,25,0,0
BRDA:151,25,1,0
BRDA:156,26,0,0
BRDA:156,26,1,0
BRDA:156,27,0,0
BRDA:156,27,1,0
BRDA:156,27,2,0
BRDA:156,27,3,0
BRDA:169,28,0,15
BRDA:169,28,1,357
BRDA:176,29,0,2
BRDA:176,29,1,13
BRDA:176,30,0,15
BRDA:176,30,1,2
BRDA:192,31,0,163
BRDA:192,31,1,194
BRDA:194,32,0,807
BRDA:194,32,1,807
BRDA:199,33,0,63
BRDA:199,33,1,100
BRDA:203,34,0,0
BRDA:203,34,1,100
BRDA:224,35,0,192
BRDA:224,35,1,2
BRDA:226,36,0,2
BRDA:226,36,1,190
BRDA:256,37,0,192
BRDA:256,37,1,0
BRDA:267,38,0,0
BRDA:267,38,1,0
BRDA:270,39,0,0
BRDA:270,39,1,0
BRDA:274,40,0,0
BRDA:274,40,1,0
BRDA:282,41,0,0
BRDA:282,41,1,0
BRDA:286,42,0,0
BRDA:286,42,1,0
BRDA:296,43,0,0
BRDA:296,43,1,0
BRDA:296,44,0,0
BRDA:296,44,1,0
BRDA:297,45,0,0
BRDA:297,45,1,0
BRDA:298,46,0,0
BRDA:298,46,1,0
BRDA:298,47,0,0
BRDA:298,47,1,0
BRDA:299,48,0,0
BRDA:299,48,1,0
BRDA:303,49,0,0
BRDA:303,49,1,0
BRDA:317,50,0,0
BRDA:317,50,1,5
BRDA:336,51,0,0
BRDA:336,51,1,0
BRDA:367,52,0,43
BRDA:369,53,0,0
BRDA:369,53,1,43
BRDA:372,54,0,0
BRDA:372,54,1,43
BRDA:372,55,0,43
BRDA:372,55,1,43
BRDA:372,55,2,0
BRDA:373,56,0,0
BRDA:373,56,1,0
BRDA:380,57,0,59
BRDA:380,57,1,59
BRDA:383,58,0,64
BRDA:383,58,1,64
BRDA:389,59,0,0
BRDA:389,59,1,0
BRDA:395,60,0,0
BRDA:395,60,1,0
BRDA:405,61,0,0
BRDA:405,61,1,0
BRDA:407,62,0,0
BRDA:407,62,1,0
BRDA:419,63,0,0
BRDA:419,63,1,0
BRDA:424,64,0,0
BRDA:424,64,1,0
BRDA:424,65,0,0
BRDA:424,65,1,0
BRDA:435,66,0,0
BRDA:435,66,1,0
BRDA:441,67,0,0
BRDA:441,67,1,0
BRDA:456,68,0,0
BRDA:456,68,1,0
BRDA:464,69,0,0
BRDA:464,69,1,0
BRDA:467,70,0,0
BRDA:467,70,1,0
BRDA:469,71,0,0
BRDA:469,71,1,0
BRDA:490,72,0,0
BRDA:490,72,1,0
BRDA:496,73,0,0
BRDA:496,73,1,0
BRDA:502,74,0,0
BRDA:502,74,1,0
BRDA:506,75,0,0
BRDA:506,75,1,0
BRDA:512,76,0,0
BRDA:512,76,1,0
BRDA:519,77,0,0
BRDA:519,77,1,0
BRDA:523,78,0,0
BRDA:523,78,1,0
BRDA:545,79,0,0
BRDA:545,79,1,0
BRDA:563,80,0,0
BRDA:563,80,1,11
BRDA:570,81,0,0
BRDA:570,81,1,11
BRDA:579,82,0,11
BRDA:579,82,1,0
BRDA:586,83,0,0
BRDA:586,83,1,11
BRDA:591,84,0,6
BRDA:591,84,1,5
BRDA:594,85,0,0
BRDA:594,85,1,5
BRDA:597,86,0,0
BRDA:597,86,1,5
BRDA:600,87,0,0
BRDA:600,87,1,5
BRDA:603,88,0,5
BRDA:603,88,1,0
BRDA:607,89,0,0
BRDA:607,89,1,0
BRDA:610,90,0,0
BRDA:610,90,1,0
BRDA:620,91,0,0
BRDA:620,91,1,0
BRDA:635,92,0,0
BRDA:635,92,1,11
BRDA:637,93,0,0
BRDA:637,93,1,11
BRDA:643,94,0,0
BRDA:643,94,1,11
BRDA:643,95,0,11
BRDA:643,95,1,11
BRDA:647,96,0,5
BRDA:647,96,1,6
BRDA:647,97,0,11
BRDA:647,97,1,5
BRDA:672,98,0,0
BRDA:672,98,1,0
BRDA:672,99,0,0
BRDA:672,99,1,0
BRDA:672,99,2,0
BRDA:677,100,0,0
BRDA:677,100,1,0
BRDA:685,101,0,0
BRDA:685,101,1,0
BRDA:698,102,0,0
BRDA:698,102,1,0
BRDA:701,103,0,0
BRDA:701,103,1,0
BRDA:704,104,0,0
BRDA:704,104,1,0
BRDA:707,105,0,0
BRDA:707,105,1,0
BRDA:710,106,0,0
BRDA:710,106,1,0
BRDA:718,107,0,0
BRDA:718,107,1,0
BRDA:718,108,0,0
BRDA:718,108,1,0
BRDA:718,108,2,0
BRDA:718,108,3,0
BRDA:718,108,4,0
BRDA:725,109,0,0
BRDA:725,109,1,0
BRDA:731,110,0,0
BRDA:731,110,1,0
BRDA:747,111,0,0
BRDA:747,111,1,0
BRDA:750,112,0,0
BRDA:750,112,1,0
BRDA:753,113,0,0
BRDA:753,113,1,0
BRDA:756,114,0,0
BRDA:756,114,1,0
BRDA:759,115,0,0
BRDA:759,115,1,0
BRDA:762,116,0,0
BRDA:762,116,1,0
BRDA:764,117,0,0
BRDA:764,117,1,0
BRDA:764,118,0,0
BRDA:764,118,1,0
BRDA:778,119,0,0
BRDA:778,119,1,0
BRDA:784,120,0,0
BRDA:784,120,1,0
BRDA:784,121,0,0
BRDA:784,121,1,0
BRDA:794,122,0,0
BRDA:794,122,1,0
BRDA:796,123,0,0
BRDA:796,123,1,0
BRDA:814,124,0,0
BRDA:814,124,1,0
BRDA:814,125,0,0
BRDA:814,125,1,0
BRDA:814,125,2,0
BRDA:814,125,3,0
BRDA:822,126,0,0
BRDA:822,126,1,0
BRDA:824,127,0,0
BRDA:824,127,1,0
BRDA:824,128,0,0
BRDA:824,128,1,0
BRDA:824,128,2,0
BRDA:824,128,3,0
BRDA:842,129,0,0
BRDA:842,129,1,0
BRDA:848,130,0,0
BRDA:848,130,1,0
BRDA:856,131,0,0
BRDA:856,131,1,0
BRDA:866,132,0,0
BRDA:866,132,1,0
BRDA:866,133,0,0
BRDA:866,133,1,0
BRDA:866,133,2,0
BRDA:866,133,3,0
BRDA:866,133,4,0
BRDA:876,134,0,0
BRDA:876,134,1,0
BRDA:889,135,0,0
BRDA:889,135,1,0
BRDA:895,136,0,0
BRDA:895,136,1,0
BRDA:897,137,0,0
BRDA:897,137,1,0
BRDA:899,138,0,0
BRDA:899,138,1,0
BRDA:909,139,0,0
BRDA:909,139,1,0
BRDA:916,140,0,0
BRDA:916,140,1,0
BRDA:923,141,0,0
BRDA:923,141,1,0
BRDA:923,142,0,0
BRDA:923,142,1,0
BRDA:936,143,0,0
BRDA:936,143,1,0
BRDA:955,144,0,0
BRDA:955,144,1,0
BRDA:963,145,0,0
BRDA:963,145,1,0
BRDA:971,146,0,0
BRDA:971,146,1,0
BRDA:1002,147,0,0
BRDA:1002,147,1,0
BRDA:1007,148,0,0
BRDA:1007,148,1,0
BRDA:1009,149,0,0
BRDA:1009,149,1,0
BRDA:1010,150,0,0
BRDA:1010,150,1,0
BRDA:1011,151,0,0
BRDA:1011,151,1,0
BRDA:1015,152,0,0
BRDA:1015,152,1,0
BRDA:1022,153,0,0
BRDA:1022,153,1,0
BRDA:1033,154,0,0
BRDA:1033,154,1,0
BRDA:1041,155,0,0
BRDA:1041,155,1,0
BRDA:1041,156,0,0
BRDA:1041,156,1,0
BRDA:1088,157,0,0
BRDA:1088,157,1,0
BRDA:1090,158,0,0
BRDA:1090,158,1,0
BRDA:1116,159,0,0
BRDA:1116,159,1,0
BRDA:1119,160,0,0
BRDA:1119,160,1,0
BRDA:1119,161,0,0
BRDA:1119,161,1,0
BRDA:1132,162,0,0
BRDA:1132,162,1,0
BRDA:1134,163,0,0
BRDA:1134,163,1,0
BRDA:1168,164,0,0
BRDA:1168,164,1,0
BRDA:1177,165,0,0
BRDA:1177,165,1,0
BRDA:1179,166,0,0
BRDA:1179,166,1,0
BRDA:1191,167,0,0
BRDA:1191,167,1,0
BRDA:1192,168,0,0
BRDA:1192,168,1,0
BRDA:1196,169,0,0
BRDA:1196,169,1,0
BRDA:1209,170,0,0
BRDA:1209,170,1,0
BRDA:1213,171,0,0
BRDA:1213,171,1,0
BRDA:1215,172,0,0
BRDA:1215,172,1,0
BRDA:1221,173,0,0
BRDA:1221,173,1,0
BRDA:1223,174,0,0
BRDA:1223,174,1,0
BRDA:1238,175,0,0
BRDA:1244,176,0,0
BRDA:1244,176,1,0
BRDA:1245,177,0,0
BRDA:1245,177,1,0
BRDA:1247,178,0,0
BRDA:1247,178,1,0
BRDA:1254,179,0,0
BRDA:1254,179,1,0
BRDA:1265,180,0,0
BRDA:1265,180,1,0
BRDA:1282,181,0,0
BRDA:1282,181,1,0
BRDA:1285,182,0,0
BRDA:1285,182,1,0
BRDA:1315,183,0,0
BRDA:1315,183,1,5
BRDA:1315,184,0,5
BRDA:1315,184,1,5
BRDA:1324,185,0,0
BRDA:1324,185,1,5
BRDA:1330,186,0,0
BRDA:1330,186,1,5
BRDA:1342,187,0,5
BRDA:1342,187,1,0
BRDA:1357,188,0,0
BRDA:1357,188,1,0
BRDA:1357,189,0,0
BRDA:1357,189,1,0
BRDA:1358,190,0,0
BRDA:1358,190,1,0
BRDA:1367,191,0,0
BRDA:1367,191,1,0
BRDA:1367,192,0,0
BRDA:1367,192,1,0
BRDA:1373,193,0,0
BRDA:1373,193,1,0
BRDA:1385,194,0,0
BRDA:1385,194,1,0
BRDA:1391,195,0,0
BRDA:1391,195,1,0
BRDA:1394,196,0,0
BRDA:1394,196,1,0
BRDA:1399,197,0,0
BRDA:1399,197,1,0
BRDA:1401,198,0,0
BRDA:1401,198,1,0
BRDA:1401,199,0,0
BRDA:1401,199,1,0
BRDA:1431,200,0,0
BRDA:1431,200,1,0
BRDA:1452,201,0,0
BRDA:1452,201,1,1
BRDA:1454,202,0,0
BRDA:1454,202,1,0
BRDA:1464,203,0,0
BRDA:1464,203,1,0
BRF:424
BRH:88
end_of_record
