TN:
SF:compile.js
FN:5,(anonymous_0)
FN:11,(anonymous_1)
FN:203,(anonymous_2)
FN:211,(anonymous_3)
FN:215,(anonymous_4)
FN:232,(anonymous_5)
FN:242,(anonymous_6)
FN:413,(anonymous_7)
FN:448,(anonymous_8)
FN:469,(anonymous_9)
FN:485,(anonymous_10)
FN:561,(anonymous_11)
FN:664,(anonymous_12)
FN:728,(anonymous_13)
FN:766,(anonymous_14)
FN:775,(anonymous_15)
FN:790,(anonymous_16)
FN:857,(anonymous_17)
FN:863,(anonymous_18)
FN:880,(anonymous_19)
FN:907,(anonymous_20)
FN:965,(anonymous_21)
FN:970,(anonymous_22)
FN:1000,(anonymous_23)
FN:1005,(anonymous_24)
FN:1036,(anonymous_25)
FN:1065,(anonymous_26)
FN:1084,compileMTL
FNF:28
FNH:15
FNDA:5,(anonymous_0)
FNDA:5,(anonymous_1)
FNDA:5,(anonymous_2)
FNDA:965,(anonymous_3)
FNDA:61,(anonymous_4)
FNDA:276,(anonymous_5)
FNDA:5,(anonymous_6)
FNDA:0,(anonymous_7)
FNDA:5,(anonymous_8)
FNDA:0,(anonymous_9)
FNDA:5,(anonymous_10)
FNDA:5,(anonymous_11)
FNDA:0,(anonymous_12)
FNDA:0,(anonymous_13)
FNDA:0,(anonymous_14)
FNDA:0,(anonymous_15)
FNDA:5,(anonymous_16)
FNDA:5,(anonymous_17)
FNDA:0,(anonymous_18)
FNDA:5,(anonymous_19)
FNDA:5,(anonymous_20)
FNDA:0,(anonymous_21)
FNDA:0,(anonymous_22)
FNDA:0,(anonymous_23)
FNDA:0,(anonymous_24)
FNDA:0,(anonymous_25)
FNDA:0,(anonymous_26)
FNDA:5,compileMTL
DA:1,1
DA:2,1
DA:6,5
DA:7,5
DA:8,5
DA:12,5
DA:13,643
DA:16,643
DA:17,216
DA:18,216
DA:19,840
DA:20,840
DA:22,216
DA:23,216
DA:27,427
DA:29,0
DA:30,0
DA:31,0
DA:32,0
DA:33,0
DA:35,0
DA:36,0
DA:40,427
DA:41,26
DA:42,26
DA:43,26
DA:44,572
DA:45,572
DA:47,26
DA:48,26
DA:49,26
DA:53,401
DA:67,401
DA:68,205
DA:69,205
DA:70,205
DA:74,196
DA:75,17
DA:76,17
DA:77,17
DA:78,17
DA:80,17
DA:81,17
DA:85,179
DA:86,173
DA:87,173
DA:88,672
DA:89,672
DA:93,173
DA:94,173
DA:108,173
DA:109,173
DA:110,63
DA:111,63
DA:112,63
DA:114,110
DA:115,110
DA:116,110
DA:118,173
DA:121,0
DA:122,0
DA:124,0
DA:126,0
DA:130,6
DA:131,0
DA:132,0
DA:133,0
DA:134,0
DA:138,0
DA:139,0
DA:141,0
DA:143,0
DA:147,6
DA:148,0
DA:149,0
DA:150,0
DA:151,0
DA:152,0
DA:154,0
DA:155,0
DA:157,0
DA:158,0
DA:159,0
DA:163,6
DA:164,0
DA:165,0
DA:166,0
DA:167,0
DA:169,0
DA:170,0
DA:174,6
DA:175,0
DA:176,0
DA:178,0
DA:182,6
DA:183,0
DA:184,0
DA:185,0
DA:189,6
DA:190,0
DA:191,0
DA:192,0
DA:195,6
DA:198,5
DA:204,5
DA:205,5
DA:206,5
DA:207,5
DA:208,5
DA:212,965
DA:216,61
DA:218,61
DA:219,0
DA:222,61
DA:223,61
DA:224,0
DA:227,61
DA:228,61
DA:229,61
DA:233,276
DA:234,363
DA:235,363
DA:236,276
DA:238,87
DA:243,5
DA:245,5
DA:248,5
DA:249,5
DA:250,0
DA:252,5
DA:255,5
DA:256,5
DA:259,5
DA:262,5
DA:263,5
DA:266,5
DA:267,31
DA:270,31
DA:271,5
DA:272,5
DA:276,26
DA:277,26
DA:278,26
DA:281,26
DA:282,26
DA:285,26
DA:288,26
DA:289,26
DA:290,0
DA:294,26
DA:295,26
DA:298,0
DA:301,26
DA:302,26
DA:305,26
DA:306,26
DA:307,26
DA:308,21
DA:309,5
DA:310,0
DA:313,0
DA:316,26
DA:320,5
DA:321,5
DA:322,5
DA:323,0
DA:327,5
DA:328,5
DA:329,5
DA:330,5
DA:334,5
DA:342,5
DA:343,5
DA:344,108
DA:345,108
DA:347,108
DA:348,5
DA:349,5
DA:350,5
DA:351,5
DA:354,5
DA:355,5
DA:357,103
DA:358,0
DA:360,0
DA:361,0
DA:362,0
DA:365,0
DA:366,0
DA:367,0
DA:368,0
DA:369,0
DA:370,0
DA:371,0
DA:374,0
DA:377,0
DA:380,0
DA:384,103
DA:386,17
DA:387,17
DA:389,17
DA:390,0
DA:391,0
DA:392,0
DA:393,0
DA:398,0
DA:402,86
DA:406,5
DA:407,5
DA:408,5
DA:410,5
DA:414,0
DA:415,0
DA:416,0
DA:418,0
DA:419,0
DA:420,0
DA:421,0
DA:422,0
DA:423,0
DA:424,0
DA:425,0
DA:427,0
DA:430,0
DA:431,0
DA:432,0
DA:433,0
DA:437,0
DA:439,0
DA:449,5
DA:452,5
DA:453,5
DA:454,5
DA:455,0
DA:456,0
DA:457,0
DA:460,5
DA:470,0
DA:471,0
DA:472,0
DA:473,0
DA:474,0
DA:476,0
DA:486,5
DA:487,5
DA:488,5
DA:491,5
DA:494,5
DA:495,0
DA:496,0
DA:497,0
DA:501,5
DA:502,293
DA:505,293
DA:506,0
DA:507,0
DA:508,0
DA:509,0
DA:510,0
DA:511,0
DA:512,0
DA:517,293
DA:518,0
DA:521,293
DA:522,293
DA:526,5
DA:527,0
DA:530,5
DA:533,5
DA:534,5
DA:537,5
DA:538,5
DA:539,5
DA:541,5
DA:542,5
DA:545,5
DA:552,0
DA:554,0
DA:562,5
DA:563,5
DA:564,5
DA:567,5
DA:568,266
DA:569,266
DA:572,266
DA:575,266
DA:579,266
DA:580,6
DA:582,6
DA:583,6
DA:584,6
DA:587,6
DA:588,6
DA:591,6
DA:592,6
DA:593,27
DA:594,27
DA:596,27
DA:597,0
DA:598,0
DA:599,0
DA:600,27
DA:601,6
DA:602,6
DA:604,6
DA:605,6
DA:606,6
DA:608,6
DA:610,0
DA:611,0
DA:612,0
DA:614,21
DA:616,5
DA:617,5
DA:618,5
DA:619,5
DA:621,16
DA:622,11
DA:623,11
DA:625,5
DA:628,21
DA:632,6
DA:637,6
DA:640,6
DA:643,6
DA:644,6
DA:646,6
DA:648,6
DA:652,6
DA:657,5
DA:658,0
DA:661,5
DA:665,0
DA:668,0
DA:669,0
DA:673,0
DA:674,0
DA:678,0
DA:679,0
DA:681,0
DA:682,0
DA:684,0
DA:685,0
DA:686,0
DA:687,0
DA:689,0
DA:691,0
DA:692,0
DA:696,0
DA:697,0
DA:698,0
DA:700,0
DA:702,0
DA:703,0
DA:704,0
DA:705,0
DA:710,0
DA:712,0
DA:714,0
DA:715,0
DA:717,0
DA:719,0
DA:721,0
DA:725,0
DA:729,0
DA:730,0
DA:732,0
DA:733,0
DA:734,0
DA:736,0
DA:737,0
DA:738,0
DA:739,0
DA:740,0
DA:744,0
DA:746,0
DA:747,0
DA:748,0
DA:749,0
DA:752,0
DA:756,0
DA:758,0
DA:767,0
DA:768,0
DA:776,0
DA:777,0
DA:778,0
DA:779,0
DA:780,0
DA:786,0
DA:791,5
DA:792,5
DA:793,5
DA:796,5
DA:799,5
DA:800,5
DA:801,5
DA:803,0
DA:806,5
DA:807,5
DA:808,5
DA:809,5
DA:811,5
DA:812,5
DA:817,5
DA:818,0
DA:821,5
DA:822,5
DA:825,0
DA:826,0
DA:828,0
DA:832,5
DA:833,5
DA:836,5
DA:839,5
DA:840,5
DA:842,5
DA:843,0
DA:845,5
DA:846,5
DA:848,0
DA:849,0
DA:852,5
DA:858,5
DA:859,5
DA:864,0
DA:865,0
DA:867,0
DA:868,0
DA:869,0
DA:870,0
DA:872,0
DA:873,0
DA:877,0
DA:882,5
DA:883,5
DA:887,0
DA:888,0
DA:890,0
DA:892,0
DA:893,0
DA:894,0
DA:895,0
DA:896,0
DA:897,0
DA:898,0
DA:899,0
DA:901,0
DA:904,0
DA:909,5
DA:910,6
DA:913,6
DA:914,6
DA:915,6
DA:917,6
DA:920,6
DA:921,6
DA:922,6
DA:923,6
DA:925,6
DA:926,6
DA:929,6
DA:936,6
DA:937,0
DA:938,0
DA:940,0
DA:941,0
DA:942,0
DA:944,0
DA:945,0
DA:946,0
DA:948,0
DA:954,5
DA:955,0
DA:962,5
DA:966,0
DA:968,0
DA:970,0
DA:971,0
DA:972,0
DA:974,0
DA:976,0
DA:991,0
DA:996,0
DA:1001,0
DA:1003,0
DA:1005,0
DA:1006,0
DA:1007,0
DA:1010,0
DA:1012,0
DA:1027,0
DA:1032,0
DA:1037,0
DA:1038,0
DA:1041,0
DA:1043,0
DA:1057,0
DA:1061,0
DA:1067,0
DA:1069,0
DA:1071,0
DA:1075,0
DA:1085,5
DA:1086,5
DA:1089,5
DA:1090,5
DA:1093,5
DA:1094,5
DA:1095,5
DA:1096,5
DA:1099,5
DA:1100,5
DA:1101,5
DA:1102,5
DA:1105,5
DA:1106,5
DA:1107,5
DA:1108,5
DA:1111,5
DA:1125,5
DA:1127,5
DA:1128,5
DA:1130,0
DA:1131,0
DA:1136,1
DA:1137,0
DA:1138,0
DA:1139,0
DA:1140,0
DA:1143,0
DA:1144,0
DA:1146,0
DA:1149,1
LF:534
LH:280
BRDA:16,0,0,216
BRDA:16,0,1,427
BRDA:18,1,0,1056
BRDA:18,1,1,1051
BRDA:27,2,0,0
BRDA:27,2,1,427
BRDA:27,3,0,427
BRDA:27,3,1,0
BRDA:31,4,0,0
BRDA:31,4,1,0
BRDA:40,5,0,26
BRDA:40,5,1,401
BRDA:43,6,0,598
BRDA:43,6,1,598
BRDA:67,7,0,205
BRDA:67,7,1,196
BRDA:74,8,0,17
BRDA:74,8,1,179
BRDA:76,9,0,34
BRDA:76,9,1,34
BRDA:85,10,0,173
BRDA:85,10,1,6
BRDA:87,11,0,845
BRDA:87,11,1,845
BRDA:109,12,0,63
BRDA:109,12,1,110
BRDA:121,13,0,0
BRDA:121,13,1,0
BRDA:130,14,0,0
BRDA:130,14,1,6
BRDA:132,15,0,0
BRDA:132,15,1,0
BRDA:138,16,0,0
BRDA:138,16,1,0
BRDA:147,17,0,0
BRDA:147,17,1,6
BRDA:150,18,0,0
BRDA:150,18,1,0
BRDA:154,19,0,0
BRDA:154,19,1,0
BRDA:163,20,0,0
BRDA:163,20,1,6
BRDA:165,21,0,0
BRDA:165,21,1,0
BRDA:174,22,0,0
BRDA:174,22,1,6
BRDA:174,23,0,6
BRDA:174,23,1,0
BRDA:175,24,0,0
BRDA:175,24,1,0
BRDA:182,25,0,0
BRDA:182,25,1,6
BRDA:182,26,0,6
BRDA:182,26,1,0
BRDA:189,27,0,0
BRDA:189,27,1,6
BRDA:218,28,0,0
BRDA:218,28,1,61
BRDA:223,29,0,0
BRDA:223,29,1,61
BRDA:235,30,0,276
BRDA:235,30,1,87
BRDA:235,31,0,363
BRDA:235,31,1,276
BRDA:249,32,0,0
BRDA:249,32,1,5
BRDA:249,33,0,5
BRDA:249,33,1,5
BRDA:270,34,0,5
BRDA:270,34,1,26
BRDA:276,35,0,26
BRDA:276,35,1,0
BRDA:276,36,0,26
BRDA:276,36,1,0
BRDA:289,37,0,0
BRDA:289,37,1,26
BRDA:295,38,0,0
BRDA:295,38,1,26
BRDA:295,39,0,26
BRDA:295,39,1,26
BRDA:295,39,2,0
BRDA:295,39,3,26
BRDA:295,39,4,0
BRDA:307,40,0,21
BRDA:307,40,1,5
BRDA:309,41,0,0
BRDA:309,41,1,5
BRDA:322,42,0,0
BRDA:322,42,1,5
BRDA:322,43,0,5
BRDA:322,43,1,5
BRDA:329,44,0,5
BRDA:329,44,1,0
BRDA:347,45,0,5
BRDA:347,45,1,103
BRDA:354,46,0,5
BRDA:354,46,1,0
BRDA:357,47,0,0
BRDA:357,47,1,103
BRDA:357,48,0,103
BRDA:357,48,1,17
BRDA:367,49,0,0
BRDA:367,49,1,0
BRDA:370,50,0,0
BRDA:370,50,1,0
BRDA:384,51,0,17
BRDA:384,51,1,86
BRDA:389,52,0,0
BRDA:389,52,1,17
BRDA:392,53,0,0
BRDA:392,53,1,0
BRDA:419,54,0,0
BRDA:419,54,1,0
BRDA:420,55,0,0
BRDA:420,55,1,0
BRDA:422,56,0,0
BRDA:422,56,1,0
BRDA:424,57,0,0
BRDA:424,57,1,0
BRDA:431,58,0,0
BRDA:431,58,1,0
BRDA:454,59,0,0
BRDA:454,59,1,5
BRDA:494,60,0,0
BRDA:494,60,1,5
BRDA:505,61,0,0
BRDA:505,61,1,293
BRDA:506,62,0,0
BRDA:506,62,1,0
BRDA:508,63,0,0
BRDA:508,63,1,0
BRDA:510,64,0,0
BRDA:510,64,1,0
BRDA:517,65,0,0
BRDA:517,65,1,293
BRDA:517,66,0,293
BRDA:517,66,1,293
BRDA:517,66,2,293
BRDA:517,66,3,293
BRDA:526,67,0,0
BRDA:526,67,1,5
BRDA:526,68,0,5
BRDA:526,68,1,5
BRDA:537,69,0,5
BRDA:537,69,1,0
BRDA:537,70,0,5
BRDA:537,70,1,5
BRDA:538,71,0,5
BRDA:538,71,1,0
BRDA:572,72,0,261
BRDA:572,72,1,5
BRDA:575,73,0,266
BRDA:575,73,1,212
BRDA:575,73,2,60
BRDA:575,73,3,60
BRDA:579,74,0,6
BRDA:579,74,1,260
BRDA:596,75,0,0
BRDA:596,75,1,27
BRDA:600,76,0,6
BRDA:600,76,1,21
BRDA:602,77,0,6
BRDA:602,77,1,0
BRDA:605,78,0,6
BRDA:605,78,1,0
BRDA:614,79,0,5
BRDA:614,79,1,16
BRDA:614,80,0,21
BRDA:614,80,1,5
BRDA:617,81,0,5
BRDA:617,81,1,0
BRDA:621,82,0,11
BRDA:621,82,1,5
BRDA:621,83,0,16
BRDA:621,83,1,11
BRDA:643,84,0,6
BRDA:643,84,1,0
BRDA:657,85,0,0
BRDA:657,85,1,5
BRDA:668,86,0,0
BRDA:668,86,1,0
BRDA:673,87,0,0
BRDA:673,87,1,0
BRDA:684,88,0,0
BRDA:684,88,1,0
BRDA:685,89,0,0
BRDA:685,89,1,0
BRDA:691,90,0,0
BRDA:691,90,1,0
BRDA:696,91,0,0
BRDA:696,91,1,0
BRDA:700,92,0,0
BRDA:700,92,1,0
BRDA:704,93,0,0
BRDA:704,93,1,0
BRDA:712,94,0,0
BRDA:712,94,1,0
BRDA:712,95,0,0
BRDA:712,95,1,0
BRDA:712,95,2,0
BRDA:717,96,0,0
BRDA:717,96,1,0
BRDA:717,97,0,0
BRDA:717,97,1,0
BRDA:717,97,2,0
BRDA:737,98,0,0
BRDA:737,98,1,0
BRDA:739,99,0,0
BRDA:739,99,1,0
BRDA:739,100,0,0
BRDA:739,100,1,0
BRDA:739,100,2,0
BRDA:747,101,0,0
BRDA:747,101,1,0
BRDA:778,102,0,0
BRDA:778,102,1,0
BRDA:799,103,0,5
BRDA:799,103,1,0
BRDA:817,104,0,0
BRDA:817,104,1,5
BRDA:817,105,0,5
BRDA:817,105,1,0
BRDA:821,106,0,5
BRDA:821,106,1,0
BRDA:821,107,0,5
BRDA:821,107,1,5
BRDA:825,108,0,0
BRDA:825,108,1,0
BRDA:836,109,0,5
BRDA:836,109,1,0
BRDA:839,110,0,5
BRDA:839,110,1,0
BRDA:839,111,0,5
BRDA:839,111,1,5
BRDA:842,112,0,0
BRDA:842,112,1,5
BRDA:864,113,0,0
BRDA:864,113,1,0
BRDA:882,114,0,5
BRDA:882,114,1,0
BRDA:882,115,0,5
BRDA:882,115,1,5
BRDA:887,116,0,0
BRDA:887,116,1,0
BRDA:888,117,0,0
BRDA:888,117,1,0
BRDA:892,118,0,0
BRDA:892,118,1,0
BRDA:892,119,0,0
BRDA:892,119,1,0
BRDA:892,119,2,0
BRDA:894,120,0,0
BRDA:894,120,1,0
BRDA:894,121,0,0
BRDA:894,121,1,0
BRDA:894,121,2,0
BRDA:896,122,0,0
BRDA:896,122,1,0
BRDA:896,123,0,0
BRDA:896,123,1,0
BRDA:896,123,2,0
BRDA:898,124,0,0
BRDA:898,124,1,0
BRDA:898,125,0,0
BRDA:898,125,1,0
BRDA:913,126,0,6
BRDA:913,126,1,0
BRDA:914,127,0,6
BRDA:914,127,1,0
BRDA:921,128,0,0
BRDA:921,128,1,6
BRDA:922,129,0,0
BRDA:922,129,1,6
BRDA:923,130,0,0
BRDA:923,130,1,6
BRDA:925,131,0,6
BRDA:925,131,1,0
BRDA:937,132,0,0
BRDA:937,132,1,0
BRDA:941,133,0,0
BRDA:941,133,1,0
BRDA:945,134,0,0
BRDA:945,134,1,0
BRDA:954,135,0,0
BRDA:954,135,1,5
BRDA:957,136,0,0
BRDA:957,136,1,0
BRDA:958,137,0,0
BRDA:958,137,1,0
BRDA:1136,138,0,0
BRDA:1136,138,1,1
BRDA:1138,139,0,0
BRDA:1138,139,1,0
BRF:293
BRH:125
end_of_record
